[0.104s] [34mcolcon[0m [1;30mDEBUG[0m [32mCommand line arguments: ['/usr/bin/colcon', 'build'][0m
[0.105s] [34mcolcon[0m [1;30mDEBUG[0m [32mParsed command line arguments: Namespace(log_base=None, log_level=None, verb_name='build', build_base='build', install_base='install', merge_install=False, symlink_install=False, test_result_base=None, continue_on_error=False, executor='parallel', parallel_workers=12, event_handlers=None, ignore_user_meta=False, metas=['./colcon.meta'], base_paths=['.'], packages_ignore=None, packages_ignore_regex=None, paths=None, packages_up_to=None, packages_up_to_regex=None, packages_above=None, packages_above_and_dependencies=None, packages_above_depth=None, packages_select_by_dep=None, packages_skip_by_dep=None, packages_skip_up_to=None, packages_select_build_failed=False, packages_skip_build_finished=False, packages_select_test_failures=False, packages_skip_test_passed=False, packages_select=None, packages_skip=None, packages_select_regex=None, packages_skip_regex=None, packages_start=None, packages_end=None, allow_overriding=[], cmake_args=None, cmake_target=None, cmake_target_skip_unavailable=False, cmake_clean_cache=False, cmake_clean_first=False, cmake_force_configure=False, ament_cmake_args=None, catkin_cmake_args=None, catkin_skip_building_tests=False, mixin_files=None, mixin=None, verb_parser=<colcon_mixin.mixin.mixin_argument.MixinArgumentDecorator object at 0x7dff44dca7d0>, verb_extension=<colcon_core.verb.build.BuildVerb object at 0x7dff4555f5b0>, main=<bound method BuildVerb.main of <colcon_core.verb.build.BuildVerb object at 0x7dff4555f5b0>>, mixin_verb=('build',))[0m
[0.279s] [34mcolcon.colcon_core.package_discovery[0m [1;30mLevel 1[0m discover_packages(colcon_meta) check parameters
[0.279s] [34mcolcon.colcon_core.package_discovery[0m [1;30mLevel 1[0m discover_packages(recursive) check parameters
[0.279s] [34mcolcon.colcon_core.package_discovery[0m [1;30mLevel 1[0m discover_packages(ignore) check parameters
[0.279s] [34mcolcon.colcon_core.package_discovery[0m [1;30mLevel 1[0m discover_packages(path) check parameters
[0.279s] [34mcolcon.colcon_core.package_discovery[0m [1;30mLevel 1[0m discover_packages(colcon_meta) discover
[0.279s] [34mcolcon.colcon_core.package_discovery[0m [1;30mLevel 1[0m discover_packages(recursive) discover
[0.279s] [34mcolcon.colcon_core.package_discovery[0m [1;30mINFO[0m Crawling recursively for packages in '/home/sw/detection_ws'
[0.280s] [34mcolcon.colcon_core.package_identification[0m [1;30mLevel 1[0m _identify(.) by extensions ['ignore', 'ignore_ament_install']
[0.280s] [34mcolcon.colcon_core.package_identification[0m [1;30mLevel 1[0m _identify(.) by extension 'ignore'
[0.280s] [34mcolcon.colcon_core.package_identification[0m [1;30mLevel 1[0m _identify(.) by extension 'ignore_ament_install'
[0.280s] [34mcolcon.colcon_core.package_identification[0m [1;30mLevel 1[0m _identify(.) by extensions ['colcon_pkg']
[0.280s] [34mcolcon.colcon_core.package_identification[0m [1;30mLevel 1[0m _identify(.) by extension 'colcon_pkg'
[0.280s] [34mcolcon.colcon_core.package_identification[0m [1;30mLevel 1[0m _identify(.) by extensions ['colcon_meta']
[0.280s] [34mcolcon.colcon_core.package_identification[0m [1;30mLevel 1[0m _identify(.) by extension 'colcon_meta'
[0.280s] [34mcolcon.colcon_core.package_identification[0m [1;30mLevel 1[0m _identify(.) by extensions ['ros']
[0.280s] [34mcolcon.colcon_core.package_identification[0m [1;30mLevel 1[0m _identify(.) by extension 'ros'
[0.295s] [34mcolcon.colcon_core.package_identification[0m [1;30mLevel 1[0m _identify(.) by extensions ['cmake', 'python']
[0.295s] [34mcolcon.colcon_core.package_identification[0m [1;30mLevel 1[0m _identify(.) by extension 'cmake'
[0.295s] [34mcolcon.colcon_core.package_identification[0m [1;30mLevel 1[0m _identify(.) by extension 'python'
[0.295s] [34mcolcon.colcon_core.package_identification[0m [1;30mLevel 1[0m _identify(.) by extensions ['python_setup_py']
[0.295s] [34mcolcon.colcon_core.package_identification[0m [1;30mLevel 1[0m _identify(.) by extension 'python_setup_py'
[0.295s] [34mcolcon.colcon_core.package_identification[0m [1;30mLevel 1[0m _identify(build) by extensions ['ignore', 'ignore_ament_install']
[0.295s] [34mcolcon.colcon_core.package_identification[0m [1;30mLevel 1[0m _identify(build) by extension 'ignore'
[0.295s] [34mcolcon.colcon_core.package_identification[0m [1;30mLevel 1[0m _identify(build) ignored
[0.295s] [34mcolcon.colcon_core.package_identification[0m [1;30mLevel 1[0m _identify(install) by extensions ['ignore', 'ignore_ament_install']
[0.296s] [34mcolcon.colcon_core.package_identification[0m [1;30mLevel 1[0m _identify(install) by extension 'ignore'
[0.296s] [34mcolcon.colcon_core.package_identification[0m [1;30mLevel 1[0m _identify(install) ignored
[0.296s] [34mcolcon.colcon_core.package_identification[0m [1;30mLevel 1[0m _identify(log) by extensions ['ignore', 'ignore_ament_install']
[0.296s] [34mcolcon.colcon_core.package_identification[0m [1;30mLevel 1[0m _identify(log) by extension 'ignore'
[0.296s] [34mcolcon.colcon_core.package_identification[0m [1;30mLevel 1[0m _identify(log) ignored
[0.296s] [34mcolcon.colcon_core.package_identification[0m [1;30mLevel 1[0m _identify(src) by extensions ['ignore', 'ignore_ament_install']
[0.296s] [34mcolcon.colcon_core.package_identification[0m [1;30mLevel 1[0m _identify(src) by extension 'ignore'
[0.296s] [34mcolcon.colcon_core.package_identification[0m [1;30mLevel 1[0m _identify(src) by extension 'ignore_ament_install'
[0.296s] [34mcolcon.colcon_core.package_identification[0m [1;30mLevel 1[0m _identify(src) by extensions ['colcon_pkg']
[0.296s] [34mcolcon.colcon_core.package_identification[0m [1;30mLevel 1[0m _identify(src) by extension 'colcon_pkg'
[0.296s] [34mcolcon.colcon_core.package_identification[0m [1;30mLevel 1[0m _identify(src) by extensions ['colcon_meta']
[0.296s] [34mcolcon.colcon_core.package_identification[0m [1;30mLevel 1[0m _identify(src) by extension 'colcon_meta'
[0.296s] [34mcolcon.colcon_core.package_identification[0m [1;30mLevel 1[0m _identify(src) by extensions ['ros']
[0.296s] [34mcolcon.colcon_core.package_identification[0m [1;30mLevel 1[0m _identify(src) by extension 'ros'
[0.296s] [34mcolcon.colcon_core.package_identification[0m [1;30mLevel 1[0m _identify(src) by extensions ['cmake', 'python']
[0.296s] [34mcolcon.colcon_core.package_identification[0m [1;30mLevel 1[0m _identify(src) by extension 'cmake'
[0.296s] [34mcolcon.colcon_core.package_identification[0m [1;30mLevel 1[0m _identify(src) by extension 'python'
[0.296s] [34mcolcon.colcon_core.package_identification[0m [1;30mLevel 1[0m _identify(src) by extensions ['python_setup_py']
[0.296s] [34mcolcon.colcon_core.package_identification[0m [1;30mLevel 1[0m _identify(src) by extension 'python_setup_py'
[0.297s] [34mcolcon.colcon_core.package_identification[0m [1;30mLevel 1[0m _identify(src/yolov8_ros) by extensions ['ignore', 'ignore_ament_install']
[0.297s] [34mcolcon.colcon_core.package_identification[0m [1;30mLevel 1[0m _identify(src/yolov8_ros) by extension 'ignore'
[0.297s] [34mcolcon.colcon_core.package_identification[0m [1;30mLevel 1[0m _identify(src/yolov8_ros) by extension 'ignore_ament_install'
[0.297s] [34mcolcon.colcon_core.package_identification[0m [1;30mLevel 1[0m _identify(src/yolov8_ros) by extensions ['colcon_pkg']
[0.297s] [34mcolcon.colcon_core.package_identification[0m [1;30mLevel 1[0m _identify(src/yolov8_ros) by extension 'colcon_pkg'
[0.297s] [34mcolcon.colcon_core.package_identification[0m [1;30mLevel 1[0m _identify(src/yolov8_ros) by extensions ['colcon_meta']
[0.297s] [34mcolcon.colcon_core.package_identification[0m [1;30mLevel 1[0m _identify(src/yolov8_ros) by extension 'colcon_meta'
[0.297s] [34mcolcon.colcon_core.package_identification[0m [1;30mLevel 1[0m _identify(src/yolov8_ros) by extensions ['ros']
[0.297s] [34mcolcon.colcon_core.package_identification[0m [1;30mLevel 1[0m _identify(src/yolov8_ros) by extension 'ros'
[0.297s] [34mcolcon.colcon_core.package_identification[0m [1;30mLevel 1[0m _identify(src/yolov8_ros) by extensions ['cmake', 'python']
[0.297s] [34mcolcon.colcon_core.package_identification[0m [1;30mLevel 1[0m _identify(src/yolov8_ros) by extension 'cmake'
[0.297s] [34mcolcon.colcon_core.package_identification[0m [1;30mLevel 1[0m _identify(src/yolov8_ros) by extension 'python'
[0.297s] [34mcolcon.colcon_core.package_identification[0m [1;30mLevel 1[0m _identify(src/yolov8_ros) by extensions ['python_setup_py']
[0.297s] [34mcolcon.colcon_core.package_identification[0m [1;30mLevel 1[0m _identify(src/yolov8_ros) by extension 'python_setup_py'
[0.297s] [34mcolcon.colcon_core.package_identification[0m [1;30mLevel 1[0m _identify(src/yolov8_ros/docs) by extensions ['ignore', 'ignore_ament_install']
[0.297s] [34mcolcon.colcon_core.package_identification[0m [1;30mLevel 1[0m _identify(src/yolov8_ros/docs) by extension 'ignore'
[0.297s] [34mcolcon.colcon_core.package_identification[0m [1;30mLevel 1[0m _identify(src/yolov8_ros/docs) by extension 'ignore_ament_install'
[0.297s] [34mcolcon.colcon_core.package_identification[0m [1;30mLevel 1[0m _identify(src/yolov8_ros/docs) by extensions ['colcon_pkg']
[0.298s] [34mcolcon.colcon_core.package_identification[0m [1;30mLevel 1[0m _identify(src/yolov8_ros/docs) by extension 'colcon_pkg'
[0.298s] [34mcolcon.colcon_core.package_identification[0m [1;30mLevel 1[0m _identify(src/yolov8_ros/docs) by extensions ['colcon_meta']
[0.298s] [34mcolcon.colcon_core.package_identification[0m [1;30mLevel 1[0m _identify(src/yolov8_ros/docs) by extension 'colcon_meta'
[0.298s] [34mcolcon.colcon_core.package_identification[0m [1;30mLevel 1[0m _identify(src/yolov8_ros/docs) by extensions ['ros']
[0.298s] [34mcolcon.colcon_core.package_identification[0m [1;30mLevel 1[0m _identify(src/yolov8_ros/docs) by extension 'ros'
[0.298s] [34mcolcon.colcon_core.package_identification[0m [1;30mLevel 1[0m _identify(src/yolov8_ros/docs) by extensions ['cmake', 'python']
[0.298s] [34mcolcon.colcon_core.package_identification[0m [1;30mLevel 1[0m _identify(src/yolov8_ros/docs) by extension 'cmake'
[0.298s] [34mcolcon.colcon_core.package_identification[0m [1;30mLevel 1[0m _identify(src/yolov8_ros/docs) by extension 'python'
[0.298s] [34mcolcon.colcon_core.package_identification[0m [1;30mLevel 1[0m _identify(src/yolov8_ros/docs) by extensions ['python_setup_py']
[0.298s] [34mcolcon.colcon_core.package_identification[0m [1;30mLevel 1[0m _identify(src/yolov8_ros/docs) by extension 'python_setup_py'
[0.298s] [34mcolcon.colcon_core.package_identification[0m [1;30mLevel 1[0m _identify(src/yolov8_ros/include) by extensions ['ignore', 'ignore_ament_install']
[0.298s] [34mcolcon.colcon_core.package_identification[0m [1;30mLevel 1[0m _identify(src/yolov8_ros/include) by extension 'ignore'
[0.298s] [34mcolcon.colcon_core.package_identification[0m [1;30mLevel 1[0m _identify(src/yolov8_ros/include) by extension 'ignore_ament_install'
[0.298s] [34mcolcon.colcon_core.package_identification[0m [1;30mLevel 1[0m _identify(src/yolov8_ros/include) by extensions ['colcon_pkg']
[0.298s] [34mcolcon.colcon_core.package_identification[0m [1;30mLevel 1[0m _identify(src/yolov8_ros/include) by extension 'colcon_pkg'
[0.298s] [34mcolcon.colcon_core.package_identification[0m [1;30mLevel 1[0m _identify(src/yolov8_ros/include) by extensions ['colcon_meta']
[0.298s] [34mcolcon.colcon_core.package_identification[0m [1;30mLevel 1[0m _identify(src/yolov8_ros/include) by extension 'colcon_meta'
[0.298s] [34mcolcon.colcon_core.package_identification[0m [1;30mLevel 1[0m _identify(src/yolov8_ros/include) by extensions ['ros']
[0.298s] [34mcolcon.colcon_core.package_identification[0m [1;30mLevel 1[0m _identify(src/yolov8_ros/include) by extension 'ros'
[0.298s] [34mcolcon.colcon_core.package_identification[0m [1;30mLevel 1[0m _identify(src/yolov8_ros/include) by extensions ['cmake', 'python']
[0.298s] [34mcolcon.colcon_core.package_identification[0m [1;30mLevel 1[0m _identify(src/yolov8_ros/include) by extension 'cmake'
[0.299s] [34mcolcon.colcon_core.package_identification[0m [1;30mLevel 1[0m _identify(src/yolov8_ros/include) by extension 'python'
[0.299s] [34mcolcon.colcon_core.package_identification[0m [1;30mLevel 1[0m _identify(src/yolov8_ros/include) by extensions ['python_setup_py']
[0.299s] [34mcolcon.colcon_core.package_identification[0m [1;30mLevel 1[0m _identify(src/yolov8_ros/include) by extension 'python_setup_py'
[0.299s] [34mcolcon.colcon_core.package_identification[0m [1;30mLevel 1[0m _identify(src/yolov8_ros/yolov8_bringup) by extensions ['ignore', 'ignore_ament_install']
[0.299s] [34mcolcon.colcon_core.package_identification[0m [1;30mLevel 1[0m _identify(src/yolov8_ros/yolov8_bringup) by extension 'ignore'
[0.299s] [34mcolcon.colcon_core.package_identification[0m [1;30mLevel 1[0m _identify(src/yolov8_ros/yolov8_bringup) by extension 'ignore_ament_install'
[0.299s] [34mcolcon.colcon_core.package_identification[0m [1;30mLevel 1[0m _identify(src/yolov8_ros/yolov8_bringup) by extensions ['colcon_pkg']
[0.299s] [34mcolcon.colcon_core.package_identification[0m [1;30mLevel 1[0m _identify(src/yolov8_ros/yolov8_bringup) by extension 'colcon_pkg'
[0.299s] [34mcolcon.colcon_core.package_identification[0m [1;30mLevel 1[0m _identify(src/yolov8_ros/yolov8_bringup) by extensions ['colcon_meta']
[0.299s] [34mcolcon.colcon_core.package_identification[0m [1;30mLevel 1[0m _identify(src/yolov8_ros/yolov8_bringup) by extension 'colcon_meta'
[0.299s] [34mcolcon.colcon_core.package_identification[0m [1;30mLevel 1[0m _identify(src/yolov8_ros/yolov8_bringup) by extensions ['ros']
[0.299s] [34mcolcon.colcon_core.package_identification[0m [1;30mLevel 1[0m _identify(src/yolov8_ros/yolov8_bringup) by extension 'ros'
[0.301s] [34mcolcon.colcon_core.package_identification[0m [1;30mDEBUG[0m [32mPackage 'src/yolov8_ros/yolov8_bringup' with type 'ros.ament_cmake' and name 'yolov8_bringup'[0m
[0.301s] [34mcolcon.colcon_core.package_identification[0m [1;30mLevel 1[0m _identify(src/yolov8_ros/yolov8_msgs) by extensions ['ignore', 'ignore_ament_install']
[0.301s] [34mcolcon.colcon_core.package_identification[0m [1;30mLevel 1[0m _identify(src/yolov8_ros/yolov8_msgs) by extension 'ignore'
[0.301s] [34mcolcon.colcon_core.package_identification[0m [1;30mLevel 1[0m _identify(src/yolov8_ros/yolov8_msgs) by extension 'ignore_ament_install'
[0.301s] [34mcolcon.colcon_core.package_identification[0m [1;30mLevel 1[0m _identify(src/yolov8_ros/yolov8_msgs) by extensions ['colcon_pkg']
[0.301s] [34mcolcon.colcon_core.package_identification[0m [1;30mLevel 1[0m _identify(src/yolov8_ros/yolov8_msgs) by extension 'colcon_pkg'
[0.302s] [34mcolcon.colcon_core.package_identification[0m [1;30mLevel 1[0m _identify(src/yolov8_ros/yolov8_msgs) by extensions ['colcon_meta']
[0.302s] [34mcolcon.colcon_core.package_identification[0m [1;30mLevel 1[0m _identify(src/yolov8_ros/yolov8_msgs) by extension 'colcon_meta'
[0.302s] [34mcolcon.colcon_core.package_identification[0m [1;30mLevel 1[0m _identify(src/yolov8_ros/yolov8_msgs) by extensions ['ros']
[0.302s] [34mcolcon.colcon_core.package_identification[0m [1;30mLevel 1[0m _identify(src/yolov8_ros/yolov8_msgs) by extension 'ros'
[0.302s] [34mcolcon.colcon_core.package_identification[0m [1;30mDEBUG[0m [32mPackage 'src/yolov8_ros/yolov8_msgs' with type 'ros.ament_cmake' and name 'yolov8_msgs'[0m
[0.302s] [34mcolcon.colcon_core.package_identification[0m [1;30mLevel 1[0m _identify(src/yolov8_ros/yolov8_ros) by extensions ['ignore', 'ignore_ament_install']
[0.302s] [34mcolcon.colcon_core.package_identification[0m [1;30mLevel 1[0m _identify(src/yolov8_ros/yolov8_ros) by extension 'ignore'
[0.302s] [34mcolcon.colcon_core.package_identification[0m [1;30mLevel 1[0m _identify(src/yolov8_ros/yolov8_ros) by extension 'ignore_ament_install'
[0.303s] [34mcolcon.colcon_core.package_identification[0m [1;30mLevel 1[0m _identify(src/yolov8_ros/yolov8_ros) by extensions ['colcon_pkg']
[0.303s] [34mcolcon.colcon_core.package_identification[0m [1;30mLevel 1[0m _identify(src/yolov8_ros/yolov8_ros) by extension 'colcon_pkg'
[0.303s] [34mcolcon.colcon_core.package_identification[0m [1;30mLevel 1[0m _identify(src/yolov8_ros/yolov8_ros) by extensions ['colcon_meta']
[0.303s] [34mcolcon.colcon_core.package_identification[0m [1;30mLevel 1[0m _identify(src/yolov8_ros/yolov8_ros) by extension 'colcon_meta'
[0.303s] [34mcolcon.colcon_core.package_identification[0m [1;30mLevel 1[0m _identify(src/yolov8_ros/yolov8_ros) by extensions ['ros']
[0.303s] [34mcolcon.colcon_core.package_identification[0m [1;30mLevel 1[0m _identify(src/yolov8_ros/yolov8_ros) by extension 'ros'
[0.303s] [34mcolcon.colcon_core.package_identification[0m [1;30mDEBUG[0m [32mPackage 'src/yolov8_ros/yolov8_ros' with type 'ros.ament_python' and name 'yolov8_ros'[0m
[0.303s] [34mcolcon.colcon_core.package_discovery[0m [1;30mLevel 1[0m discover_packages(recursive) using defaults
[0.303s] [34mcolcon.colcon_core.package_discovery[0m [1;30mLevel 1[0m discover_packages(ignore) discover
[0.304s] [34mcolcon.colcon_core.package_discovery[0m [1;30mLevel 1[0m discover_packages(ignore) using defaults
[0.304s] [34mcolcon.colcon_core.package_discovery[0m [1;30mLevel 1[0m discover_packages(path) discover
[0.304s] [34mcolcon.colcon_core.package_discovery[0m [1;30mLevel 1[0m discover_packages(path) using defaults
[0.316s] [34mcolcon.colcon_core.package_discovery[0m [1;30mLevel 1[0m discover_packages(prefix_path) check parameters
[0.316s] [34mcolcon.colcon_core.package_discovery[0m [1;30mLevel 1[0m discover_packages(prefix_path) discover
[0.318s] [34mcolcon.colcon_installed_package_information.package_discovery[0m [1;30mDEBUG[0m [32mFound 3 installed packages in /home/sw/detection_ws/install[0m
[0.319s] [34mcolcon.colcon_installed_package_information.package_discovery[0m [1;30mDEBUG[0m [32mFound 271 installed packages in /opt/ros/humble[0m
[0.320s] [34mcolcon.colcon_core.package_discovery[0m [1;30mLevel 1[0m discover_packages(prefix_path) using defaults
[0.350s] [34mcolcon.colcon_core.verb[0m [1;30mLevel 5[0m set package 'yolov8_msgs' build argument 'cmake_args' from command line to 'None'
[0.350s] [34mcolcon.colcon_core.verb[0m [1;30mLevel 5[0m set package 'yolov8_msgs' build argument 'cmake_target' from command line to 'None'
[0.350s] [34mcolcon.colcon_core.verb[0m [1;30mLevel 5[0m set package 'yolov8_msgs' build argument 'cmake_target_skip_unavailable' from command line to 'False'
[0.350s] [34mcolcon.colcon_core.verb[0m [1;30mLevel 5[0m set package 'yolov8_msgs' build argument 'cmake_clean_cache' from command line to 'False'
[0.350s] [34mcolcon.colcon_core.verb[0m [1;30mLevel 5[0m set package 'yolov8_msgs' build argument 'cmake_clean_first' from command line to 'False'
[0.350s] [34mcolcon.colcon_core.verb[0m [1;30mLevel 5[0m set package 'yolov8_msgs' build argument 'cmake_force_configure' from command line to 'False'
[0.350s] [34mcolcon.colcon_core.verb[0m [1;30mLevel 5[0m set package 'yolov8_msgs' build argument 'ament_cmake_args' from command line to 'None'
[0.350s] [34mcolcon.colcon_core.verb[0m [1;30mLevel 5[0m set package 'yolov8_msgs' build argument 'catkin_cmake_args' from command line to 'None'
[0.350s] [34mcolcon.colcon_core.verb[0m [1;30mLevel 5[0m set package 'yolov8_msgs' build argument 'catkin_skip_building_tests' from command line to 'False'
[0.350s] [34mcolcon.colcon_core.verb[0m [1;30mDEBUG[0m [32mBuilding package 'yolov8_msgs' with the following arguments: {'ament_cmake_args': None, 'build_base': '/home/sw/detection_ws/build/yolov8_msgs', 'catkin_cmake_args': None, 'catkin_skip_building_tests': False, 'cmake_args': None, 'cmake_clean_cache': False, 'cmake_clean_first': False, 'cmake_force_configure': False, 'cmake_target': None, 'cmake_target_skip_unavailable': False, 'install_base': '/home/sw/detection_ws/install/yolov8_msgs', 'merge_install': False, 'path': '/home/sw/detection_ws/src/yolov8_ros/yolov8_msgs', 'symlink_install': False, 'test_result_base': None}[0m
[0.351s] [34mcolcon.colcon_core.verb[0m [1;30mLevel 5[0m set package 'yolov8_ros' build argument 'cmake_args' from command line to 'None'
[0.351s] [34mcolcon.colcon_core.verb[0m [1;30mLevel 5[0m set package 'yolov8_ros' build argument 'cmake_target' from command line to 'None'
[0.351s] [34mcolcon.colcon_core.verb[0m [1;30mLevel 5[0m set package 'yolov8_ros' build argument 'cmake_target_skip_unavailable' from command line to 'False'
[0.351s] [34mcolcon.colcon_core.verb[0m [1;30mLevel 5[0m set package 'yolov8_ros' build argument 'cmake_clean_cache' from command line to 'False'
[0.351s] [34mcolcon.colcon_core.verb[0m [1;30mLevel 5[0m set package 'yolov8_ros' build argument 'cmake_clean_first' from command line to 'False'
[0.351s] [34mcolcon.colcon_core.verb[0m [1;30mLevel 5[0m set package 'yolov8_ros' build argument 'cmake_force_configure' from command line to 'False'
[0.351s] [34mcolcon.colcon_core.verb[0m [1;30mLevel 5[0m set package 'yolov8_ros' build argument 'ament_cmake_args' from command line to 'None'
[0.351s] [34mcolcon.colcon_core.verb[0m [1;30mLevel 5[0m set package 'yolov8_ros' build argument 'catkin_cmake_args' from command line to 'None'
[0.351s] [34mcolcon.colcon_core.verb[0m [1;30mLevel 5[0m set package 'yolov8_ros' build argument 'catkin_skip_building_tests' from command line to 'False'
[0.351s] [34mcolcon.colcon_core.verb[0m [1;30mDEBUG[0m [32mBuilding package 'yolov8_ros' with the following arguments: {'ament_cmake_args': None, 'build_base': '/home/sw/detection_ws/build/yolov8_ros', 'catkin_cmake_args': None, 'catkin_skip_building_tests': False, 'cmake_args': None, 'cmake_clean_cache': False, 'cmake_clean_first': False, 'cmake_force_configure': False, 'cmake_target': None, 'cmake_target_skip_unavailable': False, 'install_base': '/home/sw/detection_ws/install/yolov8_ros', 'merge_install': False, 'path': '/home/sw/detection_ws/src/yolov8_ros/yolov8_ros', 'symlink_install': False, 'test_result_base': None}[0m
[0.351s] [34mcolcon.colcon_core.verb[0m [1;30mLevel 5[0m set package 'yolov8_bringup' build argument 'cmake_args' from command line to 'None'
[0.351s] [34mcolcon.colcon_core.verb[0m [1;30mLevel 5[0m set package 'yolov8_bringup' build argument 'cmake_target' from command line to 'None'
[0.351s] [34mcolcon.colcon_core.verb[0m [1;30mLevel 5[0m set package 'yolov8_bringup' build argument 'cmake_target_skip_unavailable' from command line to 'False'
[0.351s] [34mcolcon.colcon_core.verb[0m [1;30mLevel 5[0m set package 'yolov8_bringup' build argument 'cmake_clean_cache' from command line to 'False'
[0.351s] [34mcolcon.colcon_core.verb[0m [1;30mLevel 5[0m set package 'yolov8_bringup' build argument 'cmake_clean_first' from command line to 'False'
[0.351s] [34mcolcon.colcon_core.verb[0m [1;30mLevel 5[0m set package 'yolov8_bringup' build argument 'cmake_force_configure' from command line to 'False'
[0.351s] [34mcolcon.colcon_core.verb[0m [1;30mLevel 5[0m set package 'yolov8_bringup' build argument 'ament_cmake_args' from command line to 'None'
[0.351s] [34mcolcon.colcon_core.verb[0m [1;30mLevel 5[0m set package 'yolov8_bringup' build argument 'catkin_cmake_args' from command line to 'None'
[0.351s] [34mcolcon.colcon_core.verb[0m [1;30mLevel 5[0m set package 'yolov8_bringup' build argument 'catkin_skip_building_tests' from command line to 'False'
[0.351s] [34mcolcon.colcon_core.verb[0m [1;30mDEBUG[0m [32mBuilding package 'yolov8_bringup' with the following arguments: {'ament_cmake_args': None, 'build_base': '/home/sw/detection_ws/build/yolov8_bringup', 'catkin_cmake_args': None, 'catkin_skip_building_tests': False, 'cmake_args': None, 'cmake_clean_cache': False, 'cmake_clean_first': False, 'cmake_force_configure': False, 'cmake_target': None, 'cmake_target_skip_unavailable': False, 'install_base': '/home/sw/detection_ws/install/yolov8_bringup', 'merge_install': False, 'path': '/home/sw/detection_ws/src/yolov8_ros/yolov8_bringup', 'symlink_install': False, 'test_result_base': None}[0m
[0.352s] [34mcolcon.colcon_core.executor[0m [1;30mINFO[0m Executing jobs using 'parallel' executor
[0.352s] [34mcolcon.colcon_parallel_executor.executor.parallel[0m [1;30mDEBUG[0m [32mrun_until_complete[0m
[0.353s] [34mcolcon.colcon_ros.task.ament_cmake.build[0m [1;30mINFO[0m Building ROS package in '/home/sw/detection_ws/src/yolov8_ros/yolov8_msgs' with build type 'ament_cmake'
[0.353s] [34mcolcon.colcon_cmake.task.cmake.build[0m [1;30mINFO[0m Building CMake package in '/home/sw/detection_ws/src/yolov8_ros/yolov8_msgs'
[0.355s] [34mcolcon.colcon_core.plugin_system[0m [1;30mINFO[0m Skipping extension 'colcon_core.shell.bat': Not used on non-Windows systems
[0.355s] [34mcolcon.colcon_core.shell[0m [1;30mINFO[0m Skip shell extension 'powershell' for command environment: Not usable outside of PowerShell
[0.355s] [34mcolcon.colcon_core.shell[0m [1;30mDEBUG[0m [32mSkip shell extension 'dsv' for command environment[0m
[0.363s] [34mcolcon.colcon_core.event_handler.log_command[0m [1;30mDEBUG[0m [32mInvoking command in '/home/sw/detection_ws/build/yolov8_msgs': CMAKE_PREFIX_PATH=${CMAKE_PREFIX_PATH}:/home/sw/detection_ws/install/yolov8_ros:/opt/ros/humble /usr/bin/cmake --build /home/sw/detection_ws/build/yolov8_msgs -- -j12 -l12[0m
[0.763s] [34mcolcon.colcon_core.event_handler.log_command[0m [1;30mDEBUG[0m [32mInvoked command in '/home/sw/detection_ws/build/yolov8_msgs' returned '0': CMAKE_PREFIX_PATH=${CMAKE_PREFIX_PATH}:/home/sw/detection_ws/install/yolov8_ros:/opt/ros/humble /usr/bin/cmake --build /home/sw/detection_ws/build/yolov8_msgs -- -j12 -l12[0m
[1.308s] [34mcolcon.colcon_core.event_handler.log_command[0m [1;30mDEBUG[0m [32mInvoking command in '/home/sw/detection_ws/build/yolov8_msgs': CMAKE_PREFIX_PATH=${CMAKE_PREFIX_PATH}:/home/sw/detection_ws/install/yolov8_ros:/opt/ros/humble /usr/bin/cmake --install /home/sw/detection_ws/build/yolov8_msgs[0m
[1.378s] [34mcolcon.colcon_core.environment[0m [1;30mLevel 1[0m create_environment_scripts_only(yolov8_msgs)
[1.378s] [34mcolcon.colcon_core.event_handler.log_command[0m [1;30mDEBUG[0m [32mInvoked command in '/home/sw/detection_ws/build/yolov8_msgs' returned '0': CMAKE_PREFIX_PATH=${CMAKE_PREFIX_PATH}:/home/sw/detection_ws/install/yolov8_ros:/opt/ros/humble /usr/bin/cmake --install /home/sw/detection_ws/build/yolov8_msgs[0m
[1.380s] [34mcolcon.colcon_core.environment[0m [1;30mLevel 1[0m checking '/home/sw/detection_ws/install/yolov8_msgs' for CMake module files
[1.381s] [34mcolcon.colcon_core.environment[0m [1;30mLevel 1[0m checking '/home/sw/detection_ws/install/yolov8_msgs' for CMake config files
[1.381s] [34mcolcon.colcon_core.shell[0m [1;30mLevel 1[0m create_environment_hook('yolov8_msgs', 'cmake_prefix_path')
[1.381s] [34mcolcon.colcon_core.shell[0m [1;30mINFO[0m Creating environment hook '/home/sw/detection_ws/install/yolov8_msgs/share/yolov8_msgs/hook/cmake_prefix_path.ps1'
[1.382s] [34mcolcon.colcon_core.shell[0m [1;30mINFO[0m Creating environment descriptor '/home/sw/detection_ws/install/yolov8_msgs/share/yolov8_msgs/hook/cmake_prefix_path.dsv'
[1.383s] [34mcolcon.colcon_core.shell[0m [1;30mINFO[0m Creating environment hook '/home/sw/detection_ws/install/yolov8_msgs/share/yolov8_msgs/hook/cmake_prefix_path.sh'
[1.384s] [34mcolcon.colcon_core.environment[0m [1;30mLevel 1[0m checking '/home/sw/detection_ws/install/yolov8_msgs/lib'
[1.384s] [34mcolcon.colcon_core.shell[0m [1;30mLevel 1[0m create_environment_hook('yolov8_msgs', 'ld_library_path_lib')
[1.384s] [34mcolcon.colcon_core.shell[0m [1;30mINFO[0m Creating environment hook '/home/sw/detection_ws/install/yolov8_msgs/share/yolov8_msgs/hook/ld_library_path_lib.ps1'
[1.384s] [34mcolcon.colcon_core.shell[0m [1;30mINFO[0m Creating environment descriptor '/home/sw/detection_ws/install/yolov8_msgs/share/yolov8_msgs/hook/ld_library_path_lib.dsv'
[1.384s] [34mcolcon.colcon_core.shell[0m [1;30mINFO[0m Creating environment hook '/home/sw/detection_ws/install/yolov8_msgs/share/yolov8_msgs/hook/ld_library_path_lib.sh'
[1.385s] [34mcolcon.colcon_core.environment[0m [1;30mLevel 1[0m checking '/home/sw/detection_ws/install/yolov8_msgs/bin'
[1.385s] [34mcolcon.colcon_core.environment[0m [1;30mLevel 1[0m checking '/home/sw/detection_ws/install/yolov8_msgs/lib/pkgconfig/yolov8_msgs.pc'
[1.385s] [34mcolcon.colcon_core.environment[0m [1;30mLevel 1[0m checking '/home/sw/detection_ws/install/yolov8_msgs/lib/python3.10/site-packages'
[1.385s] [34mcolcon.colcon_core.environment[0m [1;30mLevel 1[0m checking '/home/sw/detection_ws/install/yolov8_msgs/bin'
[1.386s] [34mcolcon.colcon_core.shell[0m [1;30mINFO[0m Creating package script '/home/sw/detection_ws/install/yolov8_msgs/share/yolov8_msgs/package.ps1'
[1.386s] [34mcolcon.colcon_core.shell[0m [1;30mINFO[0m Creating package descriptor '/home/sw/detection_ws/install/yolov8_msgs/share/yolov8_msgs/package.dsv'
[1.387s] [34mcolcon.colcon_core.shell[0m [1;30mINFO[0m Creating package script '/home/sw/detection_ws/install/yolov8_msgs/share/yolov8_msgs/package.sh'
[1.387s] [34mcolcon.colcon_core.shell[0m [1;30mINFO[0m Creating package script '/home/sw/detection_ws/install/yolov8_msgs/share/yolov8_msgs/package.bash'
[1.388s] [34mcolcon.colcon_core.shell[0m [1;30mINFO[0m Creating package script '/home/sw/detection_ws/install/yolov8_msgs/share/yolov8_msgs/package.zsh'
[1.389s] [34mcolcon.colcon_core.environment[0m [1;30mLevel 1[0m create_file_with_runtime_dependencies(/home/sw/detection_ws/install/yolov8_msgs/share/colcon-core/packages/yolov8_msgs)
[1.897s] [34mcolcon.colcon_core.environment[0m [1;30mLevel 1[0m create_environment_scripts_only(yolov8_msgs)
[1.898s] [34mcolcon.colcon_core.environment[0m [1;30mLevel 1[0m checking '/home/sw/detection_ws/install/yolov8_msgs' for CMake module files
[1.901s] [34mcolcon.colcon_core.environment[0m [1;30mLevel 1[0m checking '/home/sw/detection_ws/install/yolov8_msgs' for CMake config files
[1.902s] [34mcolcon.colcon_core.shell[0m [1;30mLevel 1[0m create_environment_hook('yolov8_msgs', 'cmake_prefix_path')
[1.903s] [34mcolcon.colcon_core.shell[0m [1;30mINFO[0m Creating environment hook '/home/sw/detection_ws/install/yolov8_msgs/share/yolov8_msgs/hook/cmake_prefix_path.ps1'
[1.905s] [34mcolcon.colcon_core.shell[0m [1;30mINFO[0m Creating environment descriptor '/home/sw/detection_ws/install/yolov8_msgs/share/yolov8_msgs/hook/cmake_prefix_path.dsv'
[1.906s] [34mcolcon.colcon_core.shell[0m [1;30mINFO[0m Creating environment hook '/home/sw/detection_ws/install/yolov8_msgs/share/yolov8_msgs/hook/cmake_prefix_path.sh'
[1.908s] [34mcolcon.colcon_core.environment[0m [1;30mLevel 1[0m checking '/home/sw/detection_ws/install/yolov8_msgs/lib'
[1.908s] [34mcolcon.colcon_core.shell[0m [1;30mLevel 1[0m create_environment_hook('yolov8_msgs', 'ld_library_path_lib')
[1.909s] [34mcolcon.colcon_core.shell[0m [1;30mINFO[0m Creating environment hook '/home/sw/detection_ws/install/yolov8_msgs/share/yolov8_msgs/hook/ld_library_path_lib.ps1'
[1.910s] [34mcolcon.colcon_core.shell[0m [1;30mINFO[0m Creating environment descriptor '/home/sw/detection_ws/install/yolov8_msgs/share/yolov8_msgs/hook/ld_library_path_lib.dsv'
[1.911s] [34mcolcon.colcon_core.shell[0m [1;30mINFO[0m Creating environment hook '/home/sw/detection_ws/install/yolov8_msgs/share/yolov8_msgs/hook/ld_library_path_lib.sh'
[1.913s] [34mcolcon.colcon_core.environment[0m [1;30mLevel 1[0m checking '/home/sw/detection_ws/install/yolov8_msgs/bin'
[1.913s] [34mcolcon.colcon_core.environment[0m [1;30mLevel 1[0m checking '/home/sw/detection_ws/install/yolov8_msgs/lib/pkgconfig/yolov8_msgs.pc'
[1.914s] [34mcolcon.colcon_core.environment[0m [1;30mLevel 1[0m checking '/home/sw/detection_ws/install/yolov8_msgs/lib/python3.10/site-packages'
[1.914s] [34mcolcon.colcon_core.environment[0m [1;30mLevel 1[0m checking '/home/sw/detection_ws/install/yolov8_msgs/bin'
[1.915s] [34mcolcon.colcon_core.shell[0m [1;30mINFO[0m Creating package script '/home/sw/detection_ws/install/yolov8_msgs/share/yolov8_msgs/package.ps1'
[1.916s] [34mcolcon.colcon_core.shell[0m [1;30mINFO[0m Creating package descriptor '/home/sw/detection_ws/install/yolov8_msgs/share/yolov8_msgs/package.dsv'
[1.918s] [34mcolcon.colcon_core.shell[0m [1;30mINFO[0m Creating package script '/home/sw/detection_ws/install/yolov8_msgs/share/yolov8_msgs/package.sh'
[1.919s] [34mcolcon.colcon_core.shell[0m [1;30mINFO[0m Creating package script '/home/sw/detection_ws/install/yolov8_msgs/share/yolov8_msgs/package.bash'
[1.920s] [34mcolcon.colcon_core.shell[0m [1;30mINFO[0m Creating package script '/home/sw/detection_ws/install/yolov8_msgs/share/yolov8_msgs/package.zsh'
[1.920s] [34mcolcon.colcon_core.environment[0m [1;30mLevel 1[0m create_file_with_runtime_dependencies(/home/sw/detection_ws/install/yolov8_msgs/share/colcon-core/packages/yolov8_msgs)
[1.921s] [34mcolcon.colcon_ros.task.ament_python.build[0m [1;30mINFO[0m Building ROS package in '/home/sw/detection_ws/src/yolov8_ros/yolov8_ros' with build type 'ament_python'
[1.921s] [34mcolcon.colcon_core.shell[0m [1;30mLevel 1[0m create_environment_hook('yolov8_ros', 'ament_prefix_path')
[1.921s] [34mcolcon.colcon_core.shell[0m [1;30mINFO[0m Creating environment hook '/home/sw/detection_ws/install/yolov8_ros/share/yolov8_ros/hook/ament_prefix_path.ps1'
[1.923s] [34mcolcon.colcon_core.shell[0m [1;30mINFO[0m Creating environment descriptor '/home/sw/detection_ws/install/yolov8_ros/share/yolov8_ros/hook/ament_prefix_path.dsv'
[1.924s] [34mcolcon.colcon_core.shell[0m [1;30mINFO[0m Creating environment hook '/home/sw/detection_ws/install/yolov8_ros/share/yolov8_ros/hook/ament_prefix_path.sh'
[1.924s] [34mcolcon.colcon_core.shell[0m [1;30mINFO[0m Skip shell extension 'powershell' for command environment: Not usable outside of PowerShell
[1.924s] [34mcolcon.colcon_core.shell[0m [1;30mDEBUG[0m [32mSkip shell extension 'dsv' for command environment[0m
[2.221s] [34mcolcon.colcon_core.task.python.build[0m [1;30mINFO[0m Building Python package in '/home/sw/detection_ws/src/yolov8_ros/yolov8_ros'
[2.221s] [34mcolcon.colcon_core.shell[0m [1;30mINFO[0m Skip shell extension 'powershell' for command environment: Not usable outside of PowerShell
[2.221s] [34mcolcon.colcon_core.shell[0m [1;30mDEBUG[0m [32mSkip shell extension 'dsv' for command environment[0m
[2.618s] [34mcolcon.colcon_core.event_handler.log_command[0m [1;30mDEBUG[0m [32mInvoking command in '/home/sw/detection_ws/src/yolov8_ros/yolov8_ros': CMAKE_PREFIX_PATH=/home/sw/detection_ws/install/yolov8_msgs:/home/sw/detection_ws/install/yolov8_bringup LD_LIBRARY_PATH=/home/sw/detection_ws/install/yolov8_msgs/lib:/opt/ros/humble/opt/rviz_ogre_vendor/lib:/opt/ros/humble/lib/x86_64-linux-gnu:/opt/ros/humble/lib:/usr/local/lib/:/usr/local/lib/ PYTHONPATH=/home/sw/detection_ws/build/yolov8_ros/prefix_override:/usr/lib/python3/dist-packages/colcon_core/task/python/colcon_distutils_commands:/home/sw/detection_ws/install/yolov8_ros/lib/python3.10/site-packages:${PYTHONPATH} /usr/bin/python3 -W ignore:setup.py install is deprecated setup.py egg_info --egg-base ../../../build/yolov8_ros build --build-base /home/sw/detection_ws/build/yolov8_ros/build install --record /home/sw/detection_ws/build/yolov8_ros/install.log --single-version-externally-managed install_data[0m
[2.915s] [34mcolcon.colcon_core.environment[0m [1;30mLevel 1[0m checking '/home/sw/detection_ws/install/yolov8_ros' for CMake module files
[2.915s] [34mcolcon.colcon_core.event_handler.log_command[0m [1;30mDEBUG[0m [32mInvoked command in '/home/sw/detection_ws/src/yolov8_ros/yolov8_ros' returned '0': CMAKE_PREFIX_PATH=/home/sw/detection_ws/install/yolov8_msgs:/home/sw/detection_ws/install/yolov8_bringup LD_LIBRARY_PATH=/home/sw/detection_ws/install/yolov8_msgs/lib:/opt/ros/humble/opt/rviz_ogre_vendor/lib:/opt/ros/humble/lib/x86_64-linux-gnu:/opt/ros/humble/lib:/usr/local/lib/:/usr/local/lib/ PYTHONPATH=/home/sw/detection_ws/build/yolov8_ros/prefix_override:/usr/lib/python3/dist-packages/colcon_core/task/python/colcon_distutils_commands:/home/sw/detection_ws/install/yolov8_ros/lib/python3.10/site-packages:${PYTHONPATH} /usr/bin/python3 -W ignore:setup.py install is deprecated setup.py egg_info --egg-base ../../../build/yolov8_ros build --build-base /home/sw/detection_ws/build/yolov8_ros/build install --record /home/sw/detection_ws/build/yolov8_ros/install.log --single-version-externally-managed install_data[0m
[2.916s] [34mcolcon.colcon_core.environment[0m [1;30mLevel 1[0m checking '/home/sw/detection_ws/install/yolov8_ros' for CMake config files
[2.916s] [34mcolcon.colcon_core.environment[0m [1;30mLevel 1[0m checking '/home/sw/detection_ws/install/yolov8_ros/lib'
[2.916s] [34mcolcon.colcon_core.environment[0m [1;30mLevel 1[0m checking '/home/sw/detection_ws/install/yolov8_ros/bin'
[2.916s] [34mcolcon.colcon_core.environment[0m [1;30mLevel 1[0m checking '/home/sw/detection_ws/install/yolov8_ros/lib/pkgconfig/yolov8_ros.pc'
[2.917s] [34mcolcon.colcon_core.environment[0m [1;30mLevel 1[0m checking '/home/sw/detection_ws/install/yolov8_ros/lib/python3.10/site-packages'
[2.917s] [34mcolcon.colcon_core.shell[0m [1;30mLevel 1[0m create_environment_hook('yolov8_ros', 'pythonpath')
[2.917s] [34mcolcon.colcon_core.shell[0m [1;30mINFO[0m Creating environment hook '/home/sw/detection_ws/install/yolov8_ros/share/yolov8_ros/hook/pythonpath.ps1'
[2.917s] [34mcolcon.colcon_core.shell[0m [1;30mINFO[0m Creating environment descriptor '/home/sw/detection_ws/install/yolov8_ros/share/yolov8_ros/hook/pythonpath.dsv'
[2.918s] [34mcolcon.colcon_core.shell[0m [1;30mINFO[0m Creating environment hook '/home/sw/detection_ws/install/yolov8_ros/share/yolov8_ros/hook/pythonpath.sh'
[2.918s] [34mcolcon.colcon_core.environment[0m [1;30mLevel 1[0m checking '/home/sw/detection_ws/install/yolov8_ros/bin'
[2.918s] [34mcolcon.colcon_core.environment[0m [1;30mLevel 1[0m create_environment_scripts_only(yolov8_ros)
[2.919s] [34mcolcon.colcon_core.shell[0m [1;30mINFO[0m Creating package script '/home/sw/detection_ws/install/yolov8_ros/share/yolov8_ros/package.ps1'
[2.919s] [34mcolcon.colcon_core.shell[0m [1;30mINFO[0m Creating package descriptor '/home/sw/detection_ws/install/yolov8_ros/share/yolov8_ros/package.dsv'
[2.919s] [34mcolcon.colcon_core.shell[0m [1;30mINFO[0m Creating package script '/home/sw/detection_ws/install/yolov8_ros/share/yolov8_ros/package.sh'
[2.920s] [34mcolcon.colcon_core.shell[0m [1;30mINFO[0m Creating package script '/home/sw/detection_ws/install/yolov8_ros/share/yolov8_ros/package.bash'
[2.920s] [34mcolcon.colcon_core.shell[0m [1;30mINFO[0m Creating package script '/home/sw/detection_ws/install/yolov8_ros/share/yolov8_ros/package.zsh'
[2.920s] [34mcolcon.colcon_core.environment[0m [1;30mLevel 1[0m create_file_with_runtime_dependencies(/home/sw/detection_ws/install/yolov8_ros/share/colcon-core/packages/yolov8_ros)
[2.921s] [34mcolcon.colcon_ros.task.ament_cmake.build[0m [1;30mINFO[0m Building ROS package in '/home/sw/detection_ws/src/yolov8_ros/yolov8_bringup' with build type 'ament_cmake'
[2.921s] [34mcolcon.colcon_cmake.task.cmake.build[0m [1;30mINFO[0m Building CMake package in '/home/sw/detection_ws/src/yolov8_ros/yolov8_bringup'
[2.921s] [34mcolcon.colcon_core.shell[0m [1;30mINFO[0m Skip shell extension 'powershell' for command environment: Not usable outside of PowerShell
[2.921s] [34mcolcon.colcon_core.shell[0m [1;30mDEBUG[0m [32mSkip shell extension 'dsv' for command environment[0m
[2.931s] [34mcolcon.colcon_core.event_handler.log_command[0m [1;30mDEBUG[0m [32mInvoking command in '/home/sw/detection_ws/build/yolov8_bringup': AMENT_PREFIX_PATH=/home/sw/detection_ws/install/yolov8_ros:/home/sw/detection_ws/install/yolov8_bringup:/home/sw/detection_ws/install/yolov8_msgs:/opt/ros/humble CMAKE_PREFIX_PATH=/home/sw/detection_ws/install/yolov8_msgs:/home/sw/detection_ws/install/yolov8_bringup:/home/sw/detection_ws/install/yolov8_ros:/opt/ros/humble LD_LIBRARY_PATH=/home/sw/detection_ws/install/yolov8_msgs/lib:/opt/ros/humble/opt/rviz_ogre_vendor/lib:/opt/ros/humble/lib/x86_64-linux-gnu:/opt/ros/humble/lib:/usr/local/lib/:/usr/local/lib/ /usr/bin/cmake --build /home/sw/detection_ws/build/yolov8_bringup -- -j12 -l12[0m
[2.968s] [34mcolcon.colcon_core.event_handler.log_command[0m [1;30mDEBUG[0m [32mInvoked command in '/home/sw/detection_ws/build/yolov8_bringup' returned '0': AMENT_PREFIX_PATH=/home/sw/detection_ws/install/yolov8_ros:/home/sw/detection_ws/install/yolov8_bringup:/home/sw/detection_ws/install/yolov8_msgs:/opt/ros/humble CMAKE_PREFIX_PATH=/home/sw/detection_ws/install/yolov8_msgs:/home/sw/detection_ws/install/yolov8_bringup:/home/sw/detection_ws/install/yolov8_ros:/opt/ros/humble LD_LIBRARY_PATH=/home/sw/detection_ws/install/yolov8_msgs/lib:/opt/ros/humble/opt/rviz_ogre_vendor/lib:/opt/ros/humble/lib/x86_64-linux-gnu:/opt/ros/humble/lib:/usr/local/lib/:/usr/local/lib/ /usr/bin/cmake --build /home/sw/detection_ws/build/yolov8_bringup -- -j12 -l12[0m
[2.989s] [34mcolcon.colcon_core.event_handler.log_command[0m [1;30mDEBUG[0m [32mInvoking command in '/home/sw/detection_ws/build/yolov8_bringup': AMENT_PREFIX_PATH=/home/sw/detection_ws/install/yolov8_ros:/home/sw/detection_ws/install/yolov8_bringup:/home/sw/detection_ws/install/yolov8_msgs:/opt/ros/humble CMAKE_PREFIX_PATH=/home/sw/detection_ws/install/yolov8_msgs:/home/sw/detection_ws/install/yolov8_bringup:/home/sw/detection_ws/install/yolov8_ros:/opt/ros/humble LD_LIBRARY_PATH=/home/sw/detection_ws/install/yolov8_msgs/lib:/opt/ros/humble/opt/rviz_ogre_vendor/lib:/opt/ros/humble/lib/x86_64-linux-gnu:/opt/ros/humble/lib:/usr/local/lib/:/usr/local/lib/ /usr/bin/cmake --install /home/sw/detection_ws/build/yolov8_bringup[0m
[3.000s] [34mcolcon.colcon_core.environment[0m [1;30mLevel 1[0m create_environment_scripts_only(yolov8_bringup)
[3.001s] [34mcolcon.colcon_core.environment[0m [1;30mLevel 1[0m checking '/home/sw/detection_ws/install/yolov8_bringup' for CMake module files
[3.001s] [34mcolcon.colcon_core.event_handler.log_command[0m [1;30mDEBUG[0m [32mInvoked command in '/home/sw/detection_ws/build/yolov8_bringup' returned '0': AMENT_PREFIX_PATH=/home/sw/detection_ws/install/yolov8_ros:/home/sw/detection_ws/install/yolov8_bringup:/home/sw/detection_ws/install/yolov8_msgs:/opt/ros/humble CMAKE_PREFIX_PATH=/home/sw/detection_ws/install/yolov8_msgs:/home/sw/detection_ws/install/yolov8_bringup:/home/sw/detection_ws/install/yolov8_ros:/opt/ros/humble LD_LIBRARY_PATH=/home/sw/detection_ws/install/yolov8_msgs/lib:/opt/ros/humble/opt/rviz_ogre_vendor/lib:/opt/ros/humble/lib/x86_64-linux-gnu:/opt/ros/humble/lib:/usr/local/lib/:/usr/local/lib/ /usr/bin/cmake --install /home/sw/detection_ws/build/yolov8_bringup[0m
[3.001s] [34mcolcon.colcon_core.environment[0m [1;30mLevel 1[0m checking '/home/sw/detection_ws/install/yolov8_bringup' for CMake config files
[3.002s] [34mcolcon.colcon_core.shell[0m [1;30mLevel 1[0m create_environment_hook('yolov8_bringup', 'cmake_prefix_path')
[3.002s] [34mcolcon.colcon_core.shell[0m [1;30mINFO[0m Creating environment hook '/home/sw/detection_ws/install/yolov8_bringup/share/yolov8_bringup/hook/cmake_prefix_path.ps1'
[3.002s] [34mcolcon.colcon_core.shell[0m [1;30mINFO[0m Creating environment descriptor '/home/sw/detection_ws/install/yolov8_bringup/share/yolov8_bringup/hook/cmake_prefix_path.dsv'
[3.003s] [34mcolcon.colcon_core.shell[0m [1;30mINFO[0m Creating environment hook '/home/sw/detection_ws/install/yolov8_bringup/share/yolov8_bringup/hook/cmake_prefix_path.sh'
[3.003s] [34mcolcon.colcon_core.environment[0m [1;30mLevel 1[0m checking '/home/sw/detection_ws/install/yolov8_bringup/bin'
[3.003s] [34mcolcon.colcon_core.environment[0m [1;30mLevel 1[0m checking '/home/sw/detection_ws/install/yolov8_bringup/lib/pkgconfig/yolov8_bringup.pc'
[3.003s] [34mcolcon.colcon_core.environment[0m [1;30mLevel 1[0m checking '/home/sw/detection_ws/install/yolov8_bringup/lib/python3.10/site-packages'
[3.003s] [34mcolcon.colcon_core.environment[0m [1;30mLevel 1[0m checking '/home/sw/detection_ws/install/yolov8_bringup/bin'
[3.004s] [34mcolcon.colcon_core.shell[0m [1;30mINFO[0m Creating package script '/home/sw/detection_ws/install/yolov8_bringup/share/yolov8_bringup/package.ps1'
[3.004s] [34mcolcon.colcon_core.shell[0m [1;30mINFO[0m Creating package descriptor '/home/sw/detection_ws/install/yolov8_bringup/share/yolov8_bringup/package.dsv'
[3.004s] [34mcolcon.colcon_core.shell[0m [1;30mINFO[0m Creating package script '/home/sw/detection_ws/install/yolov8_bringup/share/yolov8_bringup/package.sh'
[3.005s] [34mcolcon.colcon_core.shell[0m [1;30mINFO[0m Creating package script '/home/sw/detection_ws/install/yolov8_bringup/share/yolov8_bringup/package.bash'
[3.005s] [34mcolcon.colcon_core.shell[0m [1;30mINFO[0m Creating package script '/home/sw/detection_ws/install/yolov8_bringup/share/yolov8_bringup/package.zsh'
[3.005s] [34mcolcon.colcon_core.environment[0m [1;30mLevel 1[0m create_file_with_runtime_dependencies(/home/sw/detection_ws/install/yolov8_bringup/share/colcon-core/packages/yolov8_bringup)
[3.028s] [34mcolcon.colcon_core.environment[0m [1;30mLevel 1[0m create_environment_scripts_only(yolov8_bringup)
[3.028s] [34mcolcon.colcon_core.environment[0m [1;30mLevel 1[0m checking '/home/sw/detection_ws/install/yolov8_bringup' for CMake module files
[3.029s] [34mcolcon.colcon_core.environment[0m [1;30mLevel 1[0m checking '/home/sw/detection_ws/install/yolov8_bringup' for CMake config files
[3.029s] [34mcolcon.colcon_core.shell[0m [1;30mLevel 1[0m create_environment_hook('yolov8_bringup', 'cmake_prefix_path')
[3.030s] [34mcolcon.colcon_core.shell[0m [1;30mINFO[0m Creating environment hook '/home/sw/detection_ws/install/yolov8_bringup/share/yolov8_bringup/hook/cmake_prefix_path.ps1'
[3.030s] [34mcolcon.colcon_core.shell[0m [1;30mINFO[0m Creating environment descriptor '/home/sw/detection_ws/install/yolov8_bringup/share/yolov8_bringup/hook/cmake_prefix_path.dsv'
[3.031s] [34mcolcon.colcon_core.shell[0m [1;30mINFO[0m Creating environment hook '/home/sw/detection_ws/install/yolov8_bringup/share/yolov8_bringup/hook/cmake_prefix_path.sh'
[3.031s] [34mcolcon.colcon_core.environment[0m [1;30mLevel 1[0m checking '/home/sw/detection_ws/install/yolov8_bringup/bin'
[3.032s] [34mcolcon.colcon_core.environment[0m [1;30mLevel 1[0m checking '/home/sw/detection_ws/install/yolov8_bringup/lib/pkgconfig/yolov8_bringup.pc'
[3.032s] [34mcolcon.colcon_core.environment[0m [1;30mLevel 1[0m checking '/home/sw/detection_ws/install/yolov8_bringup/lib/python3.10/site-packages'
[3.032s] [34mcolcon.colcon_core.environment[0m [1;30mLevel 1[0m checking '/home/sw/detection_ws/install/yolov8_bringup/bin'
[3.033s] [34mcolcon.colcon_core.shell[0m [1;30mINFO[0m Creating package script '/home/sw/detection_ws/install/yolov8_bringup/share/yolov8_bringup/package.ps1'
[3.034s] [34mcolcon.colcon_core.shell[0m [1;30mINFO[0m Creating package descriptor '/home/sw/detection_ws/install/yolov8_bringup/share/yolov8_bringup/package.dsv'
[3.034s] [34mcolcon.colcon_core.shell[0m [1;30mINFO[0m Creating package script '/home/sw/detection_ws/install/yolov8_bringup/share/yolov8_bringup/package.sh'
[3.035s] [34mcolcon.colcon_core.shell[0m [1;30mINFO[0m Creating package script '/home/sw/detection_ws/install/yolov8_bringup/share/yolov8_bringup/package.bash'
[3.035s] [34mcolcon.colcon_core.shell[0m [1;30mINFO[0m Creating package script '/home/sw/detection_ws/install/yolov8_bringup/share/yolov8_bringup/package.zsh'
[3.036s] [34mcolcon.colcon_core.environment[0m [1;30mLevel 1[0m create_file_with_runtime_dependencies(/home/sw/detection_ws/install/yolov8_bringup/share/colcon-core/packages/yolov8_bringup)
[3.036s] [34mcolcon.colcon_parallel_executor.executor.parallel[0m [1;30mDEBUG[0m [32mclosing loop[0m
[3.037s] [34mcolcon.colcon_parallel_executor.executor.parallel[0m [1;30mDEBUG[0m [32mloop closed[0m
[3.037s] [34mcolcon.colcon_parallel_executor.executor.parallel[0m [1;30mDEBUG[0m [32mrun_until_complete finished with '0'[0m
[3.037s] [34mcolcon.colcon_core.event_reactor[0m [1;30mDEBUG[0m [32mjoining thread[0m
[3.043s] [34mcolcon.colcon_core.plugin_system[0m [1;30mINFO[0m Skipping extension 'colcon_notification.desktop_notification.terminal_notifier': Not used on non-Darwin systems
[3.043s] [34mcolcon.colcon_core.plugin_system[0m [1;30mINFO[0m Skipping extension 'colcon_notification.desktop_notification.win32': Not used on non-Windows systems
[3.043s] [34mcolcon.colcon_notification.desktop_notification[0m [1;30mINFO[0m Sending desktop notification using 'notify2'
[3.056s] [34mcolcon.colcon_core.event_reactor[0m [1;30mDEBUG[0m [32mjoined thread[0m
[3.057s] [34mcolcon.colcon_core.shell[0m [1;30mINFO[0m Creating prefix script '/home/sw/detection_ws/install/local_setup.ps1'
[3.058s] [34mcolcon.colcon_core.shell[0m [1;30mINFO[0m Creating prefix util module '/home/sw/detection_ws/install/_local_setup_util_ps1.py'
[3.060s] [34mcolcon.colcon_core.shell[0m [1;30mINFO[0m Creating prefix chain script '/home/sw/detection_ws/install/setup.ps1'
[3.061s] [34mcolcon.colcon_core.shell[0m [1;30mINFO[0m Creating prefix script '/home/sw/detection_ws/install/local_setup.sh'
[3.062s] [34mcolcon.colcon_core.shell[0m [1;30mINFO[0m Creating prefix util module '/home/sw/detection_ws/install/_local_setup_util_sh.py'
[3.063s] [34mcolcon.colcon_core.shell[0m [1;30mINFO[0m Creating prefix chain script '/home/sw/detection_ws/install/setup.sh'
[3.064s] [34mcolcon.colcon_core.shell[0m [1;30mINFO[0m Creating prefix script '/home/sw/detection_ws/install/local_setup.bash'
[3.065s] [34mcolcon.colcon_core.shell[0m [1;30mINFO[0m Creating prefix chain script '/home/sw/detection_ws/install/setup.bash'
[3.066s] [34mcolcon.colcon_core.shell[0m [1;30mINFO[0m Creating prefix script '/home/sw/detection_ws/install/local_setup.zsh'
[3.067s] [34mcolcon.colcon_core.shell[0m [1;30mINFO[0m Creating prefix chain script '/home/sw/detection_ws/install/setup.zsh'
