[0.009s] Invoking command in '/home/sw/detection_ws/build/yolov8_msgs': CMAKE_PREFIX_PATH=${CMAKE_PREFIX_PATH}:/home/sw/detection_ws/install/yolov8_ros:/opt/ros/humble /usr/bin/cmake --build /home/sw/detection_ws/build/yolov8_msgs -- -j12 -l12
[0.058s] [  0%] Built target yolov8_msgs__cpp
[0.060s] [ 12%] Built target yolov8_msgs__rosidl_generator_c
[0.072s] [ 12%] Built target ament_cmake_python_copy_yolov8_msgs
[0.088s] [ 24%] Built target yolov8_msgs__rosidl_typesupport_cpp
[0.091s] [ 37%] Built target yolov8_msgs__rosidl_typesupport_c
[0.091s] [ 48%] Built target yolov8_msgs__rosidl_typesupport_introspection_c
[0.094s] [ 60%] Built target yolov8_msgs__rosidl_typesupport_introspection_cpp
[0.096s] [ 76%] Built target yolov8_msgs__rosidl_typesupport_fastrtps_c
[0.096s] [ 83%] Built target yolov8_msgs__rosidl_typesupport_fastrtps_cpp
[0.115s] [ 83%] Built target yolov8_msgs
[0.137s] [ 84%] Built target yolov8_msgs__py
[0.162s] [ 95%] Built target yolov8_msgs__rosidl_generator_py
[0.184s] [100%] Built target yolov8_msgs__rosidl_typesupport_c__pyext
[0.185s] [100%] Built target yolov8_msgs__rosidl_typesupport_fastrtps_c__pyext
[0.185s] [100%] Built target yolov8_msgs__rosidl_typesupport_introspection_c__pyext
[0.377s] running egg_info
[0.378s] writing yolov8_msgs.egg-info/PKG-INFO
[0.379s] writing dependency_links to yolov8_msgs.egg-info/dependency_links.txt
[0.379s] writing top-level names to yolov8_msgs.egg-info/top_level.txt
[0.382s] reading manifest file 'yolov8_msgs.egg-info/SOURCES.txt'
[0.383s] writing manifest file 'yolov8_msgs.egg-info/SOURCES.txt'
[0.418s] [100%] Built target ament_cmake_python_build_yolov8_msgs_egg
[0.432s] Invoked command in '/home/sw/detection_ws/build/yolov8_msgs' returned '0': CMAKE_PREFIX_PATH=${CMAKE_PREFIX_PATH}:/home/sw/detection_ws/install/yolov8_ros:/opt/ros/humble /usr/bin/cmake --build /home/sw/detection_ws/build/yolov8_msgs -- -j12 -l12
[0.888s] Invoking command in '/home/sw/detection_ws/build/yolov8_msgs': CMAKE_PREFIX_PATH=${CMAKE_PREFIX_PATH}:/home/sw/detection_ws/install/yolov8_ros:/opt/ros/humble /usr/bin/cmake --install /home/sw/detection_ws/build/yolov8_msgs
[0.900s] -- Install configuration: ""
[0.900s] -- Up-to-date: /home/sw/detection_ws/install/yolov8_msgs/share/ament_index/resource_index/rosidl_interfaces/yolov8_msgs
[0.900s] -- Up-to-date: /home/sw/detection_ws/install/yolov8_msgs/include/yolov8_msgs/yolov8_msgs
[0.900s] -- Up-to-date: /home/sw/detection_ws/install/yolov8_msgs/include/yolov8_msgs/yolov8_msgs/msg
[0.900s] -- Up-to-date: /home/sw/detection_ws/install/yolov8_msgs/include/yolov8_msgs/yolov8_msgs/msg/detail
[0.901s] -- Up-to-date: /home/sw/detection_ws/install/yolov8_msgs/include/yolov8_msgs/yolov8_msgs/msg/detail/key_point3_d_array__struct.h
[0.901s] -- Up-to-date: /home/sw/detection_ws/install/yolov8_msgs/include/yolov8_msgs/yolov8_msgs/msg/detail/key_point3_d_array__functions.c
[0.901s] -- Up-to-date: /home/sw/detection_ws/install/yolov8_msgs/include/yolov8_msgs/yolov8_msgs/msg/detail/key_point2_d_array__type_support.h
[0.901s] -- Up-to-date: /home/sw/detection_ws/install/yolov8_msgs/include/yolov8_msgs/yolov8_msgs/msg/detail/detection_array__functions.h
[0.901s] -- Up-to-date: /home/sw/detection_ws/install/yolov8_msgs/include/yolov8_msgs/yolov8_msgs/msg/detail/key_point3_d__functions.c
[0.901s] -- Up-to-date: /home/sw/detection_ws/install/yolov8_msgs/include/yolov8_msgs/yolov8_msgs/msg/detail/detection__type_support.h
[0.902s] -- Up-to-date: /home/sw/detection_ws/install/yolov8_msgs/include/yolov8_msgs/yolov8_msgs/msg/detail/vector2__functions.c
[0.902s] -- Up-to-date: /home/sw/detection_ws/install/yolov8_msgs/include/yolov8_msgs/yolov8_msgs/msg/detail/pose2_d__functions.c
[0.902s] -- Up-to-date: /home/sw/detection_ws/install/yolov8_msgs/include/yolov8_msgs/yolov8_msgs/msg/detail/bounding_box3_d__struct.h
[0.902s] -- Up-to-date: /home/sw/detection_ws/install/yolov8_msgs/include/yolov8_msgs/yolov8_msgs/msg/detail/key_point2_d_array__functions.h
[0.902s] -- Up-to-date: /home/sw/detection_ws/install/yolov8_msgs/include/yolov8_msgs/yolov8_msgs/msg/detail/key_point2_d__functions.c
[0.902s] -- Up-to-date: /home/sw/detection_ws/install/yolov8_msgs/include/yolov8_msgs/yolov8_msgs/msg/detail/key_point3_d_array__type_support.h
[0.902s] -- Up-to-date: /home/sw/detection_ws/install/yolov8_msgs/include/yolov8_msgs/yolov8_msgs/msg/detail/detection_array__functions.c
[0.902s] -- Up-to-date: /home/sw/detection_ws/install/yolov8_msgs/include/yolov8_msgs/yolov8_msgs/msg/detail/key_point2_d__struct.h
[0.902s] -- Up-to-date: /home/sw/detection_ws/install/yolov8_msgs/include/yolov8_msgs/yolov8_msgs/msg/detail/pose2_d__type_support.h
[0.902s] -- Up-to-date: /home/sw/detection_ws/install/yolov8_msgs/include/yolov8_msgs/yolov8_msgs/msg/detail/detection_array__struct.h
[0.902s] -- Up-to-date: /home/sw/detection_ws/install/yolov8_msgs/include/yolov8_msgs/yolov8_msgs/msg/detail/key_point3_d__type_support.h
[0.902s] -- Up-to-date: /home/sw/detection_ws/install/yolov8_msgs/include/yolov8_msgs/yolov8_msgs/msg/detail/point2_d__struct.h
[0.903s] -- Up-to-date: /home/sw/detection_ws/install/yolov8_msgs/include/yolov8_msgs/yolov8_msgs/msg/detail/detection__struct.h
[0.903s] -- Up-to-date: /home/sw/detection_ws/install/yolov8_msgs/include/yolov8_msgs/yolov8_msgs/msg/detail/key_point3_d__struct.h
[0.903s] -- Up-to-date: /home/sw/detection_ws/install/yolov8_msgs/include/yolov8_msgs/yolov8_msgs/msg/detail/mask__functions.c
[0.903s] -- Up-to-date: /home/sw/detection_ws/install/yolov8_msgs/include/yolov8_msgs/yolov8_msgs/msg/detail/bounding_box2_d__type_support.h
[0.903s] -- Up-to-date: /home/sw/detection_ws/install/yolov8_msgs/include/yolov8_msgs/yolov8_msgs/msg/detail/key_point3_d_array__functions.h
[0.903s] -- Up-to-date: /home/sw/detection_ws/install/yolov8_msgs/include/yolov8_msgs/yolov8_msgs/msg/detail/detection__functions.c
[0.903s] -- Up-to-date: /home/sw/detection_ws/install/yolov8_msgs/include/yolov8_msgs/yolov8_msgs/msg/detail/detection_array__type_support.h
[0.903s] -- Up-to-date: /home/sw/detection_ws/install/yolov8_msgs/include/yolov8_msgs/yolov8_msgs/msg/detail/mask__struct.h
[0.903s] -- Up-to-date: /home/sw/detection_ws/install/yolov8_msgs/include/yolov8_msgs/yolov8_msgs/msg/detail/key_point2_d_array__struct.h
[0.903s] -- Up-to-date: /home/sw/detection_ws/install/yolov8_msgs/include/yolov8_msgs/yolov8_msgs/msg/detail/bounding_box3_d__functions.c
[0.903s] -- Up-to-date: /home/sw/detection_ws/install/yolov8_msgs/include/yolov8_msgs/yolov8_msgs/msg/detail/bounding_box2_d__functions.c
[0.904s] -- Up-to-date: /home/sw/detection_ws/install/yolov8_msgs/include/yolov8_msgs/yolov8_msgs/msg/detail/vector2__struct.h
[0.904s] -- Up-to-date: /home/sw/detection_ws/install/yolov8_msgs/include/yolov8_msgs/yolov8_msgs/msg/detail/bounding_box2_d__functions.h
[0.904s] -- Up-to-date: /home/sw/detection_ws/install/yolov8_msgs/include/yolov8_msgs/yolov8_msgs/msg/detail/bounding_box3_d__functions.h
[0.904s] -- Up-to-date: /home/sw/detection_ws/install/yolov8_msgs/include/yolov8_msgs/yolov8_msgs/msg/detail/point2_d__functions.h
[0.904s] -- Up-to-date: /home/sw/detection_ws/install/yolov8_msgs/include/yolov8_msgs/yolov8_msgs/msg/detail/mask__type_support.h
[0.904s] -- Up-to-date: /home/sw/detection_ws/install/yolov8_msgs/include/yolov8_msgs/yolov8_msgs/msg/detail/point2_d__functions.c
[0.904s] -- Up-to-date: /home/sw/detection_ws/install/yolov8_msgs/include/yolov8_msgs/yolov8_msgs/msg/detail/point2_d__type_support.h
[0.904s] -- Up-to-date: /home/sw/detection_ws/install/yolov8_msgs/include/yolov8_msgs/yolov8_msgs/msg/detail/pose2_d__functions.h
[0.904s] -- Up-to-date: /home/sw/detection_ws/install/yolov8_msgs/include/yolov8_msgs/yolov8_msgs/msg/detail/pose2_d__struct.h
[0.905s] -- Up-to-date: /home/sw/detection_ws/install/yolov8_msgs/include/yolov8_msgs/yolov8_msgs/msg/detail/bounding_box2_d__struct.h
[0.905s] -- Up-to-date: /home/sw/detection_ws/install/yolov8_msgs/include/yolov8_msgs/yolov8_msgs/msg/detail/key_point2_d_array__functions.c
[0.905s] -- Up-to-date: /home/sw/detection_ws/install/yolov8_msgs/include/yolov8_msgs/yolov8_msgs/msg/detail/bounding_box3_d__type_support.h
[0.905s] -- Up-to-date: /home/sw/detection_ws/install/yolov8_msgs/include/yolov8_msgs/yolov8_msgs/msg/detail/vector2__functions.h
[0.905s] -- Up-to-date: /home/sw/detection_ws/install/yolov8_msgs/include/yolov8_msgs/yolov8_msgs/msg/detail/mask__functions.h
[0.905s] -- Up-to-date: /home/sw/detection_ws/install/yolov8_msgs/include/yolov8_msgs/yolov8_msgs/msg/detail/detection__functions.h
[0.905s] -- Up-to-date: /home/sw/detection_ws/install/yolov8_msgs/include/yolov8_msgs/yolov8_msgs/msg/detail/key_point3_d__functions.h
[0.905s] -- Up-to-date: /home/sw/detection_ws/install/yolov8_msgs/include/yolov8_msgs/yolov8_msgs/msg/detail/key_point2_d__functions.h
[0.905s] -- Up-to-date: /home/sw/detection_ws/install/yolov8_msgs/include/yolov8_msgs/yolov8_msgs/msg/detail/vector2__type_support.h
[0.905s] -- Up-to-date: /home/sw/detection_ws/install/yolov8_msgs/include/yolov8_msgs/yolov8_msgs/msg/detail/key_point2_d__type_support.h
[0.905s] -- Up-to-date: /home/sw/detection_ws/install/yolov8_msgs/include/yolov8_msgs/yolov8_msgs/msg/bounding_box3_d.h
[0.905s] -- Up-to-date: /home/sw/detection_ws/install/yolov8_msgs/include/yolov8_msgs/yolov8_msgs/msg/detection_array.h
[0.906s] -- Up-to-date: /home/sw/detection_ws/install/yolov8_msgs/include/yolov8_msgs/yolov8_msgs/msg/key_point3_d_array.h
[0.906s] -- Up-to-date: /home/sw/detection_ws/install/yolov8_msgs/include/yolov8_msgs/yolov8_msgs/msg/pose2_d.h
[0.906s] -- Up-to-date: /home/sw/detection_ws/install/yolov8_msgs/include/yolov8_msgs/yolov8_msgs/msg/key_point3_d.h
[0.906s] -- Up-to-date: /home/sw/detection_ws/install/yolov8_msgs/include/yolov8_msgs/yolov8_msgs/msg/rosidl_generator_c__visibility_control.h
[0.906s] -- Up-to-date: /home/sw/detection_ws/install/yolov8_msgs/include/yolov8_msgs/yolov8_msgs/msg/key_point2_d.h
[0.906s] -- Up-to-date: /home/sw/detection_ws/install/yolov8_msgs/include/yolov8_msgs/yolov8_msgs/msg/mask.h
[0.906s] -- Up-to-date: /home/sw/detection_ws/install/yolov8_msgs/include/yolov8_msgs/yolov8_msgs/msg/key_point2_d_array.h
[0.906s] -- Up-to-date: /home/sw/detection_ws/install/yolov8_msgs/include/yolov8_msgs/yolov8_msgs/msg/bounding_box2_d.h
[0.906s] -- Up-to-date: /home/sw/detection_ws/install/yolov8_msgs/include/yolov8_msgs/yolov8_msgs/msg/point2_d.h
[0.907s] -- Up-to-date: /home/sw/detection_ws/install/yolov8_msgs/include/yolov8_msgs/yolov8_msgs/msg/detection.h
[0.907s] -- Up-to-date: /home/sw/detection_ws/install/yolov8_msgs/include/yolov8_msgs/yolov8_msgs/msg/vector2.h
[0.907s] -- Up-to-date: /home/sw/detection_ws/install/yolov8_msgs/share/yolov8_msgs/environment/library_path.sh
[0.907s] -- Up-to-date: /home/sw/detection_ws/install/yolov8_msgs/share/yolov8_msgs/environment/library_path.dsv
[0.907s] -- Up-to-date: /home/sw/detection_ws/install/yolov8_msgs/lib/libyolov8_msgs__rosidl_generator_c.so
[0.907s] -- Up-to-date: /home/sw/detection_ws/install/yolov8_msgs/include/yolov8_msgs/yolov8_msgs
[0.907s] -- Up-to-date: /home/sw/detection_ws/install/yolov8_msgs/include/yolov8_msgs/yolov8_msgs/msg
[0.907s] -- Up-to-date: /home/sw/detection_ws/install/yolov8_msgs/include/yolov8_msgs/yolov8_msgs/msg/detail
[0.907s] -- Up-to-date: /home/sw/detection_ws/install/yolov8_msgs/include/yolov8_msgs/yolov8_msgs/msg/detail/detection_array__rosidl_typesupport_fastrtps_c.h
[0.907s] -- Up-to-date: /home/sw/detection_ws/install/yolov8_msgs/include/yolov8_msgs/yolov8_msgs/msg/detail/mask__rosidl_typesupport_fastrtps_c.h
[0.907s] -- Up-to-date: /home/sw/detection_ws/install/yolov8_msgs/include/yolov8_msgs/yolov8_msgs/msg/detail/bounding_box2_d__rosidl_typesupport_fastrtps_c.h
[0.908s] -- Up-to-date: /home/sw/detection_ws/install/yolov8_msgs/include/yolov8_msgs/yolov8_msgs/msg/detail/detection__rosidl_typesupport_fastrtps_c.h
[0.908s] -- Up-to-date: /home/sw/detection_ws/install/yolov8_msgs/include/yolov8_msgs/yolov8_msgs/msg/detail/key_point3_d_array__rosidl_typesupport_fastrtps_c.h
[0.908s] -- Up-to-date: /home/sw/detection_ws/install/yolov8_msgs/include/yolov8_msgs/yolov8_msgs/msg/detail/bounding_box3_d__rosidl_typesupport_fastrtps_c.h
[0.908s] -- Up-to-date: /home/sw/detection_ws/install/yolov8_msgs/include/yolov8_msgs/yolov8_msgs/msg/detail/point2_d__rosidl_typesupport_fastrtps_c.h
[0.908s] -- Up-to-date: /home/sw/detection_ws/install/yolov8_msgs/include/yolov8_msgs/yolov8_msgs/msg/detail/key_point2_d_array__rosidl_typesupport_fastrtps_c.h
[0.908s] -- Up-to-date: /home/sw/detection_ws/install/yolov8_msgs/include/yolov8_msgs/yolov8_msgs/msg/detail/key_point3_d__rosidl_typesupport_fastrtps_c.h
[0.908s] -- Up-to-date: /home/sw/detection_ws/install/yolov8_msgs/include/yolov8_msgs/yolov8_msgs/msg/detail/pose2_d__rosidl_typesupport_fastrtps_c.h
[0.908s] -- Up-to-date: /home/sw/detection_ws/install/yolov8_msgs/include/yolov8_msgs/yolov8_msgs/msg/detail/key_point2_d__rosidl_typesupport_fastrtps_c.h
[0.908s] -- Up-to-date: /home/sw/detection_ws/install/yolov8_msgs/include/yolov8_msgs/yolov8_msgs/msg/detail/vector2__rosidl_typesupport_fastrtps_c.h
[0.908s] -- Up-to-date: /home/sw/detection_ws/install/yolov8_msgs/include/yolov8_msgs/yolov8_msgs/msg/rosidl_typesupport_fastrtps_c__visibility_control.h
[0.908s] -- Up-to-date: /home/sw/detection_ws/install/yolov8_msgs/lib/libyolov8_msgs__rosidl_typesupport_fastrtps_c.so
[0.909s] -- Up-to-date: /home/sw/detection_ws/install/yolov8_msgs/include/yolov8_msgs/yolov8_msgs
[0.909s] -- Up-to-date: /home/sw/detection_ws/install/yolov8_msgs/include/yolov8_msgs/yolov8_msgs/msg
[0.909s] -- Up-to-date: /home/sw/detection_ws/install/yolov8_msgs/include/yolov8_msgs/yolov8_msgs/msg/detail
[0.909s] -- Up-to-date: /home/sw/detection_ws/install/yolov8_msgs/include/yolov8_msgs/yolov8_msgs/msg/detail/bounding_box2_d__type_support.c
[0.909s] -- Up-to-date: /home/sw/detection_ws/install/yolov8_msgs/include/yolov8_msgs/yolov8_msgs/msg/detail/key_point2_d_array__type_support.c
[0.909s] -- Up-to-date: /home/sw/detection_ws/install/yolov8_msgs/include/yolov8_msgs/yolov8_msgs/msg/detail/key_point3_d__rosidl_typesupport_introspection_c.h
[0.909s] -- Up-to-date: /home/sw/detection_ws/install/yolov8_msgs/include/yolov8_msgs/yolov8_msgs/msg/detail/bounding_box3_d__rosidl_typesupport_introspection_c.h
[0.909s] -- Up-to-date: /home/sw/detection_ws/install/yolov8_msgs/include/yolov8_msgs/yolov8_msgs/msg/detail/pose2_d__rosidl_typesupport_introspection_c.h
[0.909s] -- Up-to-date: /home/sw/detection_ws/install/yolov8_msgs/include/yolov8_msgs/yolov8_msgs/msg/detail/point2_d__rosidl_typesupport_introspection_c.h
[0.909s] -- Up-to-date: /home/sw/detection_ws/install/yolov8_msgs/include/yolov8_msgs/yolov8_msgs/msg/detail/detection__rosidl_typesupport_introspection_c.h
[0.909s] -- Up-to-date: /home/sw/detection_ws/install/yolov8_msgs/include/yolov8_msgs/yolov8_msgs/msg/detail/detection_array__rosidl_typesupport_introspection_c.h
[0.909s] -- Up-to-date: /home/sw/detection_ws/install/yolov8_msgs/include/yolov8_msgs/yolov8_msgs/msg/detail/point2_d__type_support.c
[0.909s] -- Up-to-date: /home/sw/detection_ws/install/yolov8_msgs/include/yolov8_msgs/yolov8_msgs/msg/detail/detection__type_support.c
[0.909s] -- Up-to-date: /home/sw/detection_ws/install/yolov8_msgs/include/yolov8_msgs/yolov8_msgs/msg/detail/mask__type_support.c
[0.910s] -- Up-to-date: /home/sw/detection_ws/install/yolov8_msgs/include/yolov8_msgs/yolov8_msgs/msg/detail/vector2__rosidl_typesupport_introspection_c.h
[0.910s] -- Up-to-date: /home/sw/detection_ws/install/yolov8_msgs/include/yolov8_msgs/yolov8_msgs/msg/detail/key_point2_d__rosidl_typesupport_introspection_c.h
[0.910s] -- Up-to-date: /home/sw/detection_ws/install/yolov8_msgs/include/yolov8_msgs/yolov8_msgs/msg/detail/key_point3_d__type_support.c
[0.910s] -- Up-to-date: /home/sw/detection_ws/install/yolov8_msgs/include/yolov8_msgs/yolov8_msgs/msg/detail/key_point3_d_array__type_support.c
[0.910s] -- Up-to-date: /home/sw/detection_ws/install/yolov8_msgs/include/yolov8_msgs/yolov8_msgs/msg/detail/pose2_d__type_support.c
[0.910s] -- Up-to-date: /home/sw/detection_ws/install/yolov8_msgs/include/yolov8_msgs/yolov8_msgs/msg/detail/key_point3_d_array__rosidl_typesupport_introspection_c.h
[0.910s] -- Up-to-date: /home/sw/detection_ws/install/yolov8_msgs/include/yolov8_msgs/yolov8_msgs/msg/detail/vector2__type_support.c
[0.910s] -- Up-to-date: /home/sw/detection_ws/install/yolov8_msgs/include/yolov8_msgs/yolov8_msgs/msg/detail/detection_array__type_support.c
[0.910s] -- Up-to-date: /home/sw/detection_ws/install/yolov8_msgs/include/yolov8_msgs/yolov8_msgs/msg/detail/bounding_box3_d__type_support.c
[0.910s] -- Up-to-date: /home/sw/detection_ws/install/yolov8_msgs/include/yolov8_msgs/yolov8_msgs/msg/detail/mask__rosidl_typesupport_introspection_c.h
[0.910s] -- Up-to-date: /home/sw/detection_ws/install/yolov8_msgs/include/yolov8_msgs/yolov8_msgs/msg/detail/bounding_box2_d__rosidl_typesupport_introspection_c.h
[0.911s] -- Up-to-date: /home/sw/detection_ws/install/yolov8_msgs/include/yolov8_msgs/yolov8_msgs/msg/detail/key_point2_d__type_support.c
[0.911s] -- Up-to-date: /home/sw/detection_ws/install/yolov8_msgs/include/yolov8_msgs/yolov8_msgs/msg/detail/key_point2_d_array__rosidl_typesupport_introspection_c.h
[0.911s] -- Up-to-date: /home/sw/detection_ws/install/yolov8_msgs/include/yolov8_msgs/yolov8_msgs/msg/rosidl_typesupport_introspection_c__visibility_control.h
[0.911s] -- Up-to-date: /home/sw/detection_ws/install/yolov8_msgs/lib/libyolov8_msgs__rosidl_typesupport_introspection_c.so
[0.911s] -- Up-to-date: /home/sw/detection_ws/install/yolov8_msgs/lib/libyolov8_msgs__rosidl_typesupport_c.so
[0.911s] -- Up-to-date: /home/sw/detection_ws/install/yolov8_msgs/include/yolov8_msgs/yolov8_msgs
[0.911s] -- Up-to-date: /home/sw/detection_ws/install/yolov8_msgs/include/yolov8_msgs/yolov8_msgs/msg
[0.911s] -- Up-to-date: /home/sw/detection_ws/install/yolov8_msgs/include/yolov8_msgs/yolov8_msgs/msg/mask.hpp
[0.911s] -- Up-to-date: /home/sw/detection_ws/install/yolov8_msgs/include/yolov8_msgs/yolov8_msgs/msg/vector2.hpp
[0.911s] -- Up-to-date: /home/sw/detection_ws/install/yolov8_msgs/include/yolov8_msgs/yolov8_msgs/msg/detail
[0.911s] -- Up-to-date: /home/sw/detection_ws/install/yolov8_msgs/include/yolov8_msgs/yolov8_msgs/msg/detail/detection__builder.hpp
[0.911s] -- Up-to-date: /home/sw/detection_ws/install/yolov8_msgs/include/yolov8_msgs/yolov8_msgs/msg/detail/key_point2_d_array__builder.hpp
[0.911s] -- Up-to-date: /home/sw/detection_ws/install/yolov8_msgs/include/yolov8_msgs/yolov8_msgs/msg/detail/mask__struct.hpp
[0.911s] -- Up-to-date: /home/sw/detection_ws/install/yolov8_msgs/include/yolov8_msgs/yolov8_msgs/msg/detail/key_point3_d_array__builder.hpp
[0.912s] -- Up-to-date: /home/sw/detection_ws/install/yolov8_msgs/include/yolov8_msgs/yolov8_msgs/msg/detail/detection__traits.hpp
[0.912s] -- Up-to-date: /home/sw/detection_ws/install/yolov8_msgs/include/yolov8_msgs/yolov8_msgs/msg/detail/detection_array__builder.hpp
[0.912s] -- Up-to-date: /home/sw/detection_ws/install/yolov8_msgs/include/yolov8_msgs/yolov8_msgs/msg/detail/pose2_d__builder.hpp
[0.912s] -- Up-to-date: /home/sw/detection_ws/install/yolov8_msgs/include/yolov8_msgs/yolov8_msgs/msg/detail/bounding_box3_d__builder.hpp
[0.912s] -- Up-to-date: /home/sw/detection_ws/install/yolov8_msgs/include/yolov8_msgs/yolov8_msgs/msg/detail/key_point2_d_array__struct.hpp
[0.912s] -- Up-to-date: /home/sw/detection_ws/install/yolov8_msgs/include/yolov8_msgs/yolov8_msgs/msg/detail/pose2_d__struct.hpp
[0.912s] -- Up-to-date: /home/sw/detection_ws/install/yolov8_msgs/include/yolov8_msgs/yolov8_msgs/msg/detail/bounding_box3_d__struct.hpp
[0.912s] -- Up-to-date: /home/sw/detection_ws/install/yolov8_msgs/include/yolov8_msgs/yolov8_msgs/msg/detail/key_point2_d__traits.hpp
[0.912s] -- Up-to-date: /home/sw/detection_ws/install/yolov8_msgs/include/yolov8_msgs/yolov8_msgs/msg/detail/key_point2_d__builder.hpp
[0.912s] -- Up-to-date: /home/sw/detection_ws/install/yolov8_msgs/include/yolov8_msgs/yolov8_msgs/msg/detail/point2_d__traits.hpp
[0.912s] -- Up-to-date: /home/sw/detection_ws/install/yolov8_msgs/include/yolov8_msgs/yolov8_msgs/msg/detail/mask__traits.hpp
[0.912s] -- Up-to-date: /home/sw/detection_ws/install/yolov8_msgs/include/yolov8_msgs/yolov8_msgs/msg/detail/bounding_box2_d__traits.hpp
[0.912s] -- Up-to-date: /home/sw/detection_ws/install/yolov8_msgs/include/yolov8_msgs/yolov8_msgs/msg/detail/bounding_box2_d__builder.hpp
[0.912s] -- Up-to-date: /home/sw/detection_ws/install/yolov8_msgs/include/yolov8_msgs/yolov8_msgs/msg/detail/key_point3_d_array__struct.hpp
[0.912s] -- Up-to-date: /home/sw/detection_ws/install/yolov8_msgs/include/yolov8_msgs/yolov8_msgs/msg/detail/key_point3_d__builder.hpp
[0.912s] -- Up-to-date: /home/sw/detection_ws/install/yolov8_msgs/include/yolov8_msgs/yolov8_msgs/msg/detail/vector2__builder.hpp
[0.912s] -- Up-to-date: /home/sw/detection_ws/install/yolov8_msgs/include/yolov8_msgs/yolov8_msgs/msg/detail/key_point3_d_array__traits.hpp
[0.913s] -- Up-to-date: /home/sw/detection_ws/install/yolov8_msgs/include/yolov8_msgs/yolov8_msgs/msg/detail/point2_d__struct.hpp
[0.913s] -- Up-to-date: /home/sw/detection_ws/install/yolov8_msgs/include/yolov8_msgs/yolov8_msgs/msg/detail/bounding_box2_d__struct.hpp
[0.913s] -- Up-to-date: /home/sw/detection_ws/install/yolov8_msgs/include/yolov8_msgs/yolov8_msgs/msg/detail/key_point3_d__traits.hpp
[0.913s] -- Up-to-date: /home/sw/detection_ws/install/yolov8_msgs/include/yolov8_msgs/yolov8_msgs/msg/detail/detection__struct.hpp
[0.913s] -- Up-to-date: /home/sw/detection_ws/install/yolov8_msgs/include/yolov8_msgs/yolov8_msgs/msg/detail/detection_array__traits.hpp
[0.913s] -- Up-to-date: /home/sw/detection_ws/install/yolov8_msgs/include/yolov8_msgs/yolov8_msgs/msg/detail/point2_d__builder.hpp
[0.913s] -- Up-to-date: /home/sw/detection_ws/install/yolov8_msgs/include/yolov8_msgs/yolov8_msgs/msg/detail/detection_array__struct.hpp
[0.913s] -- Up-to-date: /home/sw/detection_ws/install/yolov8_msgs/include/yolov8_msgs/yolov8_msgs/msg/detail/vector2__traits.hpp
[0.913s] -- Up-to-date: /home/sw/detection_ws/install/yolov8_msgs/include/yolov8_msgs/yolov8_msgs/msg/detail/mask__builder.hpp
[0.913s] -- Up-to-date: /home/sw/detection_ws/install/yolov8_msgs/include/yolov8_msgs/yolov8_msgs/msg/detail/key_point2_d_array__traits.hpp
[0.913s] -- Up-to-date: /home/sw/detection_ws/install/yolov8_msgs/include/yolov8_msgs/yolov8_msgs/msg/detail/key_point2_d__struct.hpp
[0.913s] -- Up-to-date: /home/sw/detection_ws/install/yolov8_msgs/include/yolov8_msgs/yolov8_msgs/msg/detail/pose2_d__traits.hpp
[0.913s] -- Up-to-date: /home/sw/detection_ws/install/yolov8_msgs/include/yolov8_msgs/yolov8_msgs/msg/detail/vector2__struct.hpp
[0.913s] -- Up-to-date: /home/sw/detection_ws/install/yolov8_msgs/include/yolov8_msgs/yolov8_msgs/msg/detail/bounding_box3_d__traits.hpp
[0.913s] -- Up-to-date: /home/sw/detection_ws/install/yolov8_msgs/include/yolov8_msgs/yolov8_msgs/msg/detail/key_point3_d__struct.hpp
[0.913s] -- Up-to-date: /home/sw/detection_ws/install/yolov8_msgs/include/yolov8_msgs/yolov8_msgs/msg/bounding_box2_d.hpp
[0.913s] -- Up-to-date: /home/sw/detection_ws/install/yolov8_msgs/include/yolov8_msgs/yolov8_msgs/msg/key_point2_d.hpp
[0.913s] -- Up-to-date: /home/sw/detection_ws/install/yolov8_msgs/include/yolov8_msgs/yolov8_msgs/msg/detection.hpp
[0.913s] -- Up-to-date: /home/sw/detection_ws/install/yolov8_msgs/include/yolov8_msgs/yolov8_msgs/msg/key_point3_d.hpp
[0.914s] -- Up-to-date: /home/sw/detection_ws/install/yolov8_msgs/include/yolov8_msgs/yolov8_msgs/msg/pose2_d.hpp
[0.914s] -- Up-to-date: /home/sw/detection_ws/install/yolov8_msgs/include/yolov8_msgs/yolov8_msgs/msg/key_point3_d_array.hpp
[0.914s] -- Up-to-date: /home/sw/detection_ws/install/yolov8_msgs/include/yolov8_msgs/yolov8_msgs/msg/detection_array.hpp
[0.914s] -- Up-to-date: /home/sw/detection_ws/install/yolov8_msgs/include/yolov8_msgs/yolov8_msgs/msg/point2_d.hpp
[0.914s] -- Up-to-date: /home/sw/detection_ws/install/yolov8_msgs/include/yolov8_msgs/yolov8_msgs/msg/key_point2_d_array.hpp
[0.914s] -- Up-to-date: /home/sw/detection_ws/install/yolov8_msgs/include/yolov8_msgs/yolov8_msgs/msg/bounding_box3_d.hpp
[0.914s] -- Up-to-date: /home/sw/detection_ws/install/yolov8_msgs/include/yolov8_msgs/yolov8_msgs
[0.914s] -- Up-to-date: /home/sw/detection_ws/install/yolov8_msgs/include/yolov8_msgs/yolov8_msgs/msg
[0.914s] -- Up-to-date: /home/sw/detection_ws/install/yolov8_msgs/include/yolov8_msgs/yolov8_msgs/msg/detail
[0.914s] -- Up-to-date: /home/sw/detection_ws/install/yolov8_msgs/include/yolov8_msgs/yolov8_msgs/msg/detail/key_point2_d__rosidl_typesupport_fastrtps_cpp.hpp
[0.914s] -- Up-to-date: /home/sw/detection_ws/install/yolov8_msgs/include/yolov8_msgs/yolov8_msgs/msg/detail/bounding_box2_d__rosidl_typesupport_fastrtps_cpp.hpp
[0.914s] -- Up-to-date: /home/sw/detection_ws/install/yolov8_msgs/include/yolov8_msgs/yolov8_msgs/msg/detail/bounding_box3_d__rosidl_typesupport_fastrtps_cpp.hpp
[0.914s] -- Up-to-date: /home/sw/detection_ws/install/yolov8_msgs/include/yolov8_msgs/yolov8_msgs/msg/detail/mask__rosidl_typesupport_fastrtps_cpp.hpp
[0.914s] -- Up-to-date: /home/sw/detection_ws/install/yolov8_msgs/include/yolov8_msgs/yolov8_msgs/msg/detail/key_point2_d_array__rosidl_typesupport_fastrtps_cpp.hpp
[0.914s] -- Up-to-date: /home/sw/detection_ws/install/yolov8_msgs/include/yolov8_msgs/yolov8_msgs/msg/detail/pose2_d__rosidl_typesupport_fastrtps_cpp.hpp
[0.914s] -- Up-to-date: /home/sw/detection_ws/install/yolov8_msgs/include/yolov8_msgs/yolov8_msgs/msg/detail/detection__rosidl_typesupport_fastrtps_cpp.hpp
[0.914s] -- Up-to-date: /home/sw/detection_ws/install/yolov8_msgs/include/yolov8_msgs/yolov8_msgs/msg/detail/dds_fastrtps
[0.914s] -- Up-to-date: /home/sw/detection_ws/install/yolov8_msgs/include/yolov8_msgs/yolov8_msgs/msg/detail/detection_array__rosidl_typesupport_fastrtps_cpp.hpp
[0.914s] -- Up-to-date: /home/sw/detection_ws/install/yolov8_msgs/include/yolov8_msgs/yolov8_msgs/msg/detail/key_point3_d_array__rosidl_typesupport_fastrtps_cpp.hpp
[0.915s] -- Up-to-date: /home/sw/detection_ws/install/yolov8_msgs/include/yolov8_msgs/yolov8_msgs/msg/detail/point2_d__rosidl_typesupport_fastrtps_cpp.hpp
[0.915s] -- Up-to-date: /home/sw/detection_ws/install/yolov8_msgs/include/yolov8_msgs/yolov8_msgs/msg/detail/vector2__rosidl_typesupport_fastrtps_cpp.hpp
[0.915s] -- Up-to-date: /home/sw/detection_ws/install/yolov8_msgs/include/yolov8_msgs/yolov8_msgs/msg/detail/key_point3_d__rosidl_typesupport_fastrtps_cpp.hpp
[0.915s] -- Up-to-date: /home/sw/detection_ws/install/yolov8_msgs/include/yolov8_msgs/yolov8_msgs/msg/rosidl_typesupport_fastrtps_cpp__visibility_control.h
[0.915s] -- Up-to-date: /home/sw/detection_ws/install/yolov8_msgs/lib/libyolov8_msgs__rosidl_typesupport_fastrtps_cpp.so
[0.915s] -- Up-to-date: /home/sw/detection_ws/install/yolov8_msgs/include/yolov8_msgs/yolov8_msgs
[0.915s] -- Up-to-date: /home/sw/detection_ws/install/yolov8_msgs/include/yolov8_msgs/yolov8_msgs/msg
[0.915s] -- Up-to-date: /home/sw/detection_ws/install/yolov8_msgs/include/yolov8_msgs/yolov8_msgs/msg/detail
[0.915s] -- Up-to-date: /home/sw/detection_ws/install/yolov8_msgs/include/yolov8_msgs/yolov8_msgs/msg/detail/bounding_box2_d__type_support.cpp
[0.915s] -- Up-to-date: /home/sw/detection_ws/install/yolov8_msgs/include/yolov8_msgs/yolov8_msgs/msg/detail/key_point3_d__type_support.cpp
[0.915s] -- Up-to-date: /home/sw/detection_ws/install/yolov8_msgs/include/yolov8_msgs/yolov8_msgs/msg/detail/detection__rosidl_typesupport_introspection_cpp.hpp
[0.915s] -- Up-to-date: /home/sw/detection_ws/install/yolov8_msgs/include/yolov8_msgs/yolov8_msgs/msg/detail/detection__type_support.cpp
[0.915s] -- Up-to-date: /home/sw/detection_ws/install/yolov8_msgs/include/yolov8_msgs/yolov8_msgs/msg/detail/key_point2_d__rosidl_typesupport_introspection_cpp.hpp
[0.915s] -- Up-to-date: /home/sw/detection_ws/install/yolov8_msgs/include/yolov8_msgs/yolov8_msgs/msg/detail/vector2__rosidl_typesupport_introspection_cpp.hpp
[0.915s] -- Up-to-date: /home/sw/detection_ws/install/yolov8_msgs/include/yolov8_msgs/yolov8_msgs/msg/detail/key_point2_d__type_support.cpp
[0.915s] -- Up-to-date: /home/sw/detection_ws/install/yolov8_msgs/include/yolov8_msgs/yolov8_msgs/msg/detail/key_point3_d__rosidl_typesupport_introspection_cpp.hpp
[0.915s] -- Up-to-date: /home/sw/detection_ws/install/yolov8_msgs/include/yolov8_msgs/yolov8_msgs/msg/detail/detection_array__type_support.cpp
[0.915s] -- Up-to-date: /home/sw/detection_ws/install/yolov8_msgs/include/yolov8_msgs/yolov8_msgs/msg/detail/point2_d__type_support.cpp
[0.915s] -- Up-to-date: /home/sw/detection_ws/install/yolov8_msgs/include/yolov8_msgs/yolov8_msgs/msg/detail/pose2_d__rosidl_typesupport_introspection_cpp.hpp
[0.916s] -- Up-to-date: /home/sw/detection_ws/install/yolov8_msgs/include/yolov8_msgs/yolov8_msgs/msg/detail/bounding_box3_d__rosidl_typesupport_introspection_cpp.hpp
[0.916s] -- Up-to-date: /home/sw/detection_ws/install/yolov8_msgs/include/yolov8_msgs/yolov8_msgs/msg/detail/key_point2_d_array__rosidl_typesupport_introspection_cpp.hpp
[0.916s] -- Up-to-date: /home/sw/detection_ws/install/yolov8_msgs/include/yolov8_msgs/yolov8_msgs/msg/detail/mask__type_support.cpp
[0.916s] -- Up-to-date: /home/sw/detection_ws/install/yolov8_msgs/include/yolov8_msgs/yolov8_msgs/msg/detail/mask__rosidl_typesupport_introspection_cpp.hpp
[0.916s] -- Up-to-date: /home/sw/detection_ws/install/yolov8_msgs/include/yolov8_msgs/yolov8_msgs/msg/detail/bounding_box3_d__type_support.cpp
[0.916s] -- Up-to-date: /home/sw/detection_ws/install/yolov8_msgs/include/yolov8_msgs/yolov8_msgs/msg/detail/key_point3_d_array__rosidl_typesupport_introspection_cpp.hpp
[0.916s] -- Up-to-date: /home/sw/detection_ws/install/yolov8_msgs/include/yolov8_msgs/yolov8_msgs/msg/detail/key_point2_d_array__type_support.cpp
[0.916s] -- Up-to-date: /home/sw/detection_ws/install/yolov8_msgs/include/yolov8_msgs/yolov8_msgs/msg/detail/bounding_box2_d__rosidl_typesupport_introspection_cpp.hpp
[0.916s] -- Up-to-date: /home/sw/detection_ws/install/yolov8_msgs/include/yolov8_msgs/yolov8_msgs/msg/detail/key_point3_d_array__type_support.cpp
[0.916s] -- Up-to-date: /home/sw/detection_ws/install/yolov8_msgs/include/yolov8_msgs/yolov8_msgs/msg/detail/detection_array__rosidl_typesupport_introspection_cpp.hpp
[0.916s] -- Up-to-date: /home/sw/detection_ws/install/yolov8_msgs/include/yolov8_msgs/yolov8_msgs/msg/detail/pose2_d__type_support.cpp
[0.916s] -- Up-to-date: /home/sw/detection_ws/install/yolov8_msgs/include/yolov8_msgs/yolov8_msgs/msg/detail/point2_d__rosidl_typesupport_introspection_cpp.hpp
[0.916s] -- Up-to-date: /home/sw/detection_ws/install/yolov8_msgs/include/yolov8_msgs/yolov8_msgs/msg/detail/vector2__type_support.cpp
[0.916s] -- Up-to-date: /home/sw/detection_ws/install/yolov8_msgs/lib/libyolov8_msgs__rosidl_typesupport_introspection_cpp.so
[0.916s] -- Up-to-date: /home/sw/detection_ws/install/yolov8_msgs/lib/libyolov8_msgs__rosidl_typesupport_cpp.so
[0.916s] -- Up-to-date: /home/sw/detection_ws/install/yolov8_msgs/share/yolov8_msgs/environment/pythonpath.sh
[0.916s] -- Up-to-date: /home/sw/detection_ws/install/yolov8_msgs/share/yolov8_msgs/environment/pythonpath.dsv
[0.916s] -- Up-to-date: /home/sw/detection_ws/install/yolov8_msgs/local/lib/python3.10/dist-packages/yolov8_msgs-3.3.0-py3.10.egg-info
[0.916s] -- Installing: /home/sw/detection_ws/install/yolov8_msgs/local/lib/python3.10/dist-packages/yolov8_msgs-3.3.0-py3.10.egg-info/dependency_links.txt
[0.917s] -- Installing: /home/sw/detection_ws/install/yolov8_msgs/local/lib/python3.10/dist-packages/yolov8_msgs-3.3.0-py3.10.egg-info/top_level.txt
[0.917s] -- Installing: /home/sw/detection_ws/install/yolov8_msgs/local/lib/python3.10/dist-packages/yolov8_msgs-3.3.0-py3.10.egg-info/PKG-INFO
[0.917s] -- Installing: /home/sw/detection_ws/install/yolov8_msgs/local/lib/python3.10/dist-packages/yolov8_msgs-3.3.0-py3.10.egg-info/SOURCES.txt
[0.917s] -- Up-to-date: /home/sw/detection_ws/install/yolov8_msgs/local/lib/python3.10/dist-packages/yolov8_msgs
[0.917s] -- Up-to-date: /home/sw/detection_ws/install/yolov8_msgs/local/lib/python3.10/dist-packages/yolov8_msgs/msg
[0.917s] -- Up-to-date: /home/sw/detection_ws/install/yolov8_msgs/local/lib/python3.10/dist-packages/yolov8_msgs/msg/_vector2_s.c
[0.917s] -- Up-to-date: /home/sw/detection_ws/install/yolov8_msgs/local/lib/python3.10/dist-packages/yolov8_msgs/msg/_pose2_d.py
[0.917s] -- Up-to-date: /home/sw/detection_ws/install/yolov8_msgs/local/lib/python3.10/dist-packages/yolov8_msgs/msg/_detection_s.c
[0.917s] -- Up-to-date: /home/sw/detection_ws/install/yolov8_msgs/local/lib/python3.10/dist-packages/yolov8_msgs/msg/_key_point3_d.py
[0.917s] -- Up-to-date: /home/sw/detection_ws/install/yolov8_msgs/local/lib/python3.10/dist-packages/yolov8_msgs/msg/_key_point2_d_s.c
[0.917s] -- Up-to-date: /home/sw/detection_ws/install/yolov8_msgs/local/lib/python3.10/dist-packages/yolov8_msgs/msg/_key_point2_d_array_s.c
[0.917s] -- Up-to-date: /home/sw/detection_ws/install/yolov8_msgs/local/lib/python3.10/dist-packages/yolov8_msgs/msg/_key_point3_d_s.c
[0.917s] -- Up-to-date: /home/sw/detection_ws/install/yolov8_msgs/local/lib/python3.10/dist-packages/yolov8_msgs/msg/_bounding_box2_d.py
[0.917s] -- Up-to-date: /home/sw/detection_ws/install/yolov8_msgs/local/lib/python3.10/dist-packages/yolov8_msgs/msg/_pose2_d_s.c
[0.917s] -- Up-to-date: /home/sw/detection_ws/install/yolov8_msgs/local/lib/python3.10/dist-packages/yolov8_msgs/msg/_detection_array.py
[0.917s] -- Up-to-date: /home/sw/detection_ws/install/yolov8_msgs/local/lib/python3.10/dist-packages/yolov8_msgs/msg/_key_point3_d_array.py
[0.917s] -- Up-to-date: /home/sw/detection_ws/install/yolov8_msgs/local/lib/python3.10/dist-packages/yolov8_msgs/msg/_point2_d_s.c
[0.917s] -- Up-to-date: /home/sw/detection_ws/install/yolov8_msgs/local/lib/python3.10/dist-packages/yolov8_msgs/msg/_mask_s.c
[0.917s] -- Up-to-date: /home/sw/detection_ws/install/yolov8_msgs/local/lib/python3.10/dist-packages/yolov8_msgs/msg/_detection.py
[0.917s] -- Up-to-date: /home/sw/detection_ws/install/yolov8_msgs/local/lib/python3.10/dist-packages/yolov8_msgs/msg/_point2_d.py
[0.917s] -- Up-to-date: /home/sw/detection_ws/install/yolov8_msgs/local/lib/python3.10/dist-packages/yolov8_msgs/msg/_key_point2_d.py
[0.918s] -- Up-to-date: /home/sw/detection_ws/install/yolov8_msgs/local/lib/python3.10/dist-packages/yolov8_msgs/msg/_bounding_box2_d_s.c
[0.918s] -- Up-to-date: /home/sw/detection_ws/install/yolov8_msgs/local/lib/python3.10/dist-packages/yolov8_msgs/msg/_mask.py
[0.918s] -- Up-to-date: /home/sw/detection_ws/install/yolov8_msgs/local/lib/python3.10/dist-packages/yolov8_msgs/msg/_key_point3_d_array_s.c
[0.918s] -- Up-to-date: /home/sw/detection_ws/install/yolov8_msgs/local/lib/python3.10/dist-packages/yolov8_msgs/msg/_detection_array_s.c
[0.918s] -- Up-to-date: /home/sw/detection_ws/install/yolov8_msgs/local/lib/python3.10/dist-packages/yolov8_msgs/msg/_bounding_box3_d_s.c
[0.918s] -- Up-to-date: /home/sw/detection_ws/install/yolov8_msgs/local/lib/python3.10/dist-packages/yolov8_msgs/msg/_bounding_box3_d.py
[0.918s] -- Up-to-date: /home/sw/detection_ws/install/yolov8_msgs/local/lib/python3.10/dist-packages/yolov8_msgs/msg/__init__.py
[0.918s] -- Up-to-date: /home/sw/detection_ws/install/yolov8_msgs/local/lib/python3.10/dist-packages/yolov8_msgs/msg/_vector2.py
[0.918s] -- Up-to-date: /home/sw/detection_ws/install/yolov8_msgs/local/lib/python3.10/dist-packages/yolov8_msgs/msg/_key_point2_d_array.py
[0.918s] -- Up-to-date: /home/sw/detection_ws/install/yolov8_msgs/local/lib/python3.10/dist-packages/yolov8_msgs/_yolov8_msgs_s.ep.rosidl_typesupport_c.c
[0.918s] -- Up-to-date: /home/sw/detection_ws/install/yolov8_msgs/local/lib/python3.10/dist-packages/yolov8_msgs/yolov8_msgs_s__rosidl_typesupport_fastrtps_c.cpython-310-x86_64-linux-gnu.so
[0.918s] -- Up-to-date: /home/sw/detection_ws/install/yolov8_msgs/local/lib/python3.10/dist-packages/yolov8_msgs/yolov8_msgs_s__rosidl_typesupport_c.cpython-310-x86_64-linux-gnu.so
[0.918s] -- Up-to-date: /home/sw/detection_ws/install/yolov8_msgs/local/lib/python3.10/dist-packages/yolov8_msgs/_yolov8_msgs_s.ep.rosidl_typesupport_fastrtps_c.c
[0.918s] -- Up-to-date: /home/sw/detection_ws/install/yolov8_msgs/local/lib/python3.10/dist-packages/yolov8_msgs/_yolov8_msgs_s.ep.rosidl_typesupport_introspection_c.c
[0.918s] -- Up-to-date: /home/sw/detection_ws/install/yolov8_msgs/local/lib/python3.10/dist-packages/yolov8_msgs/libyolov8_msgs__rosidl_generator_py.so
[0.918s] -- Up-to-date: /home/sw/detection_ws/install/yolov8_msgs/local/lib/python3.10/dist-packages/yolov8_msgs/yolov8_msgs_s__rosidl_typesupport_introspection_c.cpython-310-x86_64-linux-gnu.so
[0.918s] -- Up-to-date: /home/sw/detection_ws/install/yolov8_msgs/local/lib/python3.10/dist-packages/yolov8_msgs/__init__.py
[0.940s] Listing '/home/sw/detection_ws/install/yolov8_msgs/local/lib/python3.10/dist-packages/yolov8_msgs'...
[0.940s] Listing '/home/sw/detection_ws/install/yolov8_msgs/local/lib/python3.10/dist-packages/yolov8_msgs/msg'...
[0.944s] -- Up-to-date: /home/sw/detection_ws/install/yolov8_msgs/local/lib/python3.10/dist-packages/yolov8_msgs/yolov8_msgs_s__rosidl_typesupport_fastrtps_c.cpython-310-x86_64-linux-gnu.so
[0.944s] -- Up-to-date: /home/sw/detection_ws/install/yolov8_msgs/local/lib/python3.10/dist-packages/yolov8_msgs/yolov8_msgs_s__rosidl_typesupport_introspection_c.cpython-310-x86_64-linux-gnu.so
[0.945s] -- Up-to-date: /home/sw/detection_ws/install/yolov8_msgs/local/lib/python3.10/dist-packages/yolov8_msgs/yolov8_msgs_s__rosidl_typesupport_c.cpython-310-x86_64-linux-gnu.so
[0.945s] -- Up-to-date: /home/sw/detection_ws/install/yolov8_msgs/lib/libyolov8_msgs__rosidl_generator_py.so
[0.945s] -- Up-to-date: /home/sw/detection_ws/install/yolov8_msgs/share/yolov8_msgs/msg/Point2D.idl
[0.945s] -- Up-to-date: /home/sw/detection_ws/install/yolov8_msgs/share/yolov8_msgs/msg/Vector2.idl
[0.946s] -- Up-to-date: /home/sw/detection_ws/install/yolov8_msgs/share/yolov8_msgs/msg/Pose2D.idl
[0.946s] -- Up-to-date: /home/sw/detection_ws/install/yolov8_msgs/share/yolov8_msgs/msg/BoundingBox2D.idl
[0.946s] -- Up-to-date: /home/sw/detection_ws/install/yolov8_msgs/share/yolov8_msgs/msg/BoundingBox3D.idl
[0.946s] -- Up-to-date: /home/sw/detection_ws/install/yolov8_msgs/share/yolov8_msgs/msg/Mask.idl
[0.946s] -- Up-to-date: /home/sw/detection_ws/install/yolov8_msgs/share/yolov8_msgs/msg/KeyPoint2D.idl
[0.946s] -- Up-to-date: /home/sw/detection_ws/install/yolov8_msgs/share/yolov8_msgs/msg/KeyPoint2DArray.idl
[0.946s] -- Up-to-date: /home/sw/detection_ws/install/yolov8_msgs/share/yolov8_msgs/msg/KeyPoint3D.idl
[0.946s] -- Up-to-date: /home/sw/detection_ws/install/yolov8_msgs/share/yolov8_msgs/msg/KeyPoint3DArray.idl
[0.946s] -- Up-to-date: /home/sw/detection_ws/install/yolov8_msgs/share/yolov8_msgs/msg/Detection.idl
[0.947s] -- Up-to-date: /home/sw/detection_ws/install/yolov8_msgs/share/yolov8_msgs/msg/DetectionArray.idl
[0.947s] -- Up-to-date: /home/sw/detection_ws/install/yolov8_msgs/share/yolov8_msgs/msg/Point2D.msg
[0.947s] -- Up-to-date: /home/sw/detection_ws/install/yolov8_msgs/share/yolov8_msgs/msg/Vector2.msg
[0.947s] -- Up-to-date: /home/sw/detection_ws/install/yolov8_msgs/share/yolov8_msgs/msg/Pose2D.msg
[0.947s] -- Up-to-date: /home/sw/detection_ws/install/yolov8_msgs/share/yolov8_msgs/msg/BoundingBox2D.msg
[0.947s] -- Up-to-date: /home/sw/detection_ws/install/yolov8_msgs/share/yolov8_msgs/msg/BoundingBox3D.msg
[0.947s] -- Up-to-date: /home/sw/detection_ws/install/yolov8_msgs/share/yolov8_msgs/msg/Mask.msg
[0.947s] -- Up-to-date: /home/sw/detection_ws/install/yolov8_msgs/share/yolov8_msgs/msg/KeyPoint2D.msg
[0.947s] -- Up-to-date: /home/sw/detection_ws/install/yolov8_msgs/share/yolov8_msgs/msg/KeyPoint2DArray.msg
[0.947s] -- Up-to-date: /home/sw/detection_ws/install/yolov8_msgs/share/yolov8_msgs/msg/KeyPoint3D.msg
[0.947s] -- Up-to-date: /home/sw/detection_ws/install/yolov8_msgs/share/yolov8_msgs/msg/KeyPoint3DArray.msg
[0.947s] -- Up-to-date: /home/sw/detection_ws/install/yolov8_msgs/share/yolov8_msgs/msg/Detection.msg
[0.947s] -- Up-to-date: /home/sw/detection_ws/install/yolov8_msgs/share/yolov8_msgs/msg/DetectionArray.msg
[0.947s] -- Up-to-date: /home/sw/detection_ws/install/yolov8_msgs/share/ament_index/resource_index/package_run_dependencies/yolov8_msgs
[0.947s] -- Up-to-date: /home/sw/detection_ws/install/yolov8_msgs/share/ament_index/resource_index/parent_prefix_path/yolov8_msgs
[0.947s] -- Up-to-date: /home/sw/detection_ws/install/yolov8_msgs/share/yolov8_msgs/environment/ament_prefix_path.sh
[0.948s] -- Up-to-date: /home/sw/detection_ws/install/yolov8_msgs/share/yolov8_msgs/environment/ament_prefix_path.dsv
[0.948s] -- Up-to-date: /home/sw/detection_ws/install/yolov8_msgs/share/yolov8_msgs/environment/path.sh
[0.948s] -- Up-to-date: /home/sw/detection_ws/install/yolov8_msgs/share/yolov8_msgs/environment/path.dsv
[0.948s] -- Up-to-date: /home/sw/detection_ws/install/yolov8_msgs/share/yolov8_msgs/local_setup.bash
[0.948s] -- Up-to-date: /home/sw/detection_ws/install/yolov8_msgs/share/yolov8_msgs/local_setup.sh
[0.948s] -- Up-to-date: /home/sw/detection_ws/install/yolov8_msgs/share/yolov8_msgs/local_setup.zsh
[0.948s] -- Up-to-date: /home/sw/detection_ws/install/yolov8_msgs/share/yolov8_msgs/local_setup.dsv
[0.948s] -- Installing: /home/sw/detection_ws/install/yolov8_msgs/share/yolov8_msgs/package.dsv
[0.948s] -- Up-to-date: /home/sw/detection_ws/install/yolov8_msgs/share/ament_index/resource_index/packages/yolov8_msgs
[0.948s] -- Up-to-date: /home/sw/detection_ws/install/yolov8_msgs/share/yolov8_msgs/cmake/export_yolov8_msgs__rosidl_generator_cExport.cmake
[0.948s] -- Up-to-date: /home/sw/detection_ws/install/yolov8_msgs/share/yolov8_msgs/cmake/export_yolov8_msgs__rosidl_generator_cExport-noconfig.cmake
[0.948s] -- Up-to-date: /home/sw/detection_ws/install/yolov8_msgs/share/yolov8_msgs/cmake/export_yolov8_msgs__rosidl_typesupport_fastrtps_cExport.cmake
[0.948s] -- Up-to-date: /home/sw/detection_ws/install/yolov8_msgs/share/yolov8_msgs/cmake/export_yolov8_msgs__rosidl_typesupport_fastrtps_cExport-noconfig.cmake
[0.948s] -- Up-to-date: /home/sw/detection_ws/install/yolov8_msgs/share/yolov8_msgs/cmake/yolov8_msgs__rosidl_typesupport_introspection_cExport.cmake
[0.948s] -- Up-to-date: /home/sw/detection_ws/install/yolov8_msgs/share/yolov8_msgs/cmake/yolov8_msgs__rosidl_typesupport_introspection_cExport-noconfig.cmake
[0.948s] -- Up-to-date: /home/sw/detection_ws/install/yolov8_msgs/share/yolov8_msgs/cmake/yolov8_msgs__rosidl_typesupport_cExport.cmake
[0.949s] -- Up-to-date: /home/sw/detection_ws/install/yolov8_msgs/share/yolov8_msgs/cmake/yolov8_msgs__rosidl_typesupport_cExport-noconfig.cmake
[0.949s] -- Up-to-date: /home/sw/detection_ws/install/yolov8_msgs/share/yolov8_msgs/cmake/export_yolov8_msgs__rosidl_generator_cppExport.cmake
[0.949s] -- Up-to-date: /home/sw/detection_ws/install/yolov8_msgs/share/yolov8_msgs/cmake/export_yolov8_msgs__rosidl_typesupport_fastrtps_cppExport.cmake
[0.949s] -- Up-to-date: /home/sw/detection_ws/install/yolov8_msgs/share/yolov8_msgs/cmake/export_yolov8_msgs__rosidl_typesupport_fastrtps_cppExport-noconfig.cmake
[0.949s] -- Up-to-date: /home/sw/detection_ws/install/yolov8_msgs/share/yolov8_msgs/cmake/yolov8_msgs__rosidl_typesupport_introspection_cppExport.cmake
[0.949s] -- Up-to-date: /home/sw/detection_ws/install/yolov8_msgs/share/yolov8_msgs/cmake/yolov8_msgs__rosidl_typesupport_introspection_cppExport-noconfig.cmake
[0.949s] -- Up-to-date: /home/sw/detection_ws/install/yolov8_msgs/share/yolov8_msgs/cmake/yolov8_msgs__rosidl_typesupport_cppExport.cmake
[0.949s] -- Up-to-date: /home/sw/detection_ws/install/yolov8_msgs/share/yolov8_msgs/cmake/yolov8_msgs__rosidl_typesupport_cppExport-noconfig.cmake
[0.949s] -- Up-to-date: /home/sw/detection_ws/install/yolov8_msgs/share/yolov8_msgs/cmake/export_yolov8_msgs__rosidl_generator_pyExport.cmake
[0.949s] -- Up-to-date: /home/sw/detection_ws/install/yolov8_msgs/share/yolov8_msgs/cmake/export_yolov8_msgs__rosidl_generator_pyExport-noconfig.cmake
[0.949s] -- Up-to-date: /home/sw/detection_ws/install/yolov8_msgs/share/yolov8_msgs/cmake/rosidl_cmake-extras.cmake
[0.949s] -- Up-to-date: /home/sw/detection_ws/install/yolov8_msgs/share/yolov8_msgs/cmake/ament_cmake_export_dependencies-extras.cmake
[0.949s] -- Up-to-date: /home/sw/detection_ws/install/yolov8_msgs/share/yolov8_msgs/cmake/ament_cmake_export_include_directories-extras.cmake
[0.949s] -- Up-to-date: /home/sw/detection_ws/install/yolov8_msgs/share/yolov8_msgs/cmake/ament_cmake_export_libraries-extras.cmake
[0.949s] -- Up-to-date: /home/sw/detection_ws/install/yolov8_msgs/share/yolov8_msgs/cmake/ament_cmake_export_targets-extras.cmake
[0.949s] -- Up-to-date: /home/sw/detection_ws/install/yolov8_msgs/share/yolov8_msgs/cmake/rosidl_cmake_export_typesupport_targets-extras.cmake
[0.949s] -- Up-to-date: /home/sw/detection_ws/install/yolov8_msgs/share/yolov8_msgs/cmake/rosidl_cmake_export_typesupport_libraries-extras.cmake
[0.949s] -- Up-to-date: /home/sw/detection_ws/install/yolov8_msgs/share/yolov8_msgs/cmake/yolov8_msgsConfig.cmake
[0.950s] -- Up-to-date: /home/sw/detection_ws/install/yolov8_msgs/share/yolov8_msgs/cmake/yolov8_msgsConfig-version.cmake
[0.950s] -- Up-to-date: /home/sw/detection_ws/install/yolov8_msgs/share/yolov8_msgs/package.xml
[0.951s] Invoked command in '/home/sw/detection_ws/build/yolov8_msgs' returned '0': CMAKE_PREFIX_PATH=${CMAKE_PREFIX_PATH}:/home/sw/detection_ws/install/yolov8_ros:/opt/ros/humble /usr/bin/cmake --install /home/sw/detection_ws/build/yolov8_msgs
