running egg_info
writing ../../../build/yolov8_ros/yolov8_ros.egg-info/PKG-INFO
writing dependency_links to ../../../build/yolov8_ros/yolov8_ros.egg-info/dependency_links.txt
writing entry points to ../../../build/yolov8_ros/yolov8_ros.egg-info/entry_points.txt
writing requirements to ../../../build/yolov8_ros/yolov8_ros.egg-info/requires.txt
writing top-level names to ../../../build/yolov8_ros/yolov8_ros.egg-info/top_level.txt
reading manifest file '../../../build/yolov8_ros/yolov8_ros.egg-info/SOURCES.txt'
writing manifest file '../../../build/yolov8_ros/yolov8_ros.egg-info/SOURCES.txt'
running build
running build_py
copying yolov8_ros/debug_node.py -> /home/sw/detection_ws/build/yolov8_ros/build/lib/yolov8_ros
running install
running install_lib
copying /home/sw/detection_ws/build/yolov8_ros/build/lib/yolov8_ros/debug_node.py -> /home/sw/detection_ws/install/yolov8_ros/lib/python3.10/site-packages/yolov8_ros
byte-compiling /home/sw/detection_ws/install/yolov8_ros/lib/python3.10/site-packages/yolov8_ros/debug_node.py to debug_node.cpython-310.pyc
running install_data
running install_egg_info
removing '/home/sw/detection_ws/install/yolov8_ros/lib/python3.10/site-packages/yolov8_ros-0.0.0-py3.10.egg-info' (and everything under it)
Copying ../../../build/yolov8_ros/yolov8_ros.egg-info to /home/sw/detection_ws/install/yolov8_ros/lib/python3.10/site-packages/yolov8_ros-0.0.0-py3.10.egg-info
running install_scripts
Installing debug_node script to /home/sw/detection_ws/install/yolov8_ros/lib/yolov8_ros
Installing detect_3d_node script to /home/sw/detection_ws/install/yolov8_ros/lib/yolov8_ros
Installing tracking_node script to /home/sw/detection_ws/install/yolov8_ros/lib/yolov8_ros
Installing webcam_node script to /home/sw/detection_ws/install/yolov8_ros/lib/yolov8_ros
Installing yolov8_node script to /home/sw/detection_ws/install/yolov8_ros/lib/yolov8_ros
writing list of installed files to '/home/sw/detection_ws/build/yolov8_ros/install.log'
