[0.009s] Invoking command in '/home/sw/detection_ws/build/yolov8_bringup': AMENT_PREFIX_PATH=/home/sw/detection_ws/install/yolov8_ros:/home/sw/detection_ws/install/yolov8_msgs:${AMENT_PREFIX_PATH} CMAKE_PREFIX_PATH=/home/sw/detection_ws/install/yolov8_msgs:/opt/ros/humble LD_LIBRARY_PATH=/home/sw/detection_ws/install/yolov8_msgs/lib:/opt/ros/humble/opt/rviz_ogre_vendor/lib:/opt/ros/humble/lib/x86_64-linux-gnu:/opt/ros/humble/lib:/usr/local/lib/:/usr/local/lib/ PYTHONPATH=/home/sw/detection_ws/install/yolov8_ros/lib/python3.10/site-packages:/home/sw/detection_ws/install/yolov8_msgs/local/lib/python3.10/dist-packages:${PYTHONPATH} /usr/bin/cmake /home/sw/detection_ws/src/yolov8_ros/yolov8_bringup -DCMAKE_INSTALL_PREFIX=/home/sw/detection_ws/install/yolov8_bringup
[0.075s] -- The C compiler identification is GNU 11.4.0
[0.136s] -- The CXX compiler identification is GNU 11.4.0
[0.145s] -- Detecting C compiler ABI info
[0.238s] -- Detecting C compiler ABI info - done
[0.249s] -- Check for working C compiler: /usr/bin/cc - skipped
[0.250s] -- Detecting C compile features
[0.250s] -- Detecting C compile features - done
[0.254s] -- Detecting CXX compiler ABI info
[0.363s] -- Detecting CXX compiler ABI info - done
[0.371s] -- Check for working CXX compiler: /usr/bin/c++ - skipped
[0.372s] -- Detecting CXX compile features
[0.372s] -- Detecting CXX compile features - done
[0.375s] -- Found ament_cmake: 1.3.10 (/opt/ros/humble/share/ament_cmake/cmake)
[0.526s] -- Found Python3: /usr/bin/python3 (found version "3.10.12") found components: Interpreter 
[0.679s] -- Configuring done
[0.681s] -- Generating done
[0.682s] -- Build files have been written to: /home/sw/detection_ws/build/yolov8_bringup
[0.687s] Invoked command in '/home/sw/detection_ws/build/yolov8_bringup' returned '0': AMENT_PREFIX_PATH=/home/sw/detection_ws/install/yolov8_ros:/home/sw/detection_ws/install/yolov8_msgs:${AMENT_PREFIX_PATH} CMAKE_PREFIX_PATH=/home/sw/detection_ws/install/yolov8_msgs:/opt/ros/humble LD_LIBRARY_PATH=/home/sw/detection_ws/install/yolov8_msgs/lib:/opt/ros/humble/opt/rviz_ogre_vendor/lib:/opt/ros/humble/lib/x86_64-linux-gnu:/opt/ros/humble/lib:/usr/local/lib/:/usr/local/lib/ PYTHONPATH=/home/sw/detection_ws/install/yolov8_ros/lib/python3.10/site-packages:/home/sw/detection_ws/install/yolov8_msgs/local/lib/python3.10/dist-packages:${PYTHONPATH} /usr/bin/cmake /home/sw/detection_ws/src/yolov8_ros/yolov8_bringup -DCMAKE_INSTALL_PREFIX=/home/sw/detection_ws/install/yolov8_bringup
[0.689s] Invoking command in '/home/sw/detection_ws/build/yolov8_bringup': AMENT_PREFIX_PATH=/home/sw/detection_ws/install/yolov8_ros:/home/sw/detection_ws/install/yolov8_msgs:${AMENT_PREFIX_PATH} CMAKE_PREFIX_PATH=/home/sw/detection_ws/install/yolov8_msgs:/opt/ros/humble LD_LIBRARY_PATH=/home/sw/detection_ws/install/yolov8_msgs/lib:/opt/ros/humble/opt/rviz_ogre_vendor/lib:/opt/ros/humble/lib/x86_64-linux-gnu:/opt/ros/humble/lib:/usr/local/lib/:/usr/local/lib/ PYTHONPATH=/home/sw/detection_ws/install/yolov8_ros/lib/python3.10/site-packages:/home/sw/detection_ws/install/yolov8_msgs/local/lib/python3.10/dist-packages:${PYTHONPATH} /usr/bin/cmake --build /home/sw/detection_ws/build/yolov8_bringup -- -j12 -l12
[0.727s] Invoked command in '/home/sw/detection_ws/build/yolov8_bringup' returned '0': AMENT_PREFIX_PATH=/home/sw/detection_ws/install/yolov8_ros:/home/sw/detection_ws/install/yolov8_msgs:${AMENT_PREFIX_PATH} CMAKE_PREFIX_PATH=/home/sw/detection_ws/install/yolov8_msgs:/opt/ros/humble LD_LIBRARY_PATH=/home/sw/detection_ws/install/yolov8_msgs/lib:/opt/ros/humble/opt/rviz_ogre_vendor/lib:/opt/ros/humble/lib/x86_64-linux-gnu:/opt/ros/humble/lib:/usr/local/lib/:/usr/local/lib/ PYTHONPATH=/home/sw/detection_ws/install/yolov8_ros/lib/python3.10/site-packages:/home/sw/detection_ws/install/yolov8_msgs/local/lib/python3.10/dist-packages:${PYTHONPATH} /usr/bin/cmake --build /home/sw/detection_ws/build/yolov8_bringup -- -j12 -l12
[0.758s] Invoking command in '/home/sw/detection_ws/build/yolov8_bringup': AMENT_PREFIX_PATH=/home/sw/detection_ws/install/yolov8_ros:/home/sw/detection_ws/install/yolov8_msgs:${AMENT_PREFIX_PATH} CMAKE_PREFIX_PATH=/home/sw/detection_ws/install/yolov8_msgs:/opt/ros/humble LD_LIBRARY_PATH=/home/sw/detection_ws/install/yolov8_msgs/lib:/opt/ros/humble/opt/rviz_ogre_vendor/lib:/opt/ros/humble/lib/x86_64-linux-gnu:/opt/ros/humble/lib:/usr/local/lib/:/usr/local/lib/ PYTHONPATH=/home/sw/detection_ws/install/yolov8_ros/lib/python3.10/site-packages:/home/sw/detection_ws/install/yolov8_msgs/local/lib/python3.10/dist-packages:${PYTHONPATH} /usr/bin/cmake --install /home/sw/detection_ws/build/yolov8_bringup
[0.768s] -- Install configuration: ""
[0.768s] -- Installing: /home/sw/detection_ws/install/yolov8_bringup/share/yolov8_bringup//launch
[0.769s] -- Installing: /home/sw/detection_ws/install/yolov8_bringup/share/yolov8_bringup//launch/yolov10.launch.py
[0.769s] -- Installing: /home/sw/detection_ws/install/yolov8_bringup/share/yolov8_bringup//launch/yolov8_3d.launch.py
[0.769s] -- Installing: /home/sw/detection_ws/install/yolov8_bringup/share/yolov8_bringup//launch/yolov9.launch.py
[0.769s] -- Installing: /home/sw/detection_ws/install/yolov8_bringup/share/yolov8_bringup//launch/yolo-nas.launch.py
[0.769s] -- Installing: /home/sw/detection_ws/install/yolov8_bringup/share/yolov8_bringup//launch/yolov8.launch.py
[0.769s] -- Installing: /home/sw/detection_ws/install/yolov8_bringup/share/ament_index/resource_index/package_run_dependencies/yolov8_bringup
[0.770s] -- Installing: /home/sw/detection_ws/install/yolov8_bringup/share/ament_index/resource_index/parent_prefix_path/yolov8_bringup
[0.770s] -- Installing: /home/sw/detection_ws/install/yolov8_bringup/share/yolov8_bringup/environment/ament_prefix_path.sh
[0.770s] -- Installing: /home/sw/detection_ws/install/yolov8_bringup/share/yolov8_bringup/environment/ament_prefix_path.dsv
[0.770s] -- Installing: /home/sw/detection_ws/install/yolov8_bringup/share/yolov8_bringup/environment/path.sh
[0.770s] -- Installing: /home/sw/detection_ws/install/yolov8_bringup/share/yolov8_bringup/environment/path.dsv
[0.770s] -- Installing: /home/sw/detection_ws/install/yolov8_bringup/share/yolov8_bringup/local_setup.bash
[0.770s] -- Installing: /home/sw/detection_ws/install/yolov8_bringup/share/yolov8_bringup/local_setup.sh
[0.771s] -- Installing: /home/sw/detection_ws/install/yolov8_bringup/share/yolov8_bringup/local_setup.zsh
[0.771s] -- Installing: /home/sw/detection_ws/install/yolov8_bringup/share/yolov8_bringup/local_setup.dsv
[0.771s] -- Installing: /home/sw/detection_ws/install/yolov8_bringup/share/yolov8_bringup/package.dsv
[0.771s] -- Installing: /home/sw/detection_ws/install/yolov8_bringup/share/ament_index/resource_index/packages/yolov8_bringup
[0.771s] -- Installing: /home/sw/detection_ws/install/yolov8_bringup/share/yolov8_bringup/cmake/yolov8_bringupConfig.cmake
[0.772s] -- Installing: /home/sw/detection_ws/install/yolov8_bringup/share/yolov8_bringup/cmake/yolov8_bringupConfig-version.cmake
[0.772s] -- Installing: /home/sw/detection_ws/install/yolov8_bringup/share/yolov8_bringup/package.xml
[0.774s] Invoked command in '/home/sw/detection_ws/build/yolov8_bringup' returned '0': AMENT_PREFIX_PATH=/home/sw/detection_ws/install/yolov8_ros:/home/sw/detection_ws/install/yolov8_msgs:${AMENT_PREFIX_PATH} CMAKE_PREFIX_PATH=/home/sw/detection_ws/install/yolov8_msgs:/opt/ros/humble LD_LIBRARY_PATH=/home/sw/detection_ws/install/yolov8_msgs/lib:/opt/ros/humble/opt/rviz_ogre_vendor/lib:/opt/ros/humble/lib/x86_64-linux-gnu:/opt/ros/humble/lib:/usr/local/lib/:/usr/local/lib/ PYTHONPATH=/home/sw/detection_ws/install/yolov8_ros/lib/python3.10/site-packages:/home/sw/detection_ws/install/yolov8_msgs/local/lib/python3.10/dist-packages:${PYTHONPATH} /usr/bin/cmake --install /home/sw/detection_ws/build/yolov8_bringup
