[0.013s] Invoking command in '/home/sw/detection_ws/build/yolov8_msgs': CMAKE_PREFIX_PATH=${CMAKE_PREFIX_PATH}:/home/sw/detection_ws/install/yolov8_ros:/opt/ros/humble /usr/bin/cmake --build /home/sw/detection_ws/build/yolov8_msgs -- -j12 -l12
[0.078s] [  0%] Built target yolov8_msgs__cpp
[0.082s] [ 12%] Built target yolov8_msgs__rosidl_generator_c
[0.098s] [ 12%] Built target ament_cmake_python_copy_yolov8_msgs
[0.121s] [ 24%] Built target yolov8_msgs__rosidl_typesupport_cpp
[0.129s] [ 35%] Built target yolov8_msgs__rosidl_typesupport_fastrtps_cpp
[0.130s] [ 57%] Built target yolov8_msgs__rosidl_typesupport_introspection_cpp
[0.131s] [ 68%] Built target yolov8_msgs__rosidl_typesupport_introspection_c
[0.131s] [ 71%] Built target yolov8_msgs__rosidl_typesupport_c
[0.135s] [ 83%] Built target yolov8_msgs__rosidl_typesupport_fastrtps_c
[0.160s] [ 83%] Built target yolov8_msgs
[0.187s] [ 84%] Built target yolov8_msgs__py
[0.221s] [ 95%] Built target yolov8_msgs__rosidl_generator_py
[0.253s] [100%] Built target yolov8_msgs__rosidl_typesupport_fastrtps_c__pyext
[0.253s] [100%] Built target yolov8_msgs__rosidl_typesupport_introspection_c__pyext
[0.253s] [100%] Built target yolov8_msgs__rosidl_typesupport_c__pyext
[0.545s] running egg_info
[0.546s] writing yolov8_msgs.egg-info/PKG-INFO
[0.546s] writing dependency_links to yolov8_msgs.egg-info/dependency_links.txt
[0.546s] writing top-level names to yolov8_msgs.egg-info/top_level.txt
[0.549s] reading manifest file 'yolov8_msgs.egg-info/SOURCES.txt'
[0.549s] writing manifest file 'yolov8_msgs.egg-info/SOURCES.txt'
[0.573s] [100%] Built target ament_cmake_python_build_yolov8_msgs_egg
[0.587s] Invoked command in '/home/sw/detection_ws/build/yolov8_msgs' returned '0': CMAKE_PREFIX_PATH=${CMAKE_PREFIX_PATH}:/home/sw/detection_ws/install/yolov8_ros:/opt/ros/humble /usr/bin/cmake --build /home/sw/detection_ws/build/yolov8_msgs -- -j12 -l12
[1.398s] Invoking command in '/home/sw/detection_ws/build/yolov8_msgs': CMAKE_PREFIX_PATH=${CMAKE_PREFIX_PATH}:/home/sw/detection_ws/install/yolov8_ros:/opt/ros/humble /usr/bin/cmake --install /home/sw/detection_ws/build/yolov8_msgs
[1.421s] -- Install configuration: ""
[1.422s] -- Up-to-date: /home/sw/detection_ws/install/yolov8_msgs/share/ament_index/resource_index/rosidl_interfaces/yolov8_msgs
[1.423s] -- Up-to-date: /home/sw/detection_ws/install/yolov8_msgs/include/yolov8_msgs/yolov8_msgs
[1.423s] -- Up-to-date: /home/sw/detection_ws/install/yolov8_msgs/include/yolov8_msgs/yolov8_msgs/msg
[1.424s] -- Up-to-date: /home/sw/detection_ws/install/yolov8_msgs/include/yolov8_msgs/yolov8_msgs/msg/detail
[1.425s] -- Up-to-date: /home/sw/detection_ws/install/yolov8_msgs/include/yolov8_msgs/yolov8_msgs/msg/detail/key_point3_d_array__struct.h
[1.425s] -- Up-to-date: /home/sw/detection_ws/install/yolov8_msgs/include/yolov8_msgs/yolov8_msgs/msg/detail/key_point3_d_array__functions.c
[1.425s] -- Up-to-date: /home/sw/detection_ws/install/yolov8_msgs/include/yolov8_msgs/yolov8_msgs/msg/detail/key_point2_d_array__type_support.h
[1.425s] -- Up-to-date: /home/sw/detection_ws/install/yolov8_msgs/include/yolov8_msgs/yolov8_msgs/msg/detail/detection_array__functions.h
[1.426s] -- Up-to-date: /home/sw/detection_ws/install/yolov8_msgs/include/yolov8_msgs/yolov8_msgs/msg/detail/key_point3_d__functions.c
[1.426s] -- Up-to-date: /home/sw/detection_ws/install/yolov8_msgs/include/yolov8_msgs/yolov8_msgs/msg/detail/detection__type_support.h
[1.426s] -- Up-to-date: /home/sw/detection_ws/install/yolov8_msgs/include/yolov8_msgs/yolov8_msgs/msg/detail/vector2__functions.c
[1.426s] -- Up-to-date: /home/sw/detection_ws/install/yolov8_msgs/include/yolov8_msgs/yolov8_msgs/msg/detail/pose2_d__functions.c
[1.427s] -- Up-to-date: /home/sw/detection_ws/install/yolov8_msgs/include/yolov8_msgs/yolov8_msgs/msg/detail/bounding_box3_d__struct.h
[1.427s] -- Up-to-date: /home/sw/detection_ws/install/yolov8_msgs/include/yolov8_msgs/yolov8_msgs/msg/detail/key_point2_d_array__functions.h
[1.427s] -- Up-to-date: /home/sw/detection_ws/install/yolov8_msgs/include/yolov8_msgs/yolov8_msgs/msg/detail/key_point2_d__functions.c
[1.427s] -- Up-to-date: /home/sw/detection_ws/install/yolov8_msgs/include/yolov8_msgs/yolov8_msgs/msg/detail/key_point3_d_array__type_support.h
[1.428s] -- Up-to-date: /home/sw/detection_ws/install/yolov8_msgs/include/yolov8_msgs/yolov8_msgs/msg/detail/detection_array__functions.c
[1.428s] -- Up-to-date: /home/sw/detection_ws/install/yolov8_msgs/include/yolov8_msgs/yolov8_msgs/msg/detail/key_point2_d__struct.h
[1.429s] -- Up-to-date: /home/sw/detection_ws/install/yolov8_msgs/include/yolov8_msgs/yolov8_msgs/msg/detail/pose2_d__type_support.h
[1.429s] -- Up-to-date: /home/sw/detection_ws/install/yolov8_msgs/include/yolov8_msgs/yolov8_msgs/msg/detail/detection_array__struct.h
[1.429s] -- Up-to-date: /home/sw/detection_ws/install/yolov8_msgs/include/yolov8_msgs/yolov8_msgs/msg/detail/key_point3_d__type_support.h
[1.429s] -- Up-to-date: /home/sw/detection_ws/install/yolov8_msgs/include/yolov8_msgs/yolov8_msgs/msg/detail/point2_d__struct.h
[1.430s] -- Up-to-date: /home/sw/detection_ws/install/yolov8_msgs/include/yolov8_msgs/yolov8_msgs/msg/detail/detection__struct.h
[1.430s] -- Up-to-date: /home/sw/detection_ws/install/yolov8_msgs/include/yolov8_msgs/yolov8_msgs/msg/detail/key_point3_d__struct.h
[1.430s] -- Up-to-date: /home/sw/detection_ws/install/yolov8_msgs/include/yolov8_msgs/yolov8_msgs/msg/detail/mask__functions.c
[1.430s] -- Up-to-date: /home/sw/detection_ws/install/yolov8_msgs/include/yolov8_msgs/yolov8_msgs/msg/detail/bounding_box2_d__type_support.h
[1.431s] -- Up-to-date: /home/sw/detection_ws/install/yolov8_msgs/include/yolov8_msgs/yolov8_msgs/msg/detail/key_point3_d_array__functions.h
[1.431s] -- Up-to-date: /home/sw/detection_ws/install/yolov8_msgs/include/yolov8_msgs/yolov8_msgs/msg/detail/detection__functions.c
[1.431s] -- Up-to-date: /home/sw/detection_ws/install/yolov8_msgs/include/yolov8_msgs/yolov8_msgs/msg/detail/detection_array__type_support.h
[1.432s] -- Up-to-date: /home/sw/detection_ws/install/yolov8_msgs/include/yolov8_msgs/yolov8_msgs/msg/detail/mask__struct.h
[1.432s] -- Up-to-date: /home/sw/detection_ws/install/yolov8_msgs/include/yolov8_msgs/yolov8_msgs/msg/detail/key_point2_d_array__struct.h
[1.432s] -- Up-to-date: /home/sw/detection_ws/install/yolov8_msgs/include/yolov8_msgs/yolov8_msgs/msg/detail/bounding_box3_d__functions.c
[1.432s] -- Up-to-date: /home/sw/detection_ws/install/yolov8_msgs/include/yolov8_msgs/yolov8_msgs/msg/detail/bounding_box2_d__functions.c
[1.433s] -- Up-to-date: /home/sw/detection_ws/install/yolov8_msgs/include/yolov8_msgs/yolov8_msgs/msg/detail/vector2__struct.h
[1.433s] -- Up-to-date: /home/sw/detection_ws/install/yolov8_msgs/include/yolov8_msgs/yolov8_msgs/msg/detail/bounding_box2_d__functions.h
[1.433s] -- Up-to-date: /home/sw/detection_ws/install/yolov8_msgs/include/yolov8_msgs/yolov8_msgs/msg/detail/bounding_box3_d__functions.h
[1.433s] -- Up-to-date: /home/sw/detection_ws/install/yolov8_msgs/include/yolov8_msgs/yolov8_msgs/msg/detail/point2_d__functions.h
[1.433s] -- Up-to-date: /home/sw/detection_ws/install/yolov8_msgs/include/yolov8_msgs/yolov8_msgs/msg/detail/mask__type_support.h
[1.434s] -- Up-to-date: /home/sw/detection_ws/install/yolov8_msgs/include/yolov8_msgs/yolov8_msgs/msg/detail/point2_d__functions.c
[1.434s] -- Up-to-date: /home/sw/detection_ws/install/yolov8_msgs/include/yolov8_msgs/yolov8_msgs/msg/detail/point2_d__type_support.h
[1.434s] -- Up-to-date: /home/sw/detection_ws/install/yolov8_msgs/include/yolov8_msgs/yolov8_msgs/msg/detail/pose2_d__functions.h
[1.434s] -- Up-to-date: /home/sw/detection_ws/install/yolov8_msgs/include/yolov8_msgs/yolov8_msgs/msg/detail/pose2_d__struct.h
[1.434s] -- Up-to-date: /home/sw/detection_ws/install/yolov8_msgs/include/yolov8_msgs/yolov8_msgs/msg/detail/bounding_box2_d__struct.h
[1.434s] -- Up-to-date: /home/sw/detection_ws/install/yolov8_msgs/include/yolov8_msgs/yolov8_msgs/msg/detail/key_point2_d_array__functions.c
[1.434s] -- Up-to-date: /home/sw/detection_ws/install/yolov8_msgs/include/yolov8_msgs/yolov8_msgs/msg/detail/bounding_box3_d__type_support.h
[1.434s] -- Up-to-date: /home/sw/detection_ws/install/yolov8_msgs/include/yolov8_msgs/yolov8_msgs/msg/detail/vector2__functions.h
[1.435s] -- Up-to-date: /home/sw/detection_ws/install/yolov8_msgs/include/yolov8_msgs/yolov8_msgs/msg/detail/mask__functions.h
[1.435s] -- Up-to-date: /home/sw/detection_ws/install/yolov8_msgs/include/yolov8_msgs/yolov8_msgs/msg/detail/detection__functions.h
[1.435s] -- Up-to-date: /home/sw/detection_ws/install/yolov8_msgs/include/yolov8_msgs/yolov8_msgs/msg/detail/key_point3_d__functions.h
[1.435s] -- Up-to-date: /home/sw/detection_ws/install/yolov8_msgs/include/yolov8_msgs/yolov8_msgs/msg/detail/key_point2_d__functions.h
[1.435s] -- Up-to-date: /home/sw/detection_ws/install/yolov8_msgs/include/yolov8_msgs/yolov8_msgs/msg/detail/vector2__type_support.h
[1.435s] -- Up-to-date: /home/sw/detection_ws/install/yolov8_msgs/include/yolov8_msgs/yolov8_msgs/msg/detail/key_point2_d__type_support.h
[1.435s] -- Up-to-date: /home/sw/detection_ws/install/yolov8_msgs/include/yolov8_msgs/yolov8_msgs/msg/bounding_box3_d.h
[1.435s] -- Up-to-date: /home/sw/detection_ws/install/yolov8_msgs/include/yolov8_msgs/yolov8_msgs/msg/detection_array.h
[1.435s] -- Up-to-date: /home/sw/detection_ws/install/yolov8_msgs/include/yolov8_msgs/yolov8_msgs/msg/key_point3_d_array.h
[1.435s] -- Up-to-date: /home/sw/detection_ws/install/yolov8_msgs/include/yolov8_msgs/yolov8_msgs/msg/pose2_d.h
[1.436s] -- Up-to-date: /home/sw/detection_ws/install/yolov8_msgs/include/yolov8_msgs/yolov8_msgs/msg/key_point3_d.h
[1.436s] -- Up-to-date: /home/sw/detection_ws/install/yolov8_msgs/include/yolov8_msgs/yolov8_msgs/msg/rosidl_generator_c__visibility_control.h
[1.436s] -- Up-to-date: /home/sw/detection_ws/install/yolov8_msgs/include/yolov8_msgs/yolov8_msgs/msg/key_point2_d.h
[1.436s] -- Up-to-date: /home/sw/detection_ws/install/yolov8_msgs/include/yolov8_msgs/yolov8_msgs/msg/mask.h
[1.436s] -- Up-to-date: /home/sw/detection_ws/install/yolov8_msgs/include/yolov8_msgs/yolov8_msgs/msg/key_point2_d_array.h
[1.436s] -- Up-to-date: /home/sw/detection_ws/install/yolov8_msgs/include/yolov8_msgs/yolov8_msgs/msg/bounding_box2_d.h
[1.436s] -- Up-to-date: /home/sw/detection_ws/install/yolov8_msgs/include/yolov8_msgs/yolov8_msgs/msg/point2_d.h
[1.436s] -- Up-to-date: /home/sw/detection_ws/install/yolov8_msgs/include/yolov8_msgs/yolov8_msgs/msg/detection.h
[1.436s] -- Up-to-date: /home/sw/detection_ws/install/yolov8_msgs/include/yolov8_msgs/yolov8_msgs/msg/vector2.h
[1.437s] -- Up-to-date: /home/sw/detection_ws/install/yolov8_msgs/share/yolov8_msgs/environment/library_path.sh
[1.437s] -- Up-to-date: /home/sw/detection_ws/install/yolov8_msgs/share/yolov8_msgs/environment/library_path.dsv
[1.437s] -- Up-to-date: /home/sw/detection_ws/install/yolov8_msgs/lib/libyolov8_msgs__rosidl_generator_c.so
[1.437s] -- Up-to-date: /home/sw/detection_ws/install/yolov8_msgs/include/yolov8_msgs/yolov8_msgs
[1.437s] -- Up-to-date: /home/sw/detection_ws/install/yolov8_msgs/include/yolov8_msgs/yolov8_msgs/msg
[1.437s] -- Up-to-date: /home/sw/detection_ws/install/yolov8_msgs/include/yolov8_msgs/yolov8_msgs/msg/detail
[1.437s] -- Up-to-date: /home/sw/detection_ws/install/yolov8_msgs/include/yolov8_msgs/yolov8_msgs/msg/detail/detection_array__rosidl_typesupport_fastrtps_c.h
[1.437s] -- Up-to-date: /home/sw/detection_ws/install/yolov8_msgs/include/yolov8_msgs/yolov8_msgs/msg/detail/mask__rosidl_typesupport_fastrtps_c.h
[1.438s] -- Up-to-date: /home/sw/detection_ws/install/yolov8_msgs/include/yolov8_msgs/yolov8_msgs/msg/detail/bounding_box2_d__rosidl_typesupport_fastrtps_c.h
[1.438s] -- Up-to-date: /home/sw/detection_ws/install/yolov8_msgs/include/yolov8_msgs/yolov8_msgs/msg/detail/detection__rosidl_typesupport_fastrtps_c.h
[1.438s] -- Up-to-date: /home/sw/detection_ws/install/yolov8_msgs/include/yolov8_msgs/yolov8_msgs/msg/detail/key_point3_d_array__rosidl_typesupport_fastrtps_c.h
[1.438s] -- Up-to-date: /home/sw/detection_ws/install/yolov8_msgs/include/yolov8_msgs/yolov8_msgs/msg/detail/bounding_box3_d__rosidl_typesupport_fastrtps_c.h
[1.438s] -- Up-to-date: /home/sw/detection_ws/install/yolov8_msgs/include/yolov8_msgs/yolov8_msgs/msg/detail/point2_d__rosidl_typesupport_fastrtps_c.h
[1.438s] -- Up-to-date: /home/sw/detection_ws/install/yolov8_msgs/include/yolov8_msgs/yolov8_msgs/msg/detail/key_point2_d_array__rosidl_typesupport_fastrtps_c.h
[1.438s] -- Up-to-date: /home/sw/detection_ws/install/yolov8_msgs/include/yolov8_msgs/yolov8_msgs/msg/detail/key_point3_d__rosidl_typesupport_fastrtps_c.h
[1.438s] -- Up-to-date: /home/sw/detection_ws/install/yolov8_msgs/include/yolov8_msgs/yolov8_msgs/msg/detail/pose2_d__rosidl_typesupport_fastrtps_c.h
[1.438s] -- Up-to-date: /home/sw/detection_ws/install/yolov8_msgs/include/yolov8_msgs/yolov8_msgs/msg/detail/key_point2_d__rosidl_typesupport_fastrtps_c.h
[1.438s] -- Up-to-date: /home/sw/detection_ws/install/yolov8_msgs/include/yolov8_msgs/yolov8_msgs/msg/detail/vector2__rosidl_typesupport_fastrtps_c.h
[1.439s] -- Up-to-date: /home/sw/detection_ws/install/yolov8_msgs/include/yolov8_msgs/yolov8_msgs/msg/rosidl_typesupport_fastrtps_c__visibility_control.h
[1.439s] -- Up-to-date: /home/sw/detection_ws/install/yolov8_msgs/lib/libyolov8_msgs__rosidl_typesupport_fastrtps_c.so
[1.439s] -- Up-to-date: /home/sw/detection_ws/install/yolov8_msgs/include/yolov8_msgs/yolov8_msgs
[1.439s] -- Up-to-date: /home/sw/detection_ws/install/yolov8_msgs/include/yolov8_msgs/yolov8_msgs/msg
[1.439s] -- Up-to-date: /home/sw/detection_ws/install/yolov8_msgs/include/yolov8_msgs/yolov8_msgs/msg/detail
[1.439s] -- Up-to-date: /home/sw/detection_ws/install/yolov8_msgs/include/yolov8_msgs/yolov8_msgs/msg/detail/bounding_box2_d__type_support.c
[1.439s] -- Up-to-date: /home/sw/detection_ws/install/yolov8_msgs/include/yolov8_msgs/yolov8_msgs/msg/detail/key_point2_d_array__type_support.c
[1.439s] -- Up-to-date: /home/sw/detection_ws/install/yolov8_msgs/include/yolov8_msgs/yolov8_msgs/msg/detail/key_point3_d__rosidl_typesupport_introspection_c.h
[1.439s] -- Up-to-date: /home/sw/detection_ws/install/yolov8_msgs/include/yolov8_msgs/yolov8_msgs/msg/detail/bounding_box3_d__rosidl_typesupport_introspection_c.h
[1.439s] -- Up-to-date: /home/sw/detection_ws/install/yolov8_msgs/include/yolov8_msgs/yolov8_msgs/msg/detail/pose2_d__rosidl_typesupport_introspection_c.h
[1.439s] -- Up-to-date: /home/sw/detection_ws/install/yolov8_msgs/include/yolov8_msgs/yolov8_msgs/msg/detail/point2_d__rosidl_typesupport_introspection_c.h
[1.440s] -- Up-to-date: /home/sw/detection_ws/install/yolov8_msgs/include/yolov8_msgs/yolov8_msgs/msg/detail/detection__rosidl_typesupport_introspection_c.h
[1.440s] -- Up-to-date: /home/sw/detection_ws/install/yolov8_msgs/include/yolov8_msgs/yolov8_msgs/msg/detail/detection_array__rosidl_typesupport_introspection_c.h
[1.440s] -- Up-to-date: /home/sw/detection_ws/install/yolov8_msgs/include/yolov8_msgs/yolov8_msgs/msg/detail/point2_d__type_support.c
[1.440s] -- Up-to-date: /home/sw/detection_ws/install/yolov8_msgs/include/yolov8_msgs/yolov8_msgs/msg/detail/detection__type_support.c
[1.440s] -- Up-to-date: /home/sw/detection_ws/install/yolov8_msgs/include/yolov8_msgs/yolov8_msgs/msg/detail/mask__type_support.c
[1.440s] -- Up-to-date: /home/sw/detection_ws/install/yolov8_msgs/include/yolov8_msgs/yolov8_msgs/msg/detail/vector2__rosidl_typesupport_introspection_c.h
[1.440s] -- Up-to-date: /home/sw/detection_ws/install/yolov8_msgs/include/yolov8_msgs/yolov8_msgs/msg/detail/key_point2_d__rosidl_typesupport_introspection_c.h
[1.440s] -- Up-to-date: /home/sw/detection_ws/install/yolov8_msgs/include/yolov8_msgs/yolov8_msgs/msg/detail/key_point3_d__type_support.c
[1.440s] -- Up-to-date: /home/sw/detection_ws/install/yolov8_msgs/include/yolov8_msgs/yolov8_msgs/msg/detail/key_point3_d_array__type_support.c
[1.440s] -- Up-to-date: /home/sw/detection_ws/install/yolov8_msgs/include/yolov8_msgs/yolov8_msgs/msg/detail/pose2_d__type_support.c
[1.440s] -- Up-to-date: /home/sw/detection_ws/install/yolov8_msgs/include/yolov8_msgs/yolov8_msgs/msg/detail/key_point3_d_array__rosidl_typesupport_introspection_c.h
[1.440s] -- Up-to-date: /home/sw/detection_ws/install/yolov8_msgs/include/yolov8_msgs/yolov8_msgs/msg/detail/vector2__type_support.c
[1.440s] -- Up-to-date: /home/sw/detection_ws/install/yolov8_msgs/include/yolov8_msgs/yolov8_msgs/msg/detail/detection_array__type_support.c
[1.441s] -- Up-to-date: /home/sw/detection_ws/install/yolov8_msgs/include/yolov8_msgs/yolov8_msgs/msg/detail/bounding_box3_d__type_support.c
[1.441s] -- Up-to-date: /home/sw/detection_ws/install/yolov8_msgs/include/yolov8_msgs/yolov8_msgs/msg/detail/mask__rosidl_typesupport_introspection_c.h
[1.441s] -- Up-to-date: /home/sw/detection_ws/install/yolov8_msgs/include/yolov8_msgs/yolov8_msgs/msg/detail/bounding_box2_d__rosidl_typesupport_introspection_c.h
[1.441s] -- Up-to-date: /home/sw/detection_ws/install/yolov8_msgs/include/yolov8_msgs/yolov8_msgs/msg/detail/key_point2_d__type_support.c
[1.441s] -- Up-to-date: /home/sw/detection_ws/install/yolov8_msgs/include/yolov8_msgs/yolov8_msgs/msg/detail/key_point2_d_array__rosidl_typesupport_introspection_c.h
[1.441s] -- Up-to-date: /home/sw/detection_ws/install/yolov8_msgs/include/yolov8_msgs/yolov8_msgs/msg/rosidl_typesupport_introspection_c__visibility_control.h
[1.441s] -- Up-to-date: /home/sw/detection_ws/install/yolov8_msgs/lib/libyolov8_msgs__rosidl_typesupport_introspection_c.so
[1.441s] -- Up-to-date: /home/sw/detection_ws/install/yolov8_msgs/lib/libyolov8_msgs__rosidl_typesupport_c.so
[1.441s] -- Up-to-date: /home/sw/detection_ws/install/yolov8_msgs/include/yolov8_msgs/yolov8_msgs
[1.441s] -- Up-to-date: /home/sw/detection_ws/install/yolov8_msgs/include/yolov8_msgs/yolov8_msgs/msg
[1.441s] -- Up-to-date: /home/sw/detection_ws/install/yolov8_msgs/include/yolov8_msgs/yolov8_msgs/msg/mask.hpp
[1.441s] -- Up-to-date: /home/sw/detection_ws/install/yolov8_msgs/include/yolov8_msgs/yolov8_msgs/msg/vector2.hpp
[1.441s] -- Up-to-date: /home/sw/detection_ws/install/yolov8_msgs/include/yolov8_msgs/yolov8_msgs/msg/detail
[1.442s] -- Up-to-date: /home/sw/detection_ws/install/yolov8_msgs/include/yolov8_msgs/yolov8_msgs/msg/detail/detection__builder.hpp
[1.442s] -- Up-to-date: /home/sw/detection_ws/install/yolov8_msgs/include/yolov8_msgs/yolov8_msgs/msg/detail/key_point2_d_array__builder.hpp
[1.442s] -- Up-to-date: /home/sw/detection_ws/install/yolov8_msgs/include/yolov8_msgs/yolov8_msgs/msg/detail/mask__struct.hpp
[1.442s] -- Up-to-date: /home/sw/detection_ws/install/yolov8_msgs/include/yolov8_msgs/yolov8_msgs/msg/detail/key_point3_d_array__builder.hpp
[1.442s] -- Up-to-date: /home/sw/detection_ws/install/yolov8_msgs/include/yolov8_msgs/yolov8_msgs/msg/detail/detection__traits.hpp
[1.442s] -- Up-to-date: /home/sw/detection_ws/install/yolov8_msgs/include/yolov8_msgs/yolov8_msgs/msg/detail/detection_array__builder.hpp
[1.442s] -- Up-to-date: /home/sw/detection_ws/install/yolov8_msgs/include/yolov8_msgs/yolov8_msgs/msg/detail/pose2_d__builder.hpp
[1.442s] -- Up-to-date: /home/sw/detection_ws/install/yolov8_msgs/include/yolov8_msgs/yolov8_msgs/msg/detail/bounding_box3_d__builder.hpp
[1.442s] -- Up-to-date: /home/sw/detection_ws/install/yolov8_msgs/include/yolov8_msgs/yolov8_msgs/msg/detail/key_point2_d_array__struct.hpp
[1.442s] -- Up-to-date: /home/sw/detection_ws/install/yolov8_msgs/include/yolov8_msgs/yolov8_msgs/msg/detail/pose2_d__struct.hpp
[1.442s] -- Up-to-date: /home/sw/detection_ws/install/yolov8_msgs/include/yolov8_msgs/yolov8_msgs/msg/detail/bounding_box3_d__struct.hpp
[1.442s] -- Up-to-date: /home/sw/detection_ws/install/yolov8_msgs/include/yolov8_msgs/yolov8_msgs/msg/detail/key_point2_d__traits.hpp
[1.442s] -- Up-to-date: /home/sw/detection_ws/install/yolov8_msgs/include/yolov8_msgs/yolov8_msgs/msg/detail/key_point2_d__builder.hpp
[1.442s] -- Up-to-date: /home/sw/detection_ws/install/yolov8_msgs/include/yolov8_msgs/yolov8_msgs/msg/detail/point2_d__traits.hpp
[1.443s] -- Up-to-date: /home/sw/detection_ws/install/yolov8_msgs/include/yolov8_msgs/yolov8_msgs/msg/detail/mask__traits.hpp
[1.443s] -- Up-to-date: /home/sw/detection_ws/install/yolov8_msgs/include/yolov8_msgs/yolov8_msgs/msg/detail/bounding_box2_d__traits.hpp
[1.443s] -- Up-to-date: /home/sw/detection_ws/install/yolov8_msgs/include/yolov8_msgs/yolov8_msgs/msg/detail/bounding_box2_d__builder.hpp
[1.443s] -- Up-to-date: /home/sw/detection_ws/install/yolov8_msgs/include/yolov8_msgs/yolov8_msgs/msg/detail/key_point3_d_array__struct.hpp
[1.443s] -- Up-to-date: /home/sw/detection_ws/install/yolov8_msgs/include/yolov8_msgs/yolov8_msgs/msg/detail/key_point3_d__builder.hpp
[1.443s] -- Up-to-date: /home/sw/detection_ws/install/yolov8_msgs/include/yolov8_msgs/yolov8_msgs/msg/detail/vector2__builder.hpp
[1.443s] -- Up-to-date: /home/sw/detection_ws/install/yolov8_msgs/include/yolov8_msgs/yolov8_msgs/msg/detail/key_point3_d_array__traits.hpp
[1.443s] -- Up-to-date: /home/sw/detection_ws/install/yolov8_msgs/include/yolov8_msgs/yolov8_msgs/msg/detail/point2_d__struct.hpp
[1.443s] -- Up-to-date: /home/sw/detection_ws/install/yolov8_msgs/include/yolov8_msgs/yolov8_msgs/msg/detail/bounding_box2_d__struct.hpp
[1.443s] -- Up-to-date: /home/sw/detection_ws/install/yolov8_msgs/include/yolov8_msgs/yolov8_msgs/msg/detail/key_point3_d__traits.hpp
[1.443s] -- Up-to-date: /home/sw/detection_ws/install/yolov8_msgs/include/yolov8_msgs/yolov8_msgs/msg/detail/detection__struct.hpp
[1.443s] -- Up-to-date: /home/sw/detection_ws/install/yolov8_msgs/include/yolov8_msgs/yolov8_msgs/msg/detail/detection_array__traits.hpp
[1.443s] -- Up-to-date: /home/sw/detection_ws/install/yolov8_msgs/include/yolov8_msgs/yolov8_msgs/msg/detail/point2_d__builder.hpp
[1.443s] -- Up-to-date: /home/sw/detection_ws/install/yolov8_msgs/include/yolov8_msgs/yolov8_msgs/msg/detail/detection_array__struct.hpp
[1.444s] -- Up-to-date: /home/sw/detection_ws/install/yolov8_msgs/include/yolov8_msgs/yolov8_msgs/msg/detail/vector2__traits.hpp
[1.444s] -- Up-to-date: /home/sw/detection_ws/install/yolov8_msgs/include/yolov8_msgs/yolov8_msgs/msg/detail/mask__builder.hpp
[1.444s] -- Up-to-date: /home/sw/detection_ws/install/yolov8_msgs/include/yolov8_msgs/yolov8_msgs/msg/detail/key_point2_d_array__traits.hpp
[1.444s] -- Up-to-date: /home/sw/detection_ws/install/yolov8_msgs/include/yolov8_msgs/yolov8_msgs/msg/detail/key_point2_d__struct.hpp
[1.444s] -- Up-to-date: /home/sw/detection_ws/install/yolov8_msgs/include/yolov8_msgs/yolov8_msgs/msg/detail/pose2_d__traits.hpp
[1.444s] -- Up-to-date: /home/sw/detection_ws/install/yolov8_msgs/include/yolov8_msgs/yolov8_msgs/msg/detail/vector2__struct.hpp
[1.444s] -- Up-to-date: /home/sw/detection_ws/install/yolov8_msgs/include/yolov8_msgs/yolov8_msgs/msg/detail/bounding_box3_d__traits.hpp
[1.444s] -- Up-to-date: /home/sw/detection_ws/install/yolov8_msgs/include/yolov8_msgs/yolov8_msgs/msg/detail/key_point3_d__struct.hpp
[1.444s] -- Up-to-date: /home/sw/detection_ws/install/yolov8_msgs/include/yolov8_msgs/yolov8_msgs/msg/bounding_box2_d.hpp
[1.444s] -- Up-to-date: /home/sw/detection_ws/install/yolov8_msgs/include/yolov8_msgs/yolov8_msgs/msg/key_point2_d.hpp
[1.444s] -- Up-to-date: /home/sw/detection_ws/install/yolov8_msgs/include/yolov8_msgs/yolov8_msgs/msg/detection.hpp
[1.444s] -- Up-to-date: /home/sw/detection_ws/install/yolov8_msgs/include/yolov8_msgs/yolov8_msgs/msg/key_point3_d.hpp
[1.444s] -- Up-to-date: /home/sw/detection_ws/install/yolov8_msgs/include/yolov8_msgs/yolov8_msgs/msg/pose2_d.hpp
[1.444s] -- Up-to-date: /home/sw/detection_ws/install/yolov8_msgs/include/yolov8_msgs/yolov8_msgs/msg/key_point3_d_array.hpp
[1.444s] -- Up-to-date: /home/sw/detection_ws/install/yolov8_msgs/include/yolov8_msgs/yolov8_msgs/msg/detection_array.hpp
[1.445s] -- Up-to-date: /home/sw/detection_ws/install/yolov8_msgs/include/yolov8_msgs/yolov8_msgs/msg/point2_d.hpp
[1.445s] -- Up-to-date: /home/sw/detection_ws/install/yolov8_msgs/include/yolov8_msgs/yolov8_msgs/msg/key_point2_d_array.hpp
[1.445s] -- Up-to-date: /home/sw/detection_ws/install/yolov8_msgs/include/yolov8_msgs/yolov8_msgs/msg/bounding_box3_d.hpp
[1.445s] -- Up-to-date: /home/sw/detection_ws/install/yolov8_msgs/include/yolov8_msgs/yolov8_msgs
[1.445s] -- Up-to-date: /home/sw/detection_ws/install/yolov8_msgs/include/yolov8_msgs/yolov8_msgs/msg
[1.445s] -- Up-to-date: /home/sw/detection_ws/install/yolov8_msgs/include/yolov8_msgs/yolov8_msgs/msg/detail
[1.445s] -- Up-to-date: /home/sw/detection_ws/install/yolov8_msgs/include/yolov8_msgs/yolov8_msgs/msg/detail/key_point2_d__rosidl_typesupport_fastrtps_cpp.hpp
[1.445s] -- Up-to-date: /home/sw/detection_ws/install/yolov8_msgs/include/yolov8_msgs/yolov8_msgs/msg/detail/bounding_box2_d__rosidl_typesupport_fastrtps_cpp.hpp
[1.445s] -- Up-to-date: /home/sw/detection_ws/install/yolov8_msgs/include/yolov8_msgs/yolov8_msgs/msg/detail/bounding_box3_d__rosidl_typesupport_fastrtps_cpp.hpp
[1.445s] -- Up-to-date: /home/sw/detection_ws/install/yolov8_msgs/include/yolov8_msgs/yolov8_msgs/msg/detail/mask__rosidl_typesupport_fastrtps_cpp.hpp
[1.445s] -- Up-to-date: /home/sw/detection_ws/install/yolov8_msgs/include/yolov8_msgs/yolov8_msgs/msg/detail/key_point2_d_array__rosidl_typesupport_fastrtps_cpp.hpp
[1.445s] -- Up-to-date: /home/sw/detection_ws/install/yolov8_msgs/include/yolov8_msgs/yolov8_msgs/msg/detail/pose2_d__rosidl_typesupport_fastrtps_cpp.hpp
[1.445s] -- Up-to-date: /home/sw/detection_ws/install/yolov8_msgs/include/yolov8_msgs/yolov8_msgs/msg/detail/detection__rosidl_typesupport_fastrtps_cpp.hpp
[1.445s] -- Up-to-date: /home/sw/detection_ws/install/yolov8_msgs/include/yolov8_msgs/yolov8_msgs/msg/detail/dds_fastrtps
[1.446s] -- Up-to-date: /home/sw/detection_ws/install/yolov8_msgs/include/yolov8_msgs/yolov8_msgs/msg/detail/detection_array__rosidl_typesupport_fastrtps_cpp.hpp
[1.446s] -- Up-to-date: /home/sw/detection_ws/install/yolov8_msgs/include/yolov8_msgs/yolov8_msgs/msg/detail/key_point3_d_array__rosidl_typesupport_fastrtps_cpp.hpp
[1.446s] -- Up-to-date: /home/sw/detection_ws/install/yolov8_msgs/include/yolov8_msgs/yolov8_msgs/msg/detail/point2_d__rosidl_typesupport_fastrtps_cpp.hpp
[1.446s] -- Up-to-date: /home/sw/detection_ws/install/yolov8_msgs/include/yolov8_msgs/yolov8_msgs/msg/detail/vector2__rosidl_typesupport_fastrtps_cpp.hpp
[1.446s] -- Up-to-date: /home/sw/detection_ws/install/yolov8_msgs/include/yolov8_msgs/yolov8_msgs/msg/detail/key_point3_d__rosidl_typesupport_fastrtps_cpp.hpp
[1.446s] -- Up-to-date: /home/sw/detection_ws/install/yolov8_msgs/include/yolov8_msgs/yolov8_msgs/msg/rosidl_typesupport_fastrtps_cpp__visibility_control.h
[1.446s] -- Up-to-date: /home/sw/detection_ws/install/yolov8_msgs/lib/libyolov8_msgs__rosidl_typesupport_fastrtps_cpp.so
[1.446s] -- Up-to-date: /home/sw/detection_ws/install/yolov8_msgs/include/yolov8_msgs/yolov8_msgs
[1.446s] -- Up-to-date: /home/sw/detection_ws/install/yolov8_msgs/include/yolov8_msgs/yolov8_msgs/msg
[1.446s] -- Up-to-date: /home/sw/detection_ws/install/yolov8_msgs/include/yolov8_msgs/yolov8_msgs/msg/detail
[1.446s] -- Up-to-date: /home/sw/detection_ws/install/yolov8_msgs/include/yolov8_msgs/yolov8_msgs/msg/detail/bounding_box2_d__type_support.cpp
[1.446s] -- Up-to-date: /home/sw/detection_ws/install/yolov8_msgs/include/yolov8_msgs/yolov8_msgs/msg/detail/key_point3_d__type_support.cpp
[1.446s] -- Up-to-date: /home/sw/detection_ws/install/yolov8_msgs/include/yolov8_msgs/yolov8_msgs/msg/detail/detection__rosidl_typesupport_introspection_cpp.hpp
[1.446s] -- Up-to-date: /home/sw/detection_ws/install/yolov8_msgs/include/yolov8_msgs/yolov8_msgs/msg/detail/detection__type_support.cpp
[1.447s] -- Up-to-date: /home/sw/detection_ws/install/yolov8_msgs/include/yolov8_msgs/yolov8_msgs/msg/detail/key_point2_d__rosidl_typesupport_introspection_cpp.hpp
[1.447s] -- Up-to-date: /home/sw/detection_ws/install/yolov8_msgs/include/yolov8_msgs/yolov8_msgs/msg/detail/vector2__rosidl_typesupport_introspection_cpp.hpp
[1.447s] -- Up-to-date: /home/sw/detection_ws/install/yolov8_msgs/include/yolov8_msgs/yolov8_msgs/msg/detail/key_point2_d__type_support.cpp
[1.447s] -- Up-to-date: /home/sw/detection_ws/install/yolov8_msgs/include/yolov8_msgs/yolov8_msgs/msg/detail/key_point3_d__rosidl_typesupport_introspection_cpp.hpp
[1.447s] -- Up-to-date: /home/sw/detection_ws/install/yolov8_msgs/include/yolov8_msgs/yolov8_msgs/msg/detail/detection_array__type_support.cpp
[1.447s] -- Up-to-date: /home/sw/detection_ws/install/yolov8_msgs/include/yolov8_msgs/yolov8_msgs/msg/detail/point2_d__type_support.cpp
[1.447s] -- Up-to-date: /home/sw/detection_ws/install/yolov8_msgs/include/yolov8_msgs/yolov8_msgs/msg/detail/pose2_d__rosidl_typesupport_introspection_cpp.hpp
[1.447s] -- Up-to-date: /home/sw/detection_ws/install/yolov8_msgs/include/yolov8_msgs/yolov8_msgs/msg/detail/bounding_box3_d__rosidl_typesupport_introspection_cpp.hpp
[1.447s] -- Up-to-date: /home/sw/detection_ws/install/yolov8_msgs/include/yolov8_msgs/yolov8_msgs/msg/detail/key_point2_d_array__rosidl_typesupport_introspection_cpp.hpp
[1.447s] -- Up-to-date: /home/sw/detection_ws/install/yolov8_msgs/include/yolov8_msgs/yolov8_msgs/msg/detail/mask__type_support.cpp
[1.447s] -- Up-to-date: /home/sw/detection_ws/install/yolov8_msgs/include/yolov8_msgs/yolov8_msgs/msg/detail/mask__rosidl_typesupport_introspection_cpp.hpp
[1.447s] -- Up-to-date: /home/sw/detection_ws/install/yolov8_msgs/include/yolov8_msgs/yolov8_msgs/msg/detail/bounding_box3_d__type_support.cpp
[1.447s] -- Up-to-date: /home/sw/detection_ws/install/yolov8_msgs/include/yolov8_msgs/yolov8_msgs/msg/detail/key_point3_d_array__rosidl_typesupport_introspection_cpp.hpp
[1.447s] -- Up-to-date: /home/sw/detection_ws/install/yolov8_msgs/include/yolov8_msgs/yolov8_msgs/msg/detail/key_point2_d_array__type_support.cpp
[1.448s] -- Up-to-date: /home/sw/detection_ws/install/yolov8_msgs/include/yolov8_msgs/yolov8_msgs/msg/detail/bounding_box2_d__rosidl_typesupport_introspection_cpp.hpp
[1.448s] -- Up-to-date: /home/sw/detection_ws/install/yolov8_msgs/include/yolov8_msgs/yolov8_msgs/msg/detail/key_point3_d_array__type_support.cpp
[1.448s] -- Up-to-date: /home/sw/detection_ws/install/yolov8_msgs/include/yolov8_msgs/yolov8_msgs/msg/detail/detection_array__rosidl_typesupport_introspection_cpp.hpp
[1.448s] -- Up-to-date: /home/sw/detection_ws/install/yolov8_msgs/include/yolov8_msgs/yolov8_msgs/msg/detail/pose2_d__type_support.cpp
[1.448s] -- Up-to-date: /home/sw/detection_ws/install/yolov8_msgs/include/yolov8_msgs/yolov8_msgs/msg/detail/point2_d__rosidl_typesupport_introspection_cpp.hpp
[1.448s] -- Up-to-date: /home/sw/detection_ws/install/yolov8_msgs/include/yolov8_msgs/yolov8_msgs/msg/detail/vector2__type_support.cpp
[1.448s] -- Up-to-date: /home/sw/detection_ws/install/yolov8_msgs/lib/libyolov8_msgs__rosidl_typesupport_introspection_cpp.so
[1.448s] -- Up-to-date: /home/sw/detection_ws/install/yolov8_msgs/lib/libyolov8_msgs__rosidl_typesupport_cpp.so
[1.448s] -- Up-to-date: /home/sw/detection_ws/install/yolov8_msgs/share/yolov8_msgs/environment/pythonpath.sh
[1.448s] -- Up-to-date: /home/sw/detection_ws/install/yolov8_msgs/share/yolov8_msgs/environment/pythonpath.dsv
[1.448s] -- Up-to-date: /home/sw/detection_ws/install/yolov8_msgs/local/lib/python3.10/dist-packages/yolov8_msgs-3.3.0-py3.10.egg-info
[1.448s] -- Installing: /home/sw/detection_ws/install/yolov8_msgs/local/lib/python3.10/dist-packages/yolov8_msgs-3.3.0-py3.10.egg-info/dependency_links.txt
[1.448s] -- Installing: /home/sw/detection_ws/install/yolov8_msgs/local/lib/python3.10/dist-packages/yolov8_msgs-3.3.0-py3.10.egg-info/top_level.txt
[1.448s] -- Installing: /home/sw/detection_ws/install/yolov8_msgs/local/lib/python3.10/dist-packages/yolov8_msgs-3.3.0-py3.10.egg-info/PKG-INFO
[1.449s] -- Installing: /home/sw/detection_ws/install/yolov8_msgs/local/lib/python3.10/dist-packages/yolov8_msgs-3.3.0-py3.10.egg-info/SOURCES.txt
[1.449s] -- Up-to-date: /home/sw/detection_ws/install/yolov8_msgs/local/lib/python3.10/dist-packages/yolov8_msgs
[1.449s] -- Up-to-date: /home/sw/detection_ws/install/yolov8_msgs/local/lib/python3.10/dist-packages/yolov8_msgs/msg
[1.449s] -- Up-to-date: /home/sw/detection_ws/install/yolov8_msgs/local/lib/python3.10/dist-packages/yolov8_msgs/msg/_vector2_s.c
[1.449s] -- Up-to-date: /home/sw/detection_ws/install/yolov8_msgs/local/lib/python3.10/dist-packages/yolov8_msgs/msg/_pose2_d.py
[1.449s] -- Up-to-date: /home/sw/detection_ws/install/yolov8_msgs/local/lib/python3.10/dist-packages/yolov8_msgs/msg/_detection_s.c
[1.449s] -- Up-to-date: /home/sw/detection_ws/install/yolov8_msgs/local/lib/python3.10/dist-packages/yolov8_msgs/msg/_key_point3_d.py
[1.449s] -- Up-to-date: /home/sw/detection_ws/install/yolov8_msgs/local/lib/python3.10/dist-packages/yolov8_msgs/msg/_key_point2_d_s.c
[1.449s] -- Up-to-date: /home/sw/detection_ws/install/yolov8_msgs/local/lib/python3.10/dist-packages/yolov8_msgs/msg/_key_point2_d_array_s.c
[1.449s] -- Up-to-date: /home/sw/detection_ws/install/yolov8_msgs/local/lib/python3.10/dist-packages/yolov8_msgs/msg/_key_point3_d_s.c
[1.449s] -- Up-to-date: /home/sw/detection_ws/install/yolov8_msgs/local/lib/python3.10/dist-packages/yolov8_msgs/msg/_bounding_box2_d.py
[1.449s] -- Up-to-date: /home/sw/detection_ws/install/yolov8_msgs/local/lib/python3.10/dist-packages/yolov8_msgs/msg/_pose2_d_s.c
[1.449s] -- Up-to-date: /home/sw/detection_ws/install/yolov8_msgs/local/lib/python3.10/dist-packages/yolov8_msgs/msg/_detection_array.py
[1.449s] -- Up-to-date: /home/sw/detection_ws/install/yolov8_msgs/local/lib/python3.10/dist-packages/yolov8_msgs/msg/_key_point3_d_array.py
[1.450s] -- Up-to-date: /home/sw/detection_ws/install/yolov8_msgs/local/lib/python3.10/dist-packages/yolov8_msgs/msg/_point2_d_s.c
[1.450s] -- Up-to-date: /home/sw/detection_ws/install/yolov8_msgs/local/lib/python3.10/dist-packages/yolov8_msgs/msg/_mask_s.c
[1.450s] -- Up-to-date: /home/sw/detection_ws/install/yolov8_msgs/local/lib/python3.10/dist-packages/yolov8_msgs/msg/_detection.py
[1.450s] -- Up-to-date: /home/sw/detection_ws/install/yolov8_msgs/local/lib/python3.10/dist-packages/yolov8_msgs/msg/_point2_d.py
[1.450s] -- Up-to-date: /home/sw/detection_ws/install/yolov8_msgs/local/lib/python3.10/dist-packages/yolov8_msgs/msg/_key_point2_d.py
[1.450s] -- Up-to-date: /home/sw/detection_ws/install/yolov8_msgs/local/lib/python3.10/dist-packages/yolov8_msgs/msg/_bounding_box2_d_s.c
[1.450s] -- Up-to-date: /home/sw/detection_ws/install/yolov8_msgs/local/lib/python3.10/dist-packages/yolov8_msgs/msg/_mask.py
[1.450s] -- Up-to-date: /home/sw/detection_ws/install/yolov8_msgs/local/lib/python3.10/dist-packages/yolov8_msgs/msg/_key_point3_d_array_s.c
[1.450s] -- Up-to-date: /home/sw/detection_ws/install/yolov8_msgs/local/lib/python3.10/dist-packages/yolov8_msgs/msg/_detection_array_s.c
[1.450s] -- Up-to-date: /home/sw/detection_ws/install/yolov8_msgs/local/lib/python3.10/dist-packages/yolov8_msgs/msg/_bounding_box3_d_s.c
[1.450s] -- Up-to-date: /home/sw/detection_ws/install/yolov8_msgs/local/lib/python3.10/dist-packages/yolov8_msgs/msg/_bounding_box3_d.py
[1.450s] -- Up-to-date: /home/sw/detection_ws/install/yolov8_msgs/local/lib/python3.10/dist-packages/yolov8_msgs/msg/__init__.py
[1.450s] -- Up-to-date: /home/sw/detection_ws/install/yolov8_msgs/local/lib/python3.10/dist-packages/yolov8_msgs/msg/_vector2.py
[1.450s] -- Up-to-date: /home/sw/detection_ws/install/yolov8_msgs/local/lib/python3.10/dist-packages/yolov8_msgs/msg/_key_point2_d_array.py
[1.451s] -- Up-to-date: /home/sw/detection_ws/install/yolov8_msgs/local/lib/python3.10/dist-packages/yolov8_msgs/_yolov8_msgs_s.ep.rosidl_typesupport_c.c
[1.451s] -- Up-to-date: /home/sw/detection_ws/install/yolov8_msgs/local/lib/python3.10/dist-packages/yolov8_msgs/yolov8_msgs_s__rosidl_typesupport_fastrtps_c.cpython-310-x86_64-linux-gnu.so
[1.451s] -- Up-to-date: /home/sw/detection_ws/install/yolov8_msgs/local/lib/python3.10/dist-packages/yolov8_msgs/yolov8_msgs_s__rosidl_typesupport_c.cpython-310-x86_64-linux-gnu.so
[1.451s] -- Up-to-date: /home/sw/detection_ws/install/yolov8_msgs/local/lib/python3.10/dist-packages/yolov8_msgs/_yolov8_msgs_s.ep.rosidl_typesupport_fastrtps_c.c
[1.451s] -- Up-to-date: /home/sw/detection_ws/install/yolov8_msgs/local/lib/python3.10/dist-packages/yolov8_msgs/_yolov8_msgs_s.ep.rosidl_typesupport_introspection_c.c
[1.451s] -- Up-to-date: /home/sw/detection_ws/install/yolov8_msgs/local/lib/python3.10/dist-packages/yolov8_msgs/libyolov8_msgs__rosidl_generator_py.so
[1.451s] -- Up-to-date: /home/sw/detection_ws/install/yolov8_msgs/local/lib/python3.10/dist-packages/yolov8_msgs/yolov8_msgs_s__rosidl_typesupport_introspection_c.cpython-310-x86_64-linux-gnu.so
[1.451s] -- Up-to-date: /home/sw/detection_ws/install/yolov8_msgs/local/lib/python3.10/dist-packages/yolov8_msgs/__init__.py
[1.475s] Listing '/home/sw/detection_ws/install/yolov8_msgs/local/lib/python3.10/dist-packages/yolov8_msgs'...
[1.475s] Listing '/home/sw/detection_ws/install/yolov8_msgs/local/lib/python3.10/dist-packages/yolov8_msgs/msg'...
[1.479s] -- Up-to-date: /home/sw/detection_ws/install/yolov8_msgs/local/lib/python3.10/dist-packages/yolov8_msgs/yolov8_msgs_s__rosidl_typesupport_fastrtps_c.cpython-310-x86_64-linux-gnu.so
[1.480s] -- Up-to-date: /home/sw/detection_ws/install/yolov8_msgs/local/lib/python3.10/dist-packages/yolov8_msgs/yolov8_msgs_s__rosidl_typesupport_introspection_c.cpython-310-x86_64-linux-gnu.so
[1.480s] -- Up-to-date: /home/sw/detection_ws/install/yolov8_msgs/local/lib/python3.10/dist-packages/yolov8_msgs/yolov8_msgs_s__rosidl_typesupport_c.cpython-310-x86_64-linux-gnu.so
[1.481s] -- Up-to-date: /home/sw/detection_ws/install/yolov8_msgs/lib/libyolov8_msgs__rosidl_generator_py.so
[1.481s] -- Up-to-date: /home/sw/detection_ws/install/yolov8_msgs/share/yolov8_msgs/msg/Point2D.idl
[1.482s] -- Up-to-date: /home/sw/detection_ws/install/yolov8_msgs/share/yolov8_msgs/msg/Vector2.idl
[1.482s] -- Up-to-date: /home/sw/detection_ws/install/yolov8_msgs/share/yolov8_msgs/msg/Pose2D.idl
[1.482s] -- Up-to-date: /home/sw/detection_ws/install/yolov8_msgs/share/yolov8_msgs/msg/BoundingBox2D.idl
[1.482s] -- Up-to-date: /home/sw/detection_ws/install/yolov8_msgs/share/yolov8_msgs/msg/BoundingBox3D.idl
[1.482s] -- Up-to-date: /home/sw/detection_ws/install/yolov8_msgs/share/yolov8_msgs/msg/Mask.idl
[1.482s] -- Up-to-date: /home/sw/detection_ws/install/yolov8_msgs/share/yolov8_msgs/msg/KeyPoint2D.idl
[1.482s] -- Up-to-date: /home/sw/detection_ws/install/yolov8_msgs/share/yolov8_msgs/msg/KeyPoint2DArray.idl
[1.482s] -- Up-to-date: /home/sw/detection_ws/install/yolov8_msgs/share/yolov8_msgs/msg/KeyPoint3D.idl
[1.482s] -- Up-to-date: /home/sw/detection_ws/install/yolov8_msgs/share/yolov8_msgs/msg/KeyPoint3DArray.idl
[1.483s] -- Up-to-date: /home/sw/detection_ws/install/yolov8_msgs/share/yolov8_msgs/msg/Detection.idl
[1.483s] -- Up-to-date: /home/sw/detection_ws/install/yolov8_msgs/share/yolov8_msgs/msg/DetectionArray.idl
[1.483s] -- Up-to-date: /home/sw/detection_ws/install/yolov8_msgs/share/yolov8_msgs/msg/Point2D.msg
[1.483s] -- Up-to-date: /home/sw/detection_ws/install/yolov8_msgs/share/yolov8_msgs/msg/Vector2.msg
[1.483s] -- Up-to-date: /home/sw/detection_ws/install/yolov8_msgs/share/yolov8_msgs/msg/Pose2D.msg
[1.483s] -- Up-to-date: /home/sw/detection_ws/install/yolov8_msgs/share/yolov8_msgs/msg/BoundingBox2D.msg
[1.483s] -- Up-to-date: /home/sw/detection_ws/install/yolov8_msgs/share/yolov8_msgs/msg/BoundingBox3D.msg
[1.483s] -- Up-to-date: /home/sw/detection_ws/install/yolov8_msgs/share/yolov8_msgs/msg/Mask.msg
[1.483s] -- Up-to-date: /home/sw/detection_ws/install/yolov8_msgs/share/yolov8_msgs/msg/KeyPoint2D.msg
[1.483s] -- Up-to-date: /home/sw/detection_ws/install/yolov8_msgs/share/yolov8_msgs/msg/KeyPoint2DArray.msg
[1.483s] -- Up-to-date: /home/sw/detection_ws/install/yolov8_msgs/share/yolov8_msgs/msg/KeyPoint3D.msg
[1.484s] -- Up-to-date: /home/sw/detection_ws/install/yolov8_msgs/share/yolov8_msgs/msg/KeyPoint3DArray.msg
[1.484s] -- Up-to-date: /home/sw/detection_ws/install/yolov8_msgs/share/yolov8_msgs/msg/Detection.msg
[1.484s] -- Up-to-date: /home/sw/detection_ws/install/yolov8_msgs/share/yolov8_msgs/msg/DetectionArray.msg
[1.484s] -- Up-to-date: /home/sw/detection_ws/install/yolov8_msgs/share/ament_index/resource_index/package_run_dependencies/yolov8_msgs
[1.484s] -- Up-to-date: /home/sw/detection_ws/install/yolov8_msgs/share/ament_index/resource_index/parent_prefix_path/yolov8_msgs
[1.484s] -- Up-to-date: /home/sw/detection_ws/install/yolov8_msgs/share/yolov8_msgs/environment/ament_prefix_path.sh
[1.484s] -- Up-to-date: /home/sw/detection_ws/install/yolov8_msgs/share/yolov8_msgs/environment/ament_prefix_path.dsv
[1.484s] -- Up-to-date: /home/sw/detection_ws/install/yolov8_msgs/share/yolov8_msgs/environment/path.sh
[1.484s] -- Up-to-date: /home/sw/detection_ws/install/yolov8_msgs/share/yolov8_msgs/environment/path.dsv
[1.484s] -- Up-to-date: /home/sw/detection_ws/install/yolov8_msgs/share/yolov8_msgs/local_setup.bash
[1.484s] -- Up-to-date: /home/sw/detection_ws/install/yolov8_msgs/share/yolov8_msgs/local_setup.sh
[1.485s] -- Up-to-date: /home/sw/detection_ws/install/yolov8_msgs/share/yolov8_msgs/local_setup.zsh
[1.485s] -- Up-to-date: /home/sw/detection_ws/install/yolov8_msgs/share/yolov8_msgs/local_setup.dsv
[1.485s] -- Installing: /home/sw/detection_ws/install/yolov8_msgs/share/yolov8_msgs/package.dsv
[1.485s] -- Up-to-date: /home/sw/detection_ws/install/yolov8_msgs/share/ament_index/resource_index/packages/yolov8_msgs
[1.485s] -- Up-to-date: /home/sw/detection_ws/install/yolov8_msgs/share/yolov8_msgs/cmake/export_yolov8_msgs__rosidl_generator_cExport.cmake
[1.485s] -- Up-to-date: /home/sw/detection_ws/install/yolov8_msgs/share/yolov8_msgs/cmake/export_yolov8_msgs__rosidl_generator_cExport-noconfig.cmake
[1.485s] -- Up-to-date: /home/sw/detection_ws/install/yolov8_msgs/share/yolov8_msgs/cmake/export_yolov8_msgs__rosidl_typesupport_fastrtps_cExport.cmake
[1.485s] -- Up-to-date: /home/sw/detection_ws/install/yolov8_msgs/share/yolov8_msgs/cmake/export_yolov8_msgs__rosidl_typesupport_fastrtps_cExport-noconfig.cmake
[1.485s] -- Up-to-date: /home/sw/detection_ws/install/yolov8_msgs/share/yolov8_msgs/cmake/yolov8_msgs__rosidl_typesupport_introspection_cExport.cmake
[1.485s] -- Up-to-date: /home/sw/detection_ws/install/yolov8_msgs/share/yolov8_msgs/cmake/yolov8_msgs__rosidl_typesupport_introspection_cExport-noconfig.cmake
[1.486s] -- Up-to-date: /home/sw/detection_ws/install/yolov8_msgs/share/yolov8_msgs/cmake/yolov8_msgs__rosidl_typesupport_cExport.cmake
[1.486s] -- Up-to-date: /home/sw/detection_ws/install/yolov8_msgs/share/yolov8_msgs/cmake/yolov8_msgs__rosidl_typesupport_cExport-noconfig.cmake
[1.486s] -- Up-to-date: /home/sw/detection_ws/install/yolov8_msgs/share/yolov8_msgs/cmake/export_yolov8_msgs__rosidl_generator_cppExport.cmake
[1.486s] -- Up-to-date: /home/sw/detection_ws/install/yolov8_msgs/share/yolov8_msgs/cmake/export_yolov8_msgs__rosidl_typesupport_fastrtps_cppExport.cmake
[1.486s] -- Up-to-date: /home/sw/detection_ws/install/yolov8_msgs/share/yolov8_msgs/cmake/export_yolov8_msgs__rosidl_typesupport_fastrtps_cppExport-noconfig.cmake
[1.486s] -- Up-to-date: /home/sw/detection_ws/install/yolov8_msgs/share/yolov8_msgs/cmake/yolov8_msgs__rosidl_typesupport_introspection_cppExport.cmake
[1.486s] -- Up-to-date: /home/sw/detection_ws/install/yolov8_msgs/share/yolov8_msgs/cmake/yolov8_msgs__rosidl_typesupport_introspection_cppExport-noconfig.cmake
[1.486s] -- Up-to-date: /home/sw/detection_ws/install/yolov8_msgs/share/yolov8_msgs/cmake/yolov8_msgs__rosidl_typesupport_cppExport.cmake
[1.486s] -- Up-to-date: /home/sw/detection_ws/install/yolov8_msgs/share/yolov8_msgs/cmake/yolov8_msgs__rosidl_typesupport_cppExport-noconfig.cmake
[1.486s] -- Up-to-date: /home/sw/detection_ws/install/yolov8_msgs/share/yolov8_msgs/cmake/export_yolov8_msgs__rosidl_generator_pyExport.cmake
[1.486s] -- Up-to-date: /home/sw/detection_ws/install/yolov8_msgs/share/yolov8_msgs/cmake/export_yolov8_msgs__rosidl_generator_pyExport-noconfig.cmake
[1.487s] -- Up-to-date: /home/sw/detection_ws/install/yolov8_msgs/share/yolov8_msgs/cmake/rosidl_cmake-extras.cmake
[1.487s] -- Up-to-date: /home/sw/detection_ws/install/yolov8_msgs/share/yolov8_msgs/cmake/ament_cmake_export_dependencies-extras.cmake
[1.487s] -- Up-to-date: /home/sw/detection_ws/install/yolov8_msgs/share/yolov8_msgs/cmake/ament_cmake_export_include_directories-extras.cmake
[1.487s] -- Up-to-date: /home/sw/detection_ws/install/yolov8_msgs/share/yolov8_msgs/cmake/ament_cmake_export_libraries-extras.cmake
[1.487s] -- Up-to-date: /home/sw/detection_ws/install/yolov8_msgs/share/yolov8_msgs/cmake/ament_cmake_export_targets-extras.cmake
[1.487s] -- Up-to-date: /home/sw/detection_ws/install/yolov8_msgs/share/yolov8_msgs/cmake/rosidl_cmake_export_typesupport_targets-extras.cmake
[1.487s] -- Up-to-date: /home/sw/detection_ws/install/yolov8_msgs/share/yolov8_msgs/cmake/rosidl_cmake_export_typesupport_libraries-extras.cmake
[1.487s] -- Up-to-date: /home/sw/detection_ws/install/yolov8_msgs/share/yolov8_msgs/cmake/yolov8_msgsConfig.cmake
[1.487s] -- Up-to-date: /home/sw/detection_ws/install/yolov8_msgs/share/yolov8_msgs/cmake/yolov8_msgsConfig-version.cmake
[1.487s] -- Up-to-date: /home/sw/detection_ws/install/yolov8_msgs/share/yolov8_msgs/package.xml
[1.489s] Invoked command in '/home/sw/detection_ws/build/yolov8_msgs' returned '0': CMAKE_PREFIX_PATH=${CMAKE_PREFIX_PATH}:/home/sw/detection_ws/install/yolov8_ros:/opt/ros/humble /usr/bin/cmake --install /home/sw/detection_ws/build/yolov8_msgs
