[0.757s] Invoking command in '/home/sw/detection_ws/src/yolov8_ros/yolov8_ros': AMENT_PREFIX_PATH=/home/sw/detection_ws/install/yolov8_msgs:${AMENT_PREFIX_PATH} CMAKE_PREFIX_PATH=/home/sw/detection_ws/install/yolov8_msgs LD_LIBRARY_PATH=/home/sw/detection_ws/install/yolov8_msgs/lib:/opt/ros/humble/opt/rviz_ogre_vendor/lib:/opt/ros/humble/lib/x86_64-linux-gnu:/opt/ros/humble/lib:/usr/local/lib/:/usr/local/lib/ PYTHONPATH=/home/sw/detection_ws/build/yolov8_ros/prefix_override:/usr/lib/python3/dist-packages/colcon_core/task/python/colcon_distutils_commands:/home/sw/detection_ws/install/yolov8_ros/lib/python3.10/site-packages:/home/sw/detection_ws/install/yolov8_msgs/local/lib/python3.10/dist-packages:${PYTHONPATH} /usr/bin/python3 -W ignore:setup.py install is deprecated setup.py egg_info --egg-base ../../../build/yolov8_ros build --build-base /home/sw/detection_ws/build/yolov8_ros/build install --record /home/sw/detection_ws/build/yolov8_ros/install.log --single-version-externally-managed install_data
[1.019s] running egg_info
[1.019s] creating ../../../build/yolov8_ros/yolov8_ros.egg-info
[1.020s] writing ../../../build/yolov8_ros/yolov8_ros.egg-info/PKG-INFO
[1.020s] writing dependency_links to ../../../build/yolov8_ros/yolov8_ros.egg-info/dependency_links.txt
[1.020s] writing entry points to ../../../build/yolov8_ros/yolov8_ros.egg-info/entry_points.txt
[1.021s] writing requirements to ../../../build/yolov8_ros/yolov8_ros.egg-info/requires.txt
[1.021s] writing top-level names to ../../../build/yolov8_ros/yolov8_ros.egg-info/top_level.txt
[1.021s] writing manifest file '../../../build/yolov8_ros/yolov8_ros.egg-info/SOURCES.txt'
[1.022s] reading manifest file '../../../build/yolov8_ros/yolov8_ros.egg-info/SOURCES.txt'
[1.023s] writing manifest file '../../../build/yolov8_ros/yolov8_ros.egg-info/SOURCES.txt'
[1.023s] running build
[1.024s] running build_py
[1.024s] creating /home/sw/detection_ws/build/yolov8_ros/build
[1.024s] creating /home/sw/detection_ws/build/yolov8_ros/build/lib
[1.024s] creating /home/sw/detection_ws/build/yolov8_ros/build/lib/yolov8_ros
[1.024s] copying yolov8_ros/yolov8_node.py -> /home/sw/detection_ws/build/yolov8_ros/build/lib/yolov8_ros
[1.024s] copying yolov8_ros/debug_node.py -> /home/sw/detection_ws/build/yolov8_ros/build/lib/yolov8_ros
[1.025s] copying yolov8_ros/tracking_node.py -> /home/sw/detection_ws/build/yolov8_ros/build/lib/yolov8_ros
[1.025s] copying yolov8_ros/detect_3d_node.py -> /home/sw/detection_ws/build/yolov8_ros/build/lib/yolov8_ros
[1.025s] copying yolov8_ros/__init__.py -> /home/sw/detection_ws/build/yolov8_ros/build/lib/yolov8_ros
[1.025s] running install
[1.025s] running install_lib
[1.026s] creating /home/sw/detection_ws/install/yolov8_ros/lib/python3.10/site-packages/yolov8_ros
[1.026s] copying /home/sw/detection_ws/build/yolov8_ros/build/lib/yolov8_ros/yolov8_node.py -> /home/sw/detection_ws/install/yolov8_ros/lib/python3.10/site-packages/yolov8_ros
[1.027s] copying /home/sw/detection_ws/build/yolov8_ros/build/lib/yolov8_ros/debug_node.py -> /home/sw/detection_ws/install/yolov8_ros/lib/python3.10/site-packages/yolov8_ros
[1.027s] copying /home/sw/detection_ws/build/yolov8_ros/build/lib/yolov8_ros/tracking_node.py -> /home/sw/detection_ws/install/yolov8_ros/lib/python3.10/site-packages/yolov8_ros
[1.027s] copying /home/sw/detection_ws/build/yolov8_ros/build/lib/yolov8_ros/detect_3d_node.py -> /home/sw/detection_ws/install/yolov8_ros/lib/python3.10/site-packages/yolov8_ros
[1.027s] copying /home/sw/detection_ws/build/yolov8_ros/build/lib/yolov8_ros/__init__.py -> /home/sw/detection_ws/install/yolov8_ros/lib/python3.10/site-packages/yolov8_ros
[1.028s] byte-compiling /home/sw/detection_ws/install/yolov8_ros/lib/python3.10/site-packages/yolov8_ros/yolov8_node.py to yolov8_node.cpython-310.pyc
[1.029s] byte-compiling /home/sw/detection_ws/install/yolov8_ros/lib/python3.10/site-packages/yolov8_ros/debug_node.py to debug_node.cpython-310.pyc
[1.031s] byte-compiling /home/sw/detection_ws/install/yolov8_ros/lib/python3.10/site-packages/yolov8_ros/tracking_node.py to tracking_node.cpython-310.pyc
[1.033s] byte-compiling /home/sw/detection_ws/install/yolov8_ros/lib/python3.10/site-packages/yolov8_ros/detect_3d_node.py to detect_3d_node.cpython-310.pyc
[1.035s] byte-compiling /home/sw/detection_ws/install/yolov8_ros/lib/python3.10/site-packages/yolov8_ros/__init__.py to __init__.cpython-310.pyc
[1.035s] running install_data
[1.035s] creating /home/sw/detection_ws/install/yolov8_ros/share/ament_index
[1.036s] creating /home/sw/detection_ws/install/yolov8_ros/share/ament_index/resource_index
[1.036s] creating /home/sw/detection_ws/install/yolov8_ros/share/ament_index/resource_index/packages
[1.036s] copying resource/yolov8_ros -> /home/sw/detection_ws/install/yolov8_ros/share/ament_index/resource_index/packages
[1.036s] copying package.xml -> /home/sw/detection_ws/install/yolov8_ros/share/yolov8_ros
[1.036s] running install_egg_info
[1.037s] Copying ../../../build/yolov8_ros/yolov8_ros.egg-info to /home/sw/detection_ws/install/yolov8_ros/lib/python3.10/site-packages/yolov8_ros-0.0.0-py3.10.egg-info
[1.038s] running install_scripts
[1.055s] Installing debug_node script to /home/sw/detection_ws/install/yolov8_ros/lib/yolov8_ros
[1.055s] Installing detect_3d_node script to /home/sw/detection_ws/install/yolov8_ros/lib/yolov8_ros
[1.055s] Installing tracking_node script to /home/sw/detection_ws/install/yolov8_ros/lib/yolov8_ros
[1.056s] Installing yolov8_node script to /home/sw/detection_ws/install/yolov8_ros/lib/yolov8_ros
[1.056s] writing list of installed files to '/home/sw/detection_ws/build/yolov8_ros/install.log'
[1.072s] Invoked command in '/home/sw/detection_ws/src/yolov8_ros/yolov8_ros' returned '0': AMENT_PREFIX_PATH=/home/sw/detection_ws/install/yolov8_msgs:${AMENT_PREFIX_PATH} CMAKE_PREFIX_PATH=/home/sw/detection_ws/install/yolov8_msgs LD_LIBRARY_PATH=/home/sw/detection_ws/install/yolov8_msgs/lib:/opt/ros/humble/opt/rviz_ogre_vendor/lib:/opt/ros/humble/lib/x86_64-linux-gnu:/opt/ros/humble/lib:/usr/local/lib/:/usr/local/lib/ PYTHONPATH=/home/sw/detection_ws/build/yolov8_ros/prefix_override:/usr/lib/python3/dist-packages/colcon_core/task/python/colcon_distutils_commands:/home/sw/detection_ws/install/yolov8_ros/lib/python3.10/site-packages:/home/sw/detection_ws/install/yolov8_msgs/local/lib/python3.10/dist-packages:${PYTHONPATH} /usr/bin/python3 -W ignore:setup.py install is deprecated setup.py egg_info --egg-base ../../../build/yolov8_ros build --build-base /home/sw/detection_ws/build/yolov8_ros/build install --record /home/sw/detection_ws/build/yolov8_ros/install.log --single-version-externally-managed install_data
