[0.109s] [34mcolcon[0m [1;30mDEBUG[0m [32mCommand line arguments: ['/usr/bin/colcon', 'build'][0m
[0.110s] [34mcolcon[0m [1;30mDEBUG[0m [32mParsed command line arguments: Namespace(log_base=None, log_level=None, verb_name='build', build_base='build', install_base='install', merge_install=False, symlink_install=False, test_result_base=None, continue_on_error=False, executor='parallel', parallel_workers=12, event_handlers=None, ignore_user_meta=False, metas=['./colcon.meta'], base_paths=['.'], packages_ignore=None, packages_ignore_regex=None, paths=None, packages_up_to=None, packages_up_to_regex=None, packages_above=None, packages_above_and_dependencies=None, packages_above_depth=None, packages_select_by_dep=None, packages_skip_by_dep=None, packages_skip_up_to=None, packages_select_build_failed=False, packages_skip_build_finished=False, packages_select_test_failures=False, packages_skip_test_passed=False, packages_select=None, packages_skip=None, packages_select_regex=None, packages_skip_regex=None, packages_start=None, packages_end=None, allow_overriding=[], cmake_args=None, cmake_target=None, cmake_target_skip_unavailable=False, cmake_clean_cache=False, cmake_clean_first=False, cmake_force_configure=False, ament_cmake_args=None, catkin_cmake_args=None, catkin_skip_building_tests=False, mixin_files=None, mixin=None, verb_parser=<colcon_mixin.mixin.mixin_argument.MixinArgumentDecorator object at 0x787380022500>, verb_extension=<colcon_core.verb.build.BuildVerb object at 0x7873807bf2e0>, main=<bound method BuildVerb.main of <colcon_core.verb.build.BuildVerb object at 0x7873807bf2e0>>, mixin_verb=('build',))[0m
[0.294s] [34mcolcon.colcon_core.package_discovery[0m [1;30mLevel 1[0m discover_packages(colcon_meta) check parameters
[0.295s] [34mcolcon.colcon_core.package_discovery[0m [1;30mLevel 1[0m discover_packages(recursive) check parameters
[0.295s] [34mcolcon.colcon_core.package_discovery[0m [1;30mLevel 1[0m discover_packages(ignore) check parameters
[0.295s] [34mcolcon.colcon_core.package_discovery[0m [1;30mLevel 1[0m discover_packages(path) check parameters
[0.295s] [34mcolcon.colcon_core.package_discovery[0m [1;30mLevel 1[0m discover_packages(colcon_meta) discover
[0.295s] [34mcolcon.colcon_core.package_discovery[0m [1;30mLevel 1[0m discover_packages(recursive) discover
[0.295s] [34mcolcon.colcon_core.package_discovery[0m [1;30mINFO[0m Crawling recursively for packages in '/home/sw/detection_ws'
[0.295s] [34mcolcon.colcon_core.package_identification[0m [1;30mLevel 1[0m _identify(.) by extensions ['ignore', 'ignore_ament_install']
[0.295s] [34mcolcon.colcon_core.package_identification[0m [1;30mLevel 1[0m _identify(.) by extension 'ignore'
[0.295s] [34mcolcon.colcon_core.package_identification[0m [1;30mLevel 1[0m _identify(.) by extension 'ignore_ament_install'
[0.295s] [34mcolcon.colcon_core.package_identification[0m [1;30mLevel 1[0m _identify(.) by extensions ['colcon_pkg']
[0.295s] [34mcolcon.colcon_core.package_identification[0m [1;30mLevel 1[0m _identify(.) by extension 'colcon_pkg'
[0.295s] [34mcolcon.colcon_core.package_identification[0m [1;30mLevel 1[0m _identify(.) by extensions ['colcon_meta']
[0.295s] [34mcolcon.colcon_core.package_identification[0m [1;30mLevel 1[0m _identify(.) by extension 'colcon_meta'
[0.295s] [34mcolcon.colcon_core.package_identification[0m [1;30mLevel 1[0m _identify(.) by extensions ['ros']
[0.295s] [34mcolcon.colcon_core.package_identification[0m [1;30mLevel 1[0m _identify(.) by extension 'ros'
[0.313s] [34mcolcon.colcon_core.package_identification[0m [1;30mLevel 1[0m _identify(.) by extensions ['cmake', 'python']
[0.313s] [34mcolcon.colcon_core.package_identification[0m [1;30mLevel 1[0m _identify(.) by extension 'cmake'
[0.313s] [34mcolcon.colcon_core.package_identification[0m [1;30mLevel 1[0m _identify(.) by extension 'python'
[0.313s] [34mcolcon.colcon_core.package_identification[0m [1;30mLevel 1[0m _identify(.) by extensions ['python_setup_py']
[0.313s] [34mcolcon.colcon_core.package_identification[0m [1;30mLevel 1[0m _identify(.) by extension 'python_setup_py'
[0.313s] [34mcolcon.colcon_core.package_identification[0m [1;30mLevel 1[0m _identify(build) by extensions ['ignore', 'ignore_ament_install']
[0.313s] [34mcolcon.colcon_core.package_identification[0m [1;30mLevel 1[0m _identify(build) by extension 'ignore'
[0.313s] [34mcolcon.colcon_core.package_identification[0m [1;30mLevel 1[0m _identify(build) ignored
[0.314s] [34mcolcon.colcon_core.package_identification[0m [1;30mLevel 1[0m _identify(install) by extensions ['ignore', 'ignore_ament_install']
[0.314s] [34mcolcon.colcon_core.package_identification[0m [1;30mLevel 1[0m _identify(install) by extension 'ignore'
[0.314s] [34mcolcon.colcon_core.package_identification[0m [1;30mLevel 1[0m _identify(install) ignored
[0.314s] [34mcolcon.colcon_core.package_identification[0m [1;30mLevel 1[0m _identify(log) by extensions ['ignore', 'ignore_ament_install']
[0.314s] [34mcolcon.colcon_core.package_identification[0m [1;30mLevel 1[0m _identify(log) by extension 'ignore'
[0.314s] [34mcolcon.colcon_core.package_identification[0m [1;30mLevel 1[0m _identify(log) ignored
[0.314s] [34mcolcon.colcon_core.package_identification[0m [1;30mLevel 1[0m _identify(src) by extensions ['ignore', 'ignore_ament_install']
[0.314s] [34mcolcon.colcon_core.package_identification[0m [1;30mLevel 1[0m _identify(src) by extension 'ignore'
[0.314s] [34mcolcon.colcon_core.package_identification[0m [1;30mLevel 1[0m _identify(src) by extension 'ignore_ament_install'
[0.314s] [34mcolcon.colcon_core.package_identification[0m [1;30mLevel 1[0m _identify(src) by extensions ['colcon_pkg']
[0.315s] [34mcolcon.colcon_core.package_identification[0m [1;30mLevel 1[0m _identify(src) by extension 'colcon_pkg'
[0.315s] [34mcolcon.colcon_core.package_identification[0m [1;30mLevel 1[0m _identify(src) by extensions ['colcon_meta']
[0.315s] [34mcolcon.colcon_core.package_identification[0m [1;30mLevel 1[0m _identify(src) by extension 'colcon_meta'
[0.315s] [34mcolcon.colcon_core.package_identification[0m [1;30mLevel 1[0m _identify(src) by extensions ['ros']
[0.315s] [34mcolcon.colcon_core.package_identification[0m [1;30mLevel 1[0m _identify(src) by extension 'ros'
[0.315s] [34mcolcon.colcon_core.package_identification[0m [1;30mLevel 1[0m _identify(src) by extensions ['cmake', 'python']
[0.315s] [34mcolcon.colcon_core.package_identification[0m [1;30mLevel 1[0m _identify(src) by extension 'cmake'
[0.315s] [34mcolcon.colcon_core.package_identification[0m [1;30mLevel 1[0m _identify(src) by extension 'python'
[0.315s] [34mcolcon.colcon_core.package_identification[0m [1;30mLevel 1[0m _identify(src) by extensions ['python_setup_py']
[0.315s] [34mcolcon.colcon_core.package_identification[0m [1;30mLevel 1[0m _identify(src) by extension 'python_setup_py'
[0.315s] [34mcolcon.colcon_core.package_identification[0m [1;30mLevel 1[0m _identify(src/yolov8_ros) by extensions ['ignore', 'ignore_ament_install']
[0.315s] [34mcolcon.colcon_core.package_identification[0m [1;30mLevel 1[0m _identify(src/yolov8_ros) by extension 'ignore'
[0.315s] [34mcolcon.colcon_core.package_identification[0m [1;30mLevel 1[0m _identify(src/yolov8_ros) by extension 'ignore_ament_install'
[0.315s] [34mcolcon.colcon_core.package_identification[0m [1;30mLevel 1[0m _identify(src/yolov8_ros) by extensions ['colcon_pkg']
[0.315s] [34mcolcon.colcon_core.package_identification[0m [1;30mLevel 1[0m _identify(src/yolov8_ros) by extension 'colcon_pkg'
[0.315s] [34mcolcon.colcon_core.package_identification[0m [1;30mLevel 1[0m _identify(src/yolov8_ros) by extensions ['colcon_meta']
[0.315s] [34mcolcon.colcon_core.package_identification[0m [1;30mLevel 1[0m _identify(src/yolov8_ros) by extension 'colcon_meta'
[0.315s] [34mcolcon.colcon_core.package_identification[0m [1;30mLevel 1[0m _identify(src/yolov8_ros) by extensions ['ros']
[0.316s] [34mcolcon.colcon_core.package_identification[0m [1;30mLevel 1[0m _identify(src/yolov8_ros) by extension 'ros'
[0.316s] [34mcolcon.colcon_core.package_identification[0m [1;30mLevel 1[0m _identify(src/yolov8_ros) by extensions ['cmake', 'python']
[0.316s] [34mcolcon.colcon_core.package_identification[0m [1;30mLevel 1[0m _identify(src/yolov8_ros) by extension 'cmake'
[0.316s] [34mcolcon.colcon_core.package_identification[0m [1;30mLevel 1[0m _identify(src/yolov8_ros) by extension 'python'
[0.316s] [34mcolcon.colcon_core.package_identification[0m [1;30mLevel 1[0m _identify(src/yolov8_ros) by extensions ['python_setup_py']
[0.316s] [34mcolcon.colcon_core.package_identification[0m [1;30mLevel 1[0m _identify(src/yolov8_ros) by extension 'python_setup_py'
[0.316s] [34mcolcon.colcon_core.package_identification[0m [1;30mLevel 1[0m _identify(src/yolov8_ros/docs) by extensions ['ignore', 'ignore_ament_install']
[0.316s] [34mcolcon.colcon_core.package_identification[0m [1;30mLevel 1[0m _identify(src/yolov8_ros/docs) by extension 'ignore'
[0.316s] [34mcolcon.colcon_core.package_identification[0m [1;30mLevel 1[0m _identify(src/yolov8_ros/docs) by extension 'ignore_ament_install'
[0.316s] [34mcolcon.colcon_core.package_identification[0m [1;30mLevel 1[0m _identify(src/yolov8_ros/docs) by extensions ['colcon_pkg']
[0.316s] [34mcolcon.colcon_core.package_identification[0m [1;30mLevel 1[0m _identify(src/yolov8_ros/docs) by extension 'colcon_pkg'
[0.316s] [34mcolcon.colcon_core.package_identification[0m [1;30mLevel 1[0m _identify(src/yolov8_ros/docs) by extensions ['colcon_meta']
[0.316s] [34mcolcon.colcon_core.package_identification[0m [1;30mLevel 1[0m _identify(src/yolov8_ros/docs) by extension 'colcon_meta'
[0.316s] [34mcolcon.colcon_core.package_identification[0m [1;30mLevel 1[0m _identify(src/yolov8_ros/docs) by extensions ['ros']
[0.317s] [34mcolcon.colcon_core.package_identification[0m [1;30mLevel 1[0m _identify(src/yolov8_ros/docs) by extension 'ros'
[0.317s] [34mcolcon.colcon_core.package_identification[0m [1;30mLevel 1[0m _identify(src/yolov8_ros/docs) by extensions ['cmake', 'python']
[0.317s] [34mcolcon.colcon_core.package_identification[0m [1;30mLevel 1[0m _identify(src/yolov8_ros/docs) by extension 'cmake'
[0.317s] [34mcolcon.colcon_core.package_identification[0m [1;30mLevel 1[0m _identify(src/yolov8_ros/docs) by extension 'python'
[0.317s] [34mcolcon.colcon_core.package_identification[0m [1;30mLevel 1[0m _identify(src/yolov8_ros/docs) by extensions ['python_setup_py']
[0.317s] [34mcolcon.colcon_core.package_identification[0m [1;30mLevel 1[0m _identify(src/yolov8_ros/docs) by extension 'python_setup_py'
[0.317s] [34mcolcon.colcon_core.package_identification[0m [1;30mLevel 1[0m _identify(src/yolov8_ros/yolov8_bringup) by extensions ['ignore', 'ignore_ament_install']
[0.317s] [34mcolcon.colcon_core.package_identification[0m [1;30mLevel 1[0m _identify(src/yolov8_ros/yolov8_bringup) by extension 'ignore'
[0.317s] [34mcolcon.colcon_core.package_identification[0m [1;30mLevel 1[0m _identify(src/yolov8_ros/yolov8_bringup) by extension 'ignore_ament_install'
[0.317s] [34mcolcon.colcon_core.package_identification[0m [1;30mLevel 1[0m _identify(src/yolov8_ros/yolov8_bringup) by extensions ['colcon_pkg']
[0.317s] [34mcolcon.colcon_core.package_identification[0m [1;30mLevel 1[0m _identify(src/yolov8_ros/yolov8_bringup) by extension 'colcon_pkg'
[0.317s] [34mcolcon.colcon_core.package_identification[0m [1;30mLevel 1[0m _identify(src/yolov8_ros/yolov8_bringup) by extensions ['colcon_meta']
[0.317s] [34mcolcon.colcon_core.package_identification[0m [1;30mLevel 1[0m _identify(src/yolov8_ros/yolov8_bringup) by extension 'colcon_meta'
[0.317s] [34mcolcon.colcon_core.package_identification[0m [1;30mLevel 1[0m _identify(src/yolov8_ros/yolov8_bringup) by extensions ['ros']
[0.317s] [34mcolcon.colcon_core.package_identification[0m [1;30mLevel 1[0m _identify(src/yolov8_ros/yolov8_bringup) by extension 'ros'
[0.320s] [34mcolcon.colcon_core.package_identification[0m [1;30mDEBUG[0m [32mPackage 'src/yolov8_ros/yolov8_bringup' with type 'ros.ament_cmake' and name 'yolov8_bringup'[0m
[0.320s] [34mcolcon.colcon_core.package_identification[0m [1;30mLevel 1[0m _identify(src/yolov8_ros/yolov8_msgs) by extensions ['ignore', 'ignore_ament_install']
[0.320s] [34mcolcon.colcon_core.package_identification[0m [1;30mLevel 1[0m _identify(src/yolov8_ros/yolov8_msgs) by extension 'ignore'
[0.320s] [34mcolcon.colcon_core.package_identification[0m [1;30mLevel 1[0m _identify(src/yolov8_ros/yolov8_msgs) by extension 'ignore_ament_install'
[0.320s] [34mcolcon.colcon_core.package_identification[0m [1;30mLevel 1[0m _identify(src/yolov8_ros/yolov8_msgs) by extensions ['colcon_pkg']
[0.320s] [34mcolcon.colcon_core.package_identification[0m [1;30mLevel 1[0m _identify(src/yolov8_ros/yolov8_msgs) by extension 'colcon_pkg'
[0.320s] [34mcolcon.colcon_core.package_identification[0m [1;30mLevel 1[0m _identify(src/yolov8_ros/yolov8_msgs) by extensions ['colcon_meta']
[0.320s] [34mcolcon.colcon_core.package_identification[0m [1;30mLevel 1[0m _identify(src/yolov8_ros/yolov8_msgs) by extension 'colcon_meta'
[0.320s] [34mcolcon.colcon_core.package_identification[0m [1;30mLevel 1[0m _identify(src/yolov8_ros/yolov8_msgs) by extensions ['ros']
[0.320s] [34mcolcon.colcon_core.package_identification[0m [1;30mLevel 1[0m _identify(src/yolov8_ros/yolov8_msgs) by extension 'ros'
[0.321s] [34mcolcon.colcon_core.package_identification[0m [1;30mDEBUG[0m [32mPackage 'src/yolov8_ros/yolov8_msgs' with type 'ros.ament_cmake' and name 'yolov8_msgs'[0m
[0.321s] [34mcolcon.colcon_core.package_identification[0m [1;30mLevel 1[0m _identify(src/yolov8_ros/yolov8_ros) by extensions ['ignore', 'ignore_ament_install']
[0.321s] [34mcolcon.colcon_core.package_identification[0m [1;30mLevel 1[0m _identify(src/yolov8_ros/yolov8_ros) by extension 'ignore'
[0.321s] [34mcolcon.colcon_core.package_identification[0m [1;30mLevel 1[0m _identify(src/yolov8_ros/yolov8_ros) by extension 'ignore_ament_install'
[0.322s] [34mcolcon.colcon_core.package_identification[0m [1;30mLevel 1[0m _identify(src/yolov8_ros/yolov8_ros) by extensions ['colcon_pkg']
[0.322s] [34mcolcon.colcon_core.package_identification[0m [1;30mLevel 1[0m _identify(src/yolov8_ros/yolov8_ros) by extension 'colcon_pkg'
[0.322s] [34mcolcon.colcon_core.package_identification[0m [1;30mLevel 1[0m _identify(src/yolov8_ros/yolov8_ros) by extensions ['colcon_meta']
[0.322s] [34mcolcon.colcon_core.package_identification[0m [1;30mLevel 1[0m _identify(src/yolov8_ros/yolov8_ros) by extension 'colcon_meta'
[0.322s] [34mcolcon.colcon_core.package_identification[0m [1;30mLevel 1[0m _identify(src/yolov8_ros/yolov8_ros) by extensions ['ros']
[0.322s] [34mcolcon.colcon_core.package_identification[0m [1;30mLevel 1[0m _identify(src/yolov8_ros/yolov8_ros) by extension 'ros'
[0.322s] [34mcolcon.colcon_core.package_identification[0m [1;30mDEBUG[0m [32mPackage 'src/yolov8_ros/yolov8_ros' with type 'ros.ament_python' and name 'yolov8_ros'[0m
[0.322s] [34mcolcon.colcon_core.package_discovery[0m [1;30mLevel 1[0m discover_packages(recursive) using defaults
[0.323s] [34mcolcon.colcon_core.package_discovery[0m [1;30mLevel 1[0m discover_packages(ignore) discover
[0.323s] [34mcolcon.colcon_core.package_discovery[0m [1;30mLevel 1[0m discover_packages(ignore) using defaults
[0.323s] [34mcolcon.colcon_core.package_discovery[0m [1;30mLevel 1[0m discover_packages(path) discover
[0.323s] [34mcolcon.colcon_core.package_discovery[0m [1;30mLevel 1[0m discover_packages(path) using defaults
[0.336s] [34mcolcon.colcon_core.package_discovery[0m [1;30mLevel 1[0m discover_packages(prefix_path) check parameters
[0.336s] [34mcolcon.colcon_core.package_discovery[0m [1;30mLevel 1[0m discover_packages(prefix_path) discover
[0.338s] [34mcolcon.colcon_installed_package_information.package_discovery[0m [1;30mDEBUG[0m [32mFound 3 installed packages in /home/sw/detection_ws/install[0m
[0.339s] [34mcolcon.colcon_installed_package_information.package_discovery[0m [1;30mDEBUG[0m [32mFound 270 installed packages in /opt/ros/humble[0m
[0.340s] [34mcolcon.colcon_core.package_discovery[0m [1;30mLevel 1[0m discover_packages(prefix_path) using defaults
[0.372s] [34mcolcon.colcon_core.verb[0m [1;30mLevel 5[0m set package 'yolov8_msgs' build argument 'cmake_args' from command line to 'None'
[0.372s] [34mcolcon.colcon_core.verb[0m [1;30mLevel 5[0m set package 'yolov8_msgs' build argument 'cmake_target' from command line to 'None'
[0.372s] [34mcolcon.colcon_core.verb[0m [1;30mLevel 5[0m set package 'yolov8_msgs' build argument 'cmake_target_skip_unavailable' from command line to 'False'
[0.372s] [34mcolcon.colcon_core.verb[0m [1;30mLevel 5[0m set package 'yolov8_msgs' build argument 'cmake_clean_cache' from command line to 'False'
[0.372s] [34mcolcon.colcon_core.verb[0m [1;30mLevel 5[0m set package 'yolov8_msgs' build argument 'cmake_clean_first' from command line to 'False'
[0.372s] [34mcolcon.colcon_core.verb[0m [1;30mLevel 5[0m set package 'yolov8_msgs' build argument 'cmake_force_configure' from command line to 'False'
[0.372s] [34mcolcon.colcon_core.verb[0m [1;30mLevel 5[0m set package 'yolov8_msgs' build argument 'ament_cmake_args' from command line to 'None'
[0.372s] [34mcolcon.colcon_core.verb[0m [1;30mLevel 5[0m set package 'yolov8_msgs' build argument 'catkin_cmake_args' from command line to 'None'
[0.372s] [34mcolcon.colcon_core.verb[0m [1;30mLevel 5[0m set package 'yolov8_msgs' build argument 'catkin_skip_building_tests' from command line to 'False'
[0.372s] [34mcolcon.colcon_core.verb[0m [1;30mDEBUG[0m [32mBuilding package 'yolov8_msgs' with the following arguments: {'ament_cmake_args': None, 'build_base': '/home/sw/detection_ws/build/yolov8_msgs', 'catkin_cmake_args': None, 'catkin_skip_building_tests': False, 'cmake_args': None, 'cmake_clean_cache': False, 'cmake_clean_first': False, 'cmake_force_configure': False, 'cmake_target': None, 'cmake_target_skip_unavailable': False, 'install_base': '/home/sw/detection_ws/install/yolov8_msgs', 'merge_install': False, 'path': '/home/sw/detection_ws/src/yolov8_ros/yolov8_msgs', 'symlink_install': False, 'test_result_base': None}[0m
[0.373s] [34mcolcon.colcon_core.verb[0m [1;30mLevel 5[0m set package 'yolov8_ros' build argument 'cmake_args' from command line to 'None'
[0.373s] [34mcolcon.colcon_core.verb[0m [1;30mLevel 5[0m set package 'yolov8_ros' build argument 'cmake_target' from command line to 'None'
[0.373s] [34mcolcon.colcon_core.verb[0m [1;30mLevel 5[0m set package 'yolov8_ros' build argument 'cmake_target_skip_unavailable' from command line to 'False'
[0.373s] [34mcolcon.colcon_core.verb[0m [1;30mLevel 5[0m set package 'yolov8_ros' build argument 'cmake_clean_cache' from command line to 'False'
[0.373s] [34mcolcon.colcon_core.verb[0m [1;30mLevel 5[0m set package 'yolov8_ros' build argument 'cmake_clean_first' from command line to 'False'
[0.373s] [34mcolcon.colcon_core.verb[0m [1;30mLevel 5[0m set package 'yolov8_ros' build argument 'cmake_force_configure' from command line to 'False'
[0.373s] [34mcolcon.colcon_core.verb[0m [1;30mLevel 5[0m set package 'yolov8_ros' build argument 'ament_cmake_args' from command line to 'None'
[0.373s] [34mcolcon.colcon_core.verb[0m [1;30mLevel 5[0m set package 'yolov8_ros' build argument 'catkin_cmake_args' from command line to 'None'
[0.373s] [34mcolcon.colcon_core.verb[0m [1;30mLevel 5[0m set package 'yolov8_ros' build argument 'catkin_skip_building_tests' from command line to 'False'
[0.373s] [34mcolcon.colcon_core.verb[0m [1;30mDEBUG[0m [32mBuilding package 'yolov8_ros' with the following arguments: {'ament_cmake_args': None, 'build_base': '/home/sw/detection_ws/build/yolov8_ros', 'catkin_cmake_args': None, 'catkin_skip_building_tests': False, 'cmake_args': None, 'cmake_clean_cache': False, 'cmake_clean_first': False, 'cmake_force_configure': False, 'cmake_target': None, 'cmake_target_skip_unavailable': False, 'install_base': '/home/sw/detection_ws/install/yolov8_ros', 'merge_install': False, 'path': '/home/sw/detection_ws/src/yolov8_ros/yolov8_ros', 'symlink_install': False, 'test_result_base': None}[0m
[0.373s] [34mcolcon.colcon_core.verb[0m [1;30mLevel 5[0m set package 'yolov8_bringup' build argument 'cmake_args' from command line to 'None'
[0.373s] [34mcolcon.colcon_core.verb[0m [1;30mLevel 5[0m set package 'yolov8_bringup' build argument 'cmake_target' from command line to 'None'
[0.373s] [34mcolcon.colcon_core.verb[0m [1;30mLevel 5[0m set package 'yolov8_bringup' build argument 'cmake_target_skip_unavailable' from command line to 'False'
[0.373s] [34mcolcon.colcon_core.verb[0m [1;30mLevel 5[0m set package 'yolov8_bringup' build argument 'cmake_clean_cache' from command line to 'False'
[0.373s] [34mcolcon.colcon_core.verb[0m [1;30mLevel 5[0m set package 'yolov8_bringup' build argument 'cmake_clean_first' from command line to 'False'
[0.373s] [34mcolcon.colcon_core.verb[0m [1;30mLevel 5[0m set package 'yolov8_bringup' build argument 'cmake_force_configure' from command line to 'False'
[0.373s] [34mcolcon.colcon_core.verb[0m [1;30mLevel 5[0m set package 'yolov8_bringup' build argument 'ament_cmake_args' from command line to 'None'
[0.373s] [34mcolcon.colcon_core.verb[0m [1;30mLevel 5[0m set package 'yolov8_bringup' build argument 'catkin_cmake_args' from command line to 'None'
[0.373s] [34mcolcon.colcon_core.verb[0m [1;30mLevel 5[0m set package 'yolov8_bringup' build argument 'catkin_skip_building_tests' from command line to 'False'
[0.374s] [34mcolcon.colcon_core.verb[0m [1;30mDEBUG[0m [32mBuilding package 'yolov8_bringup' with the following arguments: {'ament_cmake_args': None, 'build_base': '/home/sw/detection_ws/build/yolov8_bringup', 'catkin_cmake_args': None, 'catkin_skip_building_tests': False, 'cmake_args': None, 'cmake_clean_cache': False, 'cmake_clean_first': False, 'cmake_force_configure': False, 'cmake_target': None, 'cmake_target_skip_unavailable': False, 'install_base': '/home/sw/detection_ws/install/yolov8_bringup', 'merge_install': False, 'path': '/home/sw/detection_ws/src/yolov8_ros/yolov8_bringup', 'symlink_install': False, 'test_result_base': None}[0m
[0.374s] [34mcolcon.colcon_core.executor[0m [1;30mINFO[0m Executing jobs using 'parallel' executor
[0.375s] [34mcolcon.colcon_parallel_executor.executor.parallel[0m [1;30mDEBUG[0m [32mrun_until_complete[0m
[0.375s] [34mcolcon.colcon_ros.task.ament_cmake.build[0m [1;30mINFO[0m Building ROS package in '/home/sw/detection_ws/src/yolov8_ros/yolov8_msgs' with build type 'ament_cmake'
[0.375s] [34mcolcon.colcon_cmake.task.cmake.build[0m [1;30mINFO[0m Building CMake package in '/home/sw/detection_ws/src/yolov8_ros/yolov8_msgs'
[0.377s] [34mcolcon.colcon_core.plugin_system[0m [1;30mINFO[0m Skipping extension 'colcon_core.shell.bat': Not used on non-Windows systems
[0.378s] [34mcolcon.colcon_core.shell[0m [1;30mINFO[0m Skip shell extension 'powershell' for command environment: Not usable outside of PowerShell
[0.378s] [34mcolcon.colcon_core.shell[0m [1;30mDEBUG[0m [32mSkip shell extension 'dsv' for command environment[0m
[0.388s] [34mcolcon.colcon_core.event_handler.log_command[0m [1;30mDEBUG[0m [32mInvoking command in '/home/sw/detection_ws/build/yolov8_msgs': CMAKE_PREFIX_PATH=${CMAKE_PREFIX_PATH}:/home/sw/detection_ws/install/yolov8_ros:/opt/ros/humble /usr/bin/cmake --build /home/sw/detection_ws/build/yolov8_msgs -- -j12 -l12[0m
[0.850s] [34mcolcon.colcon_core.event_handler.log_command[0m [1;30mDEBUG[0m [32mInvoked command in '/home/sw/detection_ws/build/yolov8_msgs' returned '0': CMAKE_PREFIX_PATH=${CMAKE_PREFIX_PATH}:/home/sw/detection_ws/install/yolov8_ros:/opt/ros/humble /usr/bin/cmake --build /home/sw/detection_ws/build/yolov8_msgs -- -j12 -l12[0m
[1.510s] [34mcolcon.colcon_core.event_handler.log_command[0m [1;30mDEBUG[0m [32mInvoking command in '/home/sw/detection_ws/build/yolov8_msgs': CMAKE_PREFIX_PATH=${CMAKE_PREFIX_PATH}:/home/sw/detection_ws/install/yolov8_ros:/opt/ros/humble /usr/bin/cmake --install /home/sw/detection_ws/build/yolov8_msgs[0m
[1.606s] [34mcolcon.colcon_core.environment[0m [1;30mLevel 1[0m create_environment_scripts_only(yolov8_msgs)
[1.607s] [34mcolcon.colcon_core.event_handler.log_command[0m [1;30mDEBUG[0m [32mInvoked command in '/home/sw/detection_ws/build/yolov8_msgs' returned '0': CMAKE_PREFIX_PATH=${CMAKE_PREFIX_PATH}:/home/sw/detection_ws/install/yolov8_ros:/opt/ros/humble /usr/bin/cmake --install /home/sw/detection_ws/build/yolov8_msgs[0m
[1.609s] [34mcolcon.colcon_core.environment[0m [1;30mLevel 1[0m checking '/home/sw/detection_ws/install/yolov8_msgs' for CMake module files
[1.610s] [34mcolcon.colcon_core.environment[0m [1;30mLevel 1[0m checking '/home/sw/detection_ws/install/yolov8_msgs' for CMake config files
[1.611s] [34mcolcon.colcon_core.shell[0m [1;30mLevel 1[0m create_environment_hook('yolov8_msgs', 'cmake_prefix_path')
[1.611s] [34mcolcon.colcon_core.shell[0m [1;30mINFO[0m Creating environment hook '/home/sw/detection_ws/install/yolov8_msgs/share/yolov8_msgs/hook/cmake_prefix_path.ps1'
[1.611s] [34mcolcon.colcon_core.shell[0m [1;30mINFO[0m Creating environment descriptor '/home/sw/detection_ws/install/yolov8_msgs/share/yolov8_msgs/hook/cmake_prefix_path.dsv'
[1.612s] [34mcolcon.colcon_core.shell[0m [1;30mINFO[0m Creating environment hook '/home/sw/detection_ws/install/yolov8_msgs/share/yolov8_msgs/hook/cmake_prefix_path.sh'
[1.613s] [34mcolcon.colcon_core.environment[0m [1;30mLevel 1[0m checking '/home/sw/detection_ws/install/yolov8_msgs/lib'
[1.613s] [34mcolcon.colcon_core.shell[0m [1;30mLevel 1[0m create_environment_hook('yolov8_msgs', 'ld_library_path_lib')
[1.613s] [34mcolcon.colcon_core.shell[0m [1;30mINFO[0m Creating environment hook '/home/sw/detection_ws/install/yolov8_msgs/share/yolov8_msgs/hook/ld_library_path_lib.ps1'
[1.614s] [34mcolcon.colcon_core.shell[0m [1;30mINFO[0m Creating environment descriptor '/home/sw/detection_ws/install/yolov8_msgs/share/yolov8_msgs/hook/ld_library_path_lib.dsv'
[1.614s] [34mcolcon.colcon_core.shell[0m [1;30mINFO[0m Creating environment hook '/home/sw/detection_ws/install/yolov8_msgs/share/yolov8_msgs/hook/ld_library_path_lib.sh'
[1.614s] [34mcolcon.colcon_core.environment[0m [1;30mLevel 1[0m checking '/home/sw/detection_ws/install/yolov8_msgs/bin'
[1.615s] [34mcolcon.colcon_core.environment[0m [1;30mLevel 1[0m checking '/home/sw/detection_ws/install/yolov8_msgs/lib/pkgconfig/yolov8_msgs.pc'
[1.615s] [34mcolcon.colcon_core.environment[0m [1;30mLevel 1[0m checking '/home/sw/detection_ws/install/yolov8_msgs/lib/python3.10/site-packages'
[1.615s] [34mcolcon.colcon_core.environment[0m [1;30mLevel 1[0m checking '/home/sw/detection_ws/install/yolov8_msgs/bin'
[1.615s] [34mcolcon.colcon_core.shell[0m [1;30mINFO[0m Creating package script '/home/sw/detection_ws/install/yolov8_msgs/share/yolov8_msgs/package.ps1'
[1.616s] [34mcolcon.colcon_core.shell[0m [1;30mINFO[0m Creating package descriptor '/home/sw/detection_ws/install/yolov8_msgs/share/yolov8_msgs/package.dsv'
[1.617s] [34mcolcon.colcon_core.shell[0m [1;30mINFO[0m Creating package script '/home/sw/detection_ws/install/yolov8_msgs/share/yolov8_msgs/package.sh'
[1.617s] [34mcolcon.colcon_core.shell[0m [1;30mINFO[0m Creating package script '/home/sw/detection_ws/install/yolov8_msgs/share/yolov8_msgs/package.bash'
[1.618s] [34mcolcon.colcon_core.shell[0m [1;30mINFO[0m Creating package script '/home/sw/detection_ws/install/yolov8_msgs/share/yolov8_msgs/package.zsh'
[1.619s] [34mcolcon.colcon_core.environment[0m [1;30mLevel 1[0m create_file_with_runtime_dependencies(/home/sw/detection_ws/install/yolov8_msgs/share/colcon-core/packages/yolov8_msgs)
[2.370s] [34mcolcon.colcon_core.environment[0m [1;30mLevel 1[0m create_environment_scripts_only(yolov8_msgs)
[2.371s] [34mcolcon.colcon_core.environment[0m [1;30mLevel 1[0m checking '/home/sw/detection_ws/install/yolov8_msgs' for CMake module files
[2.373s] [34mcolcon.colcon_core.environment[0m [1;30mLevel 1[0m checking '/home/sw/detection_ws/install/yolov8_msgs' for CMake config files
[2.375s] [34mcolcon.colcon_core.shell[0m [1;30mLevel 1[0m create_environment_hook('yolov8_msgs', 'cmake_prefix_path')
[2.375s] [34mcolcon.colcon_core.shell[0m [1;30mINFO[0m Creating environment hook '/home/sw/detection_ws/install/yolov8_msgs/share/yolov8_msgs/hook/cmake_prefix_path.ps1'
[2.377s] [34mcolcon.colcon_core.shell[0m [1;30mINFO[0m Creating environment descriptor '/home/sw/detection_ws/install/yolov8_msgs/share/yolov8_msgs/hook/cmake_prefix_path.dsv'
[2.378s] [34mcolcon.colcon_core.shell[0m [1;30mINFO[0m Creating environment hook '/home/sw/detection_ws/install/yolov8_msgs/share/yolov8_msgs/hook/cmake_prefix_path.sh'
[2.380s] [34mcolcon.colcon_core.environment[0m [1;30mLevel 1[0m checking '/home/sw/detection_ws/install/yolov8_msgs/lib'
[2.380s] [34mcolcon.colcon_core.shell[0m [1;30mLevel 1[0m create_environment_hook('yolov8_msgs', 'ld_library_path_lib')
[2.381s] [34mcolcon.colcon_core.shell[0m [1;30mINFO[0m Creating environment hook '/home/sw/detection_ws/install/yolov8_msgs/share/yolov8_msgs/hook/ld_library_path_lib.ps1'
[2.382s] [34mcolcon.colcon_core.shell[0m [1;30mINFO[0m Creating environment descriptor '/home/sw/detection_ws/install/yolov8_msgs/share/yolov8_msgs/hook/ld_library_path_lib.dsv'
[2.384s] [34mcolcon.colcon_core.shell[0m [1;30mINFO[0m Creating environment hook '/home/sw/detection_ws/install/yolov8_msgs/share/yolov8_msgs/hook/ld_library_path_lib.sh'
[2.385s] [34mcolcon.colcon_core.environment[0m [1;30mLevel 1[0m checking '/home/sw/detection_ws/install/yolov8_msgs/bin'
[2.385s] [34mcolcon.colcon_core.environment[0m [1;30mLevel 1[0m checking '/home/sw/detection_ws/install/yolov8_msgs/lib/pkgconfig/yolov8_msgs.pc'
[2.386s] [34mcolcon.colcon_core.environment[0m [1;30mLevel 1[0m checking '/home/sw/detection_ws/install/yolov8_msgs/lib/python3.10/site-packages'
[2.387s] [34mcolcon.colcon_core.environment[0m [1;30mLevel 1[0m checking '/home/sw/detection_ws/install/yolov8_msgs/bin'
[2.388s] [34mcolcon.colcon_core.shell[0m [1;30mINFO[0m Creating package script '/home/sw/detection_ws/install/yolov8_msgs/share/yolov8_msgs/package.ps1'
[2.390s] [34mcolcon.colcon_core.shell[0m [1;30mINFO[0m Creating package descriptor '/home/sw/detection_ws/install/yolov8_msgs/share/yolov8_msgs/package.dsv'
[2.392s] [34mcolcon.colcon_core.shell[0m [1;30mINFO[0m Creating package script '/home/sw/detection_ws/install/yolov8_msgs/share/yolov8_msgs/package.sh'
[2.394s] [34mcolcon.colcon_core.shell[0m [1;30mINFO[0m Creating package script '/home/sw/detection_ws/install/yolov8_msgs/share/yolov8_msgs/package.bash'
[2.395s] [34mcolcon.colcon_core.shell[0m [1;30mINFO[0m Creating package script '/home/sw/detection_ws/install/yolov8_msgs/share/yolov8_msgs/package.zsh'
[2.396s] [34mcolcon.colcon_core.environment[0m [1;30mLevel 1[0m create_file_with_runtime_dependencies(/home/sw/detection_ws/install/yolov8_msgs/share/colcon-core/packages/yolov8_msgs)
[2.397s] [34mcolcon.colcon_ros.task.ament_python.build[0m [1;30mINFO[0m Building ROS package in '/home/sw/detection_ws/src/yolov8_ros/yolov8_ros' with build type 'ament_python'
[2.397s] [34mcolcon.colcon_core.shell[0m [1;30mLevel 1[0m create_environment_hook('yolov8_ros', 'ament_prefix_path')
[2.398s] [34mcolcon.colcon_core.shell[0m [1;30mINFO[0m Creating environment hook '/home/sw/detection_ws/install/yolov8_ros/share/yolov8_ros/hook/ament_prefix_path.ps1'
[2.399s] [34mcolcon.colcon_core.shell[0m [1;30mINFO[0m Creating environment descriptor '/home/sw/detection_ws/install/yolov8_ros/share/yolov8_ros/hook/ament_prefix_path.dsv'
[2.401s] [34mcolcon.colcon_core.shell[0m [1;30mINFO[0m Creating environment hook '/home/sw/detection_ws/install/yolov8_ros/share/yolov8_ros/hook/ament_prefix_path.sh'
[2.402s] [34mcolcon.colcon_core.shell[0m [1;30mINFO[0m Skip shell extension 'powershell' for command environment: Not usable outside of PowerShell
[2.402s] [34mcolcon.colcon_core.shell[0m [1;30mDEBUG[0m [32mSkip shell extension 'dsv' for command environment[0m
[2.715s] [34mcolcon.colcon_core.task.python.build[0m [1;30mINFO[0m Building Python package in '/home/sw/detection_ws/src/yolov8_ros/yolov8_ros'
[2.715s] [34mcolcon.colcon_core.shell[0m [1;30mINFO[0m Skip shell extension 'powershell' for command environment: Not usable outside of PowerShell
[2.715s] [34mcolcon.colcon_core.shell[0m [1;30mDEBUG[0m [32mSkip shell extension 'dsv' for command environment[0m
[3.112s] [34mcolcon.colcon_core.event_handler.log_command[0m [1;30mDEBUG[0m [32mInvoking command in '/home/sw/detection_ws/src/yolov8_ros/yolov8_ros': CMAKE_PREFIX_PATH=/home/sw/detection_ws/install/yolov8_msgs:/home/sw/detection_ws/install/yolov8_bringup LD_LIBRARY_PATH=/home/sw/detection_ws/install/yolov8_msgs/lib:/opt/ros/humble/opt/rviz_ogre_vendor/lib:/opt/ros/humble/lib/x86_64-linux-gnu:/opt/ros/humble/lib:/usr/local/lib/:/usr/local/lib/ PYTHONPATH=/home/sw/detection_ws/build/yolov8_ros/prefix_override:/usr/lib/python3/dist-packages/colcon_core/task/python/colcon_distutils_commands:/home/sw/detection_ws/install/yolov8_ros/lib/python3.10/site-packages:${PYTHONPATH} /usr/bin/python3 -W ignore:setup.py install is deprecated setup.py egg_info --egg-base ../../../build/yolov8_ros build --build-base /home/sw/detection_ws/build/yolov8_ros/build install --record /home/sw/detection_ws/build/yolov8_ros/install.log --single-version-externally-managed install_data[0m
[3.438s] [34mcolcon.colcon_core.environment[0m [1;30mLevel 1[0m checking '/home/sw/detection_ws/install/yolov8_ros' for CMake module files
[3.438s] [34mcolcon.colcon_core.event_handler.log_command[0m [1;30mDEBUG[0m [32mInvoked command in '/home/sw/detection_ws/src/yolov8_ros/yolov8_ros' returned '0': CMAKE_PREFIX_PATH=/home/sw/detection_ws/install/yolov8_msgs:/home/sw/detection_ws/install/yolov8_bringup LD_LIBRARY_PATH=/home/sw/detection_ws/install/yolov8_msgs/lib:/opt/ros/humble/opt/rviz_ogre_vendor/lib:/opt/ros/humble/lib/x86_64-linux-gnu:/opt/ros/humble/lib:/usr/local/lib/:/usr/local/lib/ PYTHONPATH=/home/sw/detection_ws/build/yolov8_ros/prefix_override:/usr/lib/python3/dist-packages/colcon_core/task/python/colcon_distutils_commands:/home/sw/detection_ws/install/yolov8_ros/lib/python3.10/site-packages:${PYTHONPATH} /usr/bin/python3 -W ignore:setup.py install is deprecated setup.py egg_info --egg-base ../../../build/yolov8_ros build --build-base /home/sw/detection_ws/build/yolov8_ros/build install --record /home/sw/detection_ws/build/yolov8_ros/install.log --single-version-externally-managed install_data[0m
[3.439s] [34mcolcon.colcon_core.environment[0m [1;30mLevel 1[0m checking '/home/sw/detection_ws/install/yolov8_ros' for CMake config files
[3.439s] [34mcolcon.colcon_core.environment[0m [1;30mLevel 1[0m checking '/home/sw/detection_ws/install/yolov8_ros/lib'
[3.440s] [34mcolcon.colcon_core.environment[0m [1;30mLevel 1[0m checking '/home/sw/detection_ws/install/yolov8_ros/bin'
[3.440s] [34mcolcon.colcon_core.environment[0m [1;30mLevel 1[0m checking '/home/sw/detection_ws/install/yolov8_ros/lib/pkgconfig/yolov8_ros.pc'
[3.440s] [34mcolcon.colcon_core.environment[0m [1;30mLevel 1[0m checking '/home/sw/detection_ws/install/yolov8_ros/lib/python3.10/site-packages'
[3.440s] [34mcolcon.colcon_core.shell[0m [1;30mLevel 1[0m create_environment_hook('yolov8_ros', 'pythonpath')
[3.440s] [34mcolcon.colcon_core.shell[0m [1;30mINFO[0m Creating environment hook '/home/sw/detection_ws/install/yolov8_ros/share/yolov8_ros/hook/pythonpath.ps1'
[3.441s] [34mcolcon.colcon_core.shell[0m [1;30mINFO[0m Creating environment descriptor '/home/sw/detection_ws/install/yolov8_ros/share/yolov8_ros/hook/pythonpath.dsv'
[3.441s] [34mcolcon.colcon_core.shell[0m [1;30mINFO[0m Creating environment hook '/home/sw/detection_ws/install/yolov8_ros/share/yolov8_ros/hook/pythonpath.sh'
[3.442s] [34mcolcon.colcon_core.environment[0m [1;30mLevel 1[0m checking '/home/sw/detection_ws/install/yolov8_ros/bin'
[3.442s] [34mcolcon.colcon_core.environment[0m [1;30mLevel 1[0m create_environment_scripts_only(yolov8_ros)
[3.442s] [34mcolcon.colcon_core.shell[0m [1;30mINFO[0m Creating package script '/home/sw/detection_ws/install/yolov8_ros/share/yolov8_ros/package.ps1'
[3.442s] [34mcolcon.colcon_core.shell[0m [1;30mINFO[0m Creating package descriptor '/home/sw/detection_ws/install/yolov8_ros/share/yolov8_ros/package.dsv'
[3.443s] [34mcolcon.colcon_core.shell[0m [1;30mINFO[0m Creating package script '/home/sw/detection_ws/install/yolov8_ros/share/yolov8_ros/package.sh'
[3.443s] [34mcolcon.colcon_core.shell[0m [1;30mINFO[0m Creating package script '/home/sw/detection_ws/install/yolov8_ros/share/yolov8_ros/package.bash'
[3.444s] [34mcolcon.colcon_core.shell[0m [1;30mINFO[0m Creating package script '/home/sw/detection_ws/install/yolov8_ros/share/yolov8_ros/package.zsh'
[3.444s] [34mcolcon.colcon_core.environment[0m [1;30mLevel 1[0m create_file_with_runtime_dependencies(/home/sw/detection_ws/install/yolov8_ros/share/colcon-core/packages/yolov8_ros)
[3.444s] [34mcolcon.colcon_ros.task.ament_cmake.build[0m [1;30mINFO[0m Building ROS package in '/home/sw/detection_ws/src/yolov8_ros/yolov8_bringup' with build type 'ament_cmake'
[3.444s] [34mcolcon.colcon_cmake.task.cmake.build[0m [1;30mINFO[0m Building CMake package in '/home/sw/detection_ws/src/yolov8_ros/yolov8_bringup'
[3.445s] [34mcolcon.colcon_core.shell[0m [1;30mINFO[0m Skip shell extension 'powershell' for command environment: Not usable outside of PowerShell
[3.445s] [34mcolcon.colcon_core.shell[0m [1;30mDEBUG[0m [32mSkip shell extension 'dsv' for command environment[0m
[3.457s] [34mcolcon.colcon_core.event_handler.log_command[0m [1;30mDEBUG[0m [32mInvoking command in '/home/sw/detection_ws/build/yolov8_bringup': AMENT_PREFIX_PATH=/home/sw/detection_ws/install/yolov8_ros:/home/sw/detection_ws/install/yolov8_bringup:/home/sw/detection_ws/install/yolov8_msgs:/opt/ros/humble CMAKE_PREFIX_PATH=/home/sw/detection_ws/install/yolov8_msgs:/home/sw/detection_ws/install/yolov8_bringup:/home/sw/detection_ws/install/yolov8_ros:/opt/ros/humble LD_LIBRARY_PATH=/home/sw/detection_ws/install/yolov8_msgs/lib:/opt/ros/humble/opt/rviz_ogre_vendor/lib:/opt/ros/humble/lib/x86_64-linux-gnu:/opt/ros/humble/lib:/usr/local/lib/:/usr/local/lib/ /usr/bin/cmake --build /home/sw/detection_ws/build/yolov8_bringup -- -j12 -l12[0m
[3.500s] [34mcolcon.colcon_core.event_handler.log_command[0m [1;30mDEBUG[0m [32mInvoked command in '/home/sw/detection_ws/build/yolov8_bringup' returned '0': AMENT_PREFIX_PATH=/home/sw/detection_ws/install/yolov8_ros:/home/sw/detection_ws/install/yolov8_bringup:/home/sw/detection_ws/install/yolov8_msgs:/opt/ros/humble CMAKE_PREFIX_PATH=/home/sw/detection_ws/install/yolov8_msgs:/home/sw/detection_ws/install/yolov8_bringup:/home/sw/detection_ws/install/yolov8_ros:/opt/ros/humble LD_LIBRARY_PATH=/home/sw/detection_ws/install/yolov8_msgs/lib:/opt/ros/humble/opt/rviz_ogre_vendor/lib:/opt/ros/humble/lib/x86_64-linux-gnu:/opt/ros/humble/lib:/usr/local/lib/:/usr/local/lib/ /usr/bin/cmake --build /home/sw/detection_ws/build/yolov8_bringup -- -j12 -l12[0m
[3.538s] [34mcolcon.colcon_core.event_handler.log_command[0m [1;30mDEBUG[0m [32mInvoking command in '/home/sw/detection_ws/build/yolov8_bringup': AMENT_PREFIX_PATH=/home/sw/detection_ws/install/yolov8_ros:/home/sw/detection_ws/install/yolov8_bringup:/home/sw/detection_ws/install/yolov8_msgs:/opt/ros/humble CMAKE_PREFIX_PATH=/home/sw/detection_ws/install/yolov8_msgs:/home/sw/detection_ws/install/yolov8_bringup:/home/sw/detection_ws/install/yolov8_ros:/opt/ros/humble LD_LIBRARY_PATH=/home/sw/detection_ws/install/yolov8_msgs/lib:/opt/ros/humble/opt/rviz_ogre_vendor/lib:/opt/ros/humble/lib/x86_64-linux-gnu:/opt/ros/humble/lib:/usr/local/lib/:/usr/local/lib/ /usr/bin/cmake --install /home/sw/detection_ws/build/yolov8_bringup[0m
[3.564s] [34mcolcon.colcon_core.environment[0m [1;30mLevel 1[0m create_environment_scripts_only(yolov8_bringup)
[3.565s] [34mcolcon.colcon_core.environment[0m [1;30mLevel 1[0m checking '/home/sw/detection_ws/install/yolov8_bringup' for CMake module files
[3.566s] [34mcolcon.colcon_core.event_handler.log_command[0m [1;30mDEBUG[0m [32mInvoked command in '/home/sw/detection_ws/build/yolov8_bringup' returned '0': AMENT_PREFIX_PATH=/home/sw/detection_ws/install/yolov8_ros:/home/sw/detection_ws/install/yolov8_bringup:/home/sw/detection_ws/install/yolov8_msgs:/opt/ros/humble CMAKE_PREFIX_PATH=/home/sw/detection_ws/install/yolov8_msgs:/home/sw/detection_ws/install/yolov8_bringup:/home/sw/detection_ws/install/yolov8_ros:/opt/ros/humble LD_LIBRARY_PATH=/home/sw/detection_ws/install/yolov8_msgs/lib:/opt/ros/humble/opt/rviz_ogre_vendor/lib:/opt/ros/humble/lib/x86_64-linux-gnu:/opt/ros/humble/lib:/usr/local/lib/:/usr/local/lib/ /usr/bin/cmake --install /home/sw/detection_ws/build/yolov8_bringup[0m
[3.567s] [34mcolcon.colcon_core.environment[0m [1;30mLevel 1[0m checking '/home/sw/detection_ws/install/yolov8_bringup' for CMake config files
[3.568s] [34mcolcon.colcon_core.shell[0m [1;30mLevel 1[0m create_environment_hook('yolov8_bringup', 'cmake_prefix_path')
[3.569s] [34mcolcon.colcon_core.shell[0m [1;30mINFO[0m Creating environment hook '/home/sw/detection_ws/install/yolov8_bringup/share/yolov8_bringup/hook/cmake_prefix_path.ps1'
[3.570s] [34mcolcon.colcon_core.shell[0m [1;30mINFO[0m Creating environment descriptor '/home/sw/detection_ws/install/yolov8_bringup/share/yolov8_bringup/hook/cmake_prefix_path.dsv'
[3.571s] [34mcolcon.colcon_core.shell[0m [1;30mINFO[0m Creating environment hook '/home/sw/detection_ws/install/yolov8_bringup/share/yolov8_bringup/hook/cmake_prefix_path.sh'
[3.572s] [34mcolcon.colcon_core.environment[0m [1;30mLevel 1[0m checking '/home/sw/detection_ws/install/yolov8_bringup/bin'
[3.573s] [34mcolcon.colcon_core.environment[0m [1;30mLevel 1[0m checking '/home/sw/detection_ws/install/yolov8_bringup/lib/pkgconfig/yolov8_bringup.pc'
[3.573s] [34mcolcon.colcon_core.environment[0m [1;30mLevel 1[0m checking '/home/sw/detection_ws/install/yolov8_bringup/lib/python3.10/site-packages'
[3.574s] [34mcolcon.colcon_core.environment[0m [1;30mLevel 1[0m checking '/home/sw/detection_ws/install/yolov8_bringup/bin'
[3.575s] [34mcolcon.colcon_core.shell[0m [1;30mINFO[0m Creating package script '/home/sw/detection_ws/install/yolov8_bringup/share/yolov8_bringup/package.ps1'
[3.576s] [34mcolcon.colcon_core.shell[0m [1;30mINFO[0m Creating package descriptor '/home/sw/detection_ws/install/yolov8_bringup/share/yolov8_bringup/package.dsv'
[3.577s] [34mcolcon.colcon_core.shell[0m [1;30mINFO[0m Creating package script '/home/sw/detection_ws/install/yolov8_bringup/share/yolov8_bringup/package.sh'
[3.578s] [34mcolcon.colcon_core.shell[0m [1;30mINFO[0m Creating package script '/home/sw/detection_ws/install/yolov8_bringup/share/yolov8_bringup/package.bash'
[3.579s] [34mcolcon.colcon_core.shell[0m [1;30mINFO[0m Creating package script '/home/sw/detection_ws/install/yolov8_bringup/share/yolov8_bringup/package.zsh'
[3.580s] [34mcolcon.colcon_core.environment[0m [1;30mLevel 1[0m create_file_with_runtime_dependencies(/home/sw/detection_ws/install/yolov8_bringup/share/colcon-core/packages/yolov8_bringup)
[3.617s] [34mcolcon.colcon_core.environment[0m [1;30mLevel 1[0m create_environment_scripts_only(yolov8_bringup)
[3.617s] [34mcolcon.colcon_core.environment[0m [1;30mLevel 1[0m checking '/home/sw/detection_ws/install/yolov8_bringup' for CMake module files
[3.619s] [34mcolcon.colcon_core.environment[0m [1;30mLevel 1[0m checking '/home/sw/detection_ws/install/yolov8_bringup' for CMake config files
[3.619s] [34mcolcon.colcon_core.shell[0m [1;30mLevel 1[0m create_environment_hook('yolov8_bringup', 'cmake_prefix_path')
[3.620s] [34mcolcon.colcon_core.shell[0m [1;30mINFO[0m Creating environment hook '/home/sw/detection_ws/install/yolov8_bringup/share/yolov8_bringup/hook/cmake_prefix_path.ps1'
[3.620s] [34mcolcon.colcon_core.shell[0m [1;30mINFO[0m Creating environment descriptor '/home/sw/detection_ws/install/yolov8_bringup/share/yolov8_bringup/hook/cmake_prefix_path.dsv'
[3.621s] [34mcolcon.colcon_core.shell[0m [1;30mINFO[0m Creating environment hook '/home/sw/detection_ws/install/yolov8_bringup/share/yolov8_bringup/hook/cmake_prefix_path.sh'
[3.621s] [34mcolcon.colcon_core.environment[0m [1;30mLevel 1[0m checking '/home/sw/detection_ws/install/yolov8_bringup/bin'
[3.622s] [34mcolcon.colcon_core.environment[0m [1;30mLevel 1[0m checking '/home/sw/detection_ws/install/yolov8_bringup/lib/pkgconfig/yolov8_bringup.pc'
[3.622s] [34mcolcon.colcon_core.environment[0m [1;30mLevel 1[0m checking '/home/sw/detection_ws/install/yolov8_bringup/lib/python3.10/site-packages'
[3.622s] [34mcolcon.colcon_core.environment[0m [1;30mLevel 1[0m checking '/home/sw/detection_ws/install/yolov8_bringup/bin'
[3.623s] [34mcolcon.colcon_core.shell[0m [1;30mINFO[0m Creating package script '/home/sw/detection_ws/install/yolov8_bringup/share/yolov8_bringup/package.ps1'
[3.623s] [34mcolcon.colcon_core.shell[0m [1;30mINFO[0m Creating package descriptor '/home/sw/detection_ws/install/yolov8_bringup/share/yolov8_bringup/package.dsv'
[3.624s] [34mcolcon.colcon_core.shell[0m [1;30mINFO[0m Creating package script '/home/sw/detection_ws/install/yolov8_bringup/share/yolov8_bringup/package.sh'
[3.624s] [34mcolcon.colcon_core.shell[0m [1;30mINFO[0m Creating package script '/home/sw/detection_ws/install/yolov8_bringup/share/yolov8_bringup/package.bash'
[3.625s] [34mcolcon.colcon_core.shell[0m [1;30mINFO[0m Creating package script '/home/sw/detection_ws/install/yolov8_bringup/share/yolov8_bringup/package.zsh'
[3.625s] [34mcolcon.colcon_core.environment[0m [1;30mLevel 1[0m create_file_with_runtime_dependencies(/home/sw/detection_ws/install/yolov8_bringup/share/colcon-core/packages/yolov8_bringup)
[3.626s] [34mcolcon.colcon_parallel_executor.executor.parallel[0m [1;30mDEBUG[0m [32mclosing loop[0m
[3.626s] [34mcolcon.colcon_parallel_executor.executor.parallel[0m [1;30mDEBUG[0m [32mloop closed[0m
[3.626s] [34mcolcon.colcon_parallel_executor.executor.parallel[0m [1;30mDEBUG[0m [32mrun_until_complete finished with '0'[0m
[3.626s] [34mcolcon.colcon_core.event_reactor[0m [1;30mDEBUG[0m [32mjoining thread[0m
[3.633s] [34mcolcon.colcon_core.plugin_system[0m [1;30mINFO[0m Skipping extension 'colcon_notification.desktop_notification.terminal_notifier': Not used on non-Darwin systems
[3.634s] [34mcolcon.colcon_core.plugin_system[0m [1;30mINFO[0m Skipping extension 'colcon_notification.desktop_notification.win32': Not used on non-Windows systems
[3.634s] [34mcolcon.colcon_notification.desktop_notification[0m [1;30mINFO[0m Sending desktop notification using 'notify2'
[3.651s] [34mcolcon.colcon_core.event_reactor[0m [1;30mDEBUG[0m [32mjoined thread[0m
[3.651s] [34mcolcon.colcon_core.shell[0m [1;30mINFO[0m Creating prefix script '/home/sw/detection_ws/install/local_setup.ps1'
[3.653s] [34mcolcon.colcon_core.shell[0m [1;30mINFO[0m Creating prefix util module '/home/sw/detection_ws/install/_local_setup_util_ps1.py'
[3.655s] [34mcolcon.colcon_core.shell[0m [1;30mINFO[0m Creating prefix chain script '/home/sw/detection_ws/install/setup.ps1'
[3.657s] [34mcolcon.colcon_core.shell[0m [1;30mINFO[0m Creating prefix script '/home/sw/detection_ws/install/local_setup.sh'
[3.658s] [34mcolcon.colcon_core.shell[0m [1;30mINFO[0m Creating prefix util module '/home/sw/detection_ws/install/_local_setup_util_sh.py'
[3.659s] [34mcolcon.colcon_core.shell[0m [1;30mINFO[0m Creating prefix chain script '/home/sw/detection_ws/install/setup.sh'
[3.661s] [34mcolcon.colcon_core.shell[0m [1;30mINFO[0m Creating prefix script '/home/sw/detection_ws/install/local_setup.bash'
[3.662s] [34mcolcon.colcon_core.shell[0m [1;30mINFO[0m Creating prefix chain script '/home/sw/detection_ws/install/setup.bash'
[3.664s] [34mcolcon.colcon_core.shell[0m [1;30mINFO[0m Creating prefix script '/home/sw/detection_ws/install/local_setup.zsh'
[3.665s] [34mcolcon.colcon_core.shell[0m [1;30mINFO[0m Creating prefix chain script '/home/sw/detection_ws/install/setup.zsh'
